{"/workspace/src/router.ts": {"path":"/workspace/src/router.ts","statementMap":{"0":{"start":{"line":10,"column":4},"end":{"line":10,"column":12}},"1":{"start":{"line":11,"column":4},"end":{"line":11,"column":25}},"2":{"start":{"line":12,"column":4},"end":{"line":12,"column":37}},"3":{"start":{"line":19,"column":4},"end":{"line":19,"column":74}},"4":{"start":{"line":22,"column":17},"end":{"line":22,"column":59}},"5":{"start":{"line":23,"column":4},"end":{"line":26,"column":5}},"6":{"start":{"line":24,"column":6},"end":{"line":24,"column":49}},"7":{"start":{"line":25,"column":6},"end":{"line":25,"column":29}},"8":{"start":{"line":29,"column":4},"end":{"line":29,"column":79}},"9":{"start":{"line":30,"column":4},"end":{"line":30,"column":41}},"10":{"start":{"line":37,"column":4},"end":{"line":76,"column":5}},"11":{"start":{"line":39,"column":6},"end":{"line":43,"column":7}},"12":{"start":{"line":40,"column":8},"end":{"line":40,"column":80}},"13":{"start":{"line":41,"column":8},"end":{"line":41,"column":62}},"14":{"start":{"line":42,"column":8},"end":{"line":42,"column":20}},"15":{"start":{"line":46,"column":25},"end":{"line":46,"column":58}},"16":{"start":{"line":47,"column":6},"end":{"line":49,"column":7}},"17":{"start":{"line":48,"column":8},"end":{"line":48,"column":89}},"18":{"start":{"line":52,"column":31},"end":{"line":52,"column":86}},"19":{"start":{"line":53,"column":6},"end":{"line":54,"column":94}},"20":{"start":{"line":54,"column":34},"end":{"line":54,"column":91}},"21":{"start":{"line":56,"column":6},"end":{"line":58,"column":7}},"22":{"start":{"line":57,"column":8},"end":{"line":57,"column":71}},"23":{"start":{"line":62,"column":27},"end":{"line":62,"column":46}},"24":{"start":{"line":63,"column":6},"end":{"line":63,"column":64}},"25":{"start":{"line":66,"column":37},"end":{"line":69,"column":8}},"26":{"start":{"line":71,"column":6},"end":{"line":71,"column":59}},"27":{"start":{"line":72,"column":6},"end":{"line":72,"column":18}},"28":{"start":{"line":74,"column":6},"end":{"line":74,"column":32}},"29":{"start":{"line":75,"column":6},"end":{"line":75,"column":19}},"30":{"start":{"line":85,"column":4},"end":{"line":85,"column":32}},"31":{"start":{"line":94,"column":4},"end":{"line":94,"column":30}},"32":{"start":{"line":101,"column":20},"end":{"line":102,"column":67}},"33":{"start":{"line":104,"column":4},"end":{"line":104,"column":58}},"34":{"start":{"line":104,"column":34},"end":{"line":104,"column":56}},"35":{"start":{"line":111,"column":4},"end":{"line":115,"column":6}},"36":{"start":{"line":122,"column":4},"end":{"line":125,"column":6}},"37":{"start":{"line":132,"column":4},"end":{"line":135,"column":6}}},"fnMap":{"0":{"name":"(anonymous_0)","decl":{"start":{"line":9,"column":2},"end":{"line":9,"column":14}},"loc":{"start":{"line":9,"column":62},"end":{"line":13,"column":3}}},"1":{"name":"(anonymous_1)","decl":{"start":{"line":18,"column":10},"end":{"line":18,"column":29}},"loc":{"start":{"line":18,"column":46},"end":{"line":31,"column":3}}},"2":{"name":"(anonymous_2)","decl":{"start":{"line":36,"column":9},"end":{"line":36,"column":14}},"loc":{"start":{"line":36,"column":44},"end":{"line":77,"column":3}}},"3":{"name":"(anonymous_3)","decl":{"start":{"line":54,"column":29},"end":{"line":54,"column":30}},"loc":{"start":{"line":54,"column":34},"end":{"line":54,"column":91}}},"4":{"name":"(anonymous_4)","decl":{"start":{"line":82,"column":9},"end":{"line":82,"column":18}},"loc":{"start":{"line":83,"column":57},"end":{"line":86,"column":3}}},"5":{"name":"(anonymous_5)","decl":{"start":{"line":91,"column":9},"end":{"line":91,"column":16}},"loc":{"start":{"line":92,"column":35},"end":{"line":95,"column":3}}},"6":{"name":"(anonymous_6)","decl":{"start":{"line":100,"column":9},"end":{"line":100,"column":26}},"loc":{"start":{"line":100,"column":43},"end":{"line":105,"column":3}}},"7":{"name":"(anonymous_7)","decl":{"start":{"line":104,"column":24},"end":{"line":104,"column":30}},"loc":{"start":{"line":104,"column":34},"end":{"line":104,"column":56}}},"8":{"name":"(anonymous_8)","decl":{"start":{"line":110,"column":9},"end":{"line":110,"column":28}},"loc":{"start":{"line":110,"column":28},"end":{"line":116,"column":3}}},"9":{"name":"(anonymous_9)","decl":{"start":{"line":121,"column":9},"end":{"line":121,"column":27}},"loc":{"start":{"line":121,"column":63},"end":{"line":126,"column":3}}},"10":{"name":"(anonymous_10)","decl":{"start":{"line":131,"column":9},"end":{"line":131,"column":29}},"loc":{"start":{"line":131,"column":54},"end":{"line":136,"column":3}}}},"branchMap":{"0":{"loc":{"start":{"line":23,"column":4},"end":{"line":26,"column":5}},"type":"if","locations":[{"start":{"line":23,"column":4},"end":{"line":26,"column":5}}]},"1":{"loc":{"start":{"line":39,"column":6},"end":{"line":43,"column":7}},"type":"if","locations":[{"start":{"line":39,"column":6},"end":{"line":43,"column":7}}]},"2":{"loc":{"start":{"line":47,"column":6},"end":{"line":49,"column":7}},"type":"if","locations":[{"start":{"line":47,"column":6},"end":{"line":49,"column":7}}]},"3":{"loc":{"start":{"line":54,"column":46},"end":{"line":54,"column":88}},"type":"cond-expr","locations":[{"start":{"line":54,"column":60},"end":{"line":54,"column":71}},{"start":{"line":54,"column":74},"end":{"line":54,"column":88}}]},"4":{"loc":{"start":{"line":56,"column":6},"end":{"line":58,"column":7}},"type":"if","locations":[{"start":{"line":56,"column":6},"end":{"line":58,"column":7}}]}},"s":{"0":4,"1":4,"2":4,"3":2,"4":2,"5":2,"6":2,"7":2,"8":0,"9":0,"10":2,"11":2,"12":0,"13":0,"14":0,"15":2,"16":2,"17":0,"18":2,"19":2,"20":1,"21":2,"22":1,"23":1,"24":1,"25":1,"26":1,"27":1,"28":1,"29":1,"30":1,"31":1,"32":0,"33":0,"34":0,"35":0,"36":0,"37":0},"f":{"0":4,"1":2,"2":2,"3":1,"4":1,"5":1,"6":0,"7":0,"8":0,"9":0,"10":0},"b":{"0":[2],"1":[0],"2":[0],"3":[1,0],"4":[1]}}
,"/workspace/src/stateManager.ts": {"path":"/workspace/src/stateManager.ts","statementMap":{"0":{"start":{"line":10,"column":10},"end":{"line":10,"column":53}},"1":{"start":{"line":13,"column":4},"end":{"line":13,"column":29}},"2":{"start":{"line":14,"column":4},"end":{"line":14,"column":27}},"3":{"start":{"line":15,"column":4},"end":{"line":15,"column":25}},"4":{"start":{"line":18,"column":4},"end":{"line":21,"column":5}},"5":{"start":{"line":19,"column":25},"end":{"line":19,"column":96}},"6":{"start":{"line":20,"column":6},"end":{"line":20,"column":61}},"7":{"start":{"line":24,"column":4},"end":{"line":26,"column":33}},"8":{"start":{"line":25,"column":6},"end":{"line":25,"column":21}},"9":{"start":{"line":35,"column":4},"end":{"line":55,"column":5}},"10":{"start":{"line":36,"column":6},"end":{"line":54,"column":7}},"11":{"start":{"line":37,"column":8},"end":{"line":37,"column":46}},"12":{"start":{"line":40,"column":24},"end":{"line":40,"column":62}},"13":{"start":{"line":41,"column":8},"end":{"line":49,"column":9}},"14":{"start":{"line":43,"column":10},"end":{"line":48,"column":11}},"15":{"start":{"line":45,"column":12},"end":{"line":45,"column":37}},"16":{"start":{"line":46,"column":12},"end":{"line":46,"column":56}},"17":{"start":{"line":47,"column":12},"end":{"line":47,"column":48}},"18":{"start":{"line":51,"column":8},"end":{"line":51,"column":69}},"19":{"start":{"line":53,"column":8},"end":{"line":53,"column":69}},"20":{"start":{"line":62,"column":19},"end":{"line":66,"column":6}},"21":{"start":{"line":68,"column":4},"end":{"line":68,"column":40}},"22":{"start":{"line":71,"column":4},"end":{"line":77,"column":5}},"23":{"start":{"line":72,"column":6},"end":{"line":76,"column":7}},"24":{"start":{"line":73,"column":8},"end":{"line":73,"column":52}},"25":{"start":{"line":75,"column":8},"end":{"line":75,"column":71}},"26":{"start":{"line":84,"column":4},"end":{"line":84,"column":38}},"27":{"start":{"line":91,"column":19},"end":{"line":91,"column":45}},"28":{"start":{"line":92,"column":4},"end":{"line":104,"column":5}},"29":{"start":{"line":93,"column":6},"end":{"line":93,"column":27}},"30":{"start":{"line":94,"column":6},"end":{"line":94,"column":35}},"31":{"start":{"line":97,"column":6},"end":{"line":103,"column":7}},"32":{"start":{"line":98,"column":8},"end":{"line":102,"column":9}},"33":{"start":{"line":99,"column":10},"end":{"line":99,"column":54}},"34":{"start":{"line":101,"column":10},"end":{"line":101,"column":79}},"35":{"start":{"line":111,"column":26},"end":{"line":114,"column":6}},"36":{"start":{"line":116,"column":4},"end":{"line":116,"column":54}},"37":{"start":{"line":119,"column":4},"end":{"line":125,"column":5}},"38":{"start":{"line":120,"column":6},"end":{"line":124,"column":7}},"39":{"start":{"line":121,"column":8},"end":{"line":121,"column":59}},"40":{"start":{"line":123,"column":8},"end":{"line":123,"column":85}},"41":{"start":{"line":132,"column":19},"end":{"line":132,"column":45}},"42":{"start":{"line":133,"column":4},"end":{"line":135,"column":5}},"43":{"start":{"line":134,"column":6},"end":{"line":134,"column":35}},"44":{"start":{"line":142,"column":19},"end":{"line":142,"column":45}},"45":{"start":{"line":143,"column":4},"end":{"line":156,"column":5}},"46":{"start":{"line":144,"column":6},"end":{"line":144,"column":31}},"47":{"start":{"line":145,"column":6},"end":{"line":145,"column":50}},"48":{"start":{"line":146,"column":6},"end":{"line":146,"column":35}},"49":{"start":{"line":149,"column":6},"end":{"line":155,"column":7}},"50":{"start":{"line":150,"column":8},"end":{"line":154,"column":9}},"51":{"start":{"line":151,"column":10},"end":{"line":151,"column":54}},"52":{"start":{"line":153,"column":10},"end":{"line":153,"column":87}},"53":{"start":{"line":163,"column":4},"end":{"line":164,"column":66}},"54":{"start":{"line":164,"column":24},"end":{"line":164,"column":64}},"55":{"start":{"line":171,"column":28},"end":{"line":179,"column":6}},"56":{"start":{"line":180,"column":4},"end":{"line":180,"column":33}},"57":{"start":{"line":181,"column":4},"end":{"line":181,"column":16}},"58":{"start":{"line":188,"column":17},"end":{"line":188,"column":39}},"59":{"start":{"line":189,"column":4},"end":{"line":189,"column":27}},"60":{"start":{"line":189,"column":15},"end":{"line":189,"column":27}},"61":{"start":{"line":191,"column":24},"end":{"line":195,"column":6}},"62":{"start":{"line":196,"column":4},"end":{"line":196,"column":40}},"63":{"start":{"line":197,"column":4},"end":{"line":197,"column":23}},"64":{"start":{"line":204,"column":17},"end":{"line":204,"column":39}},"65":{"start":{"line":205,"column":4},"end":{"line":205,"column":27}},"66":{"start":{"line":205,"column":15},"end":{"line":205,"column":27}},"67":{"start":{"line":207,"column":21},"end":{"line":207,"column":38}},"68":{"start":{"line":208,"column":40},"end":{"line":208,"column":91}},"69":{"start":{"line":210,"column":24},"end":{"line":215,"column":6}},"70":{"start":{"line":216,"column":4},"end":{"line":216,"column":40}},"71":{"start":{"line":217,"column":4},"end":{"line":217,"column":23}},"72":{"start":{"line":224,"column":4},"end":{"line":224,"column":42}},"73":{"start":{"line":231,"column":4},"end":{"line":232,"column":50}},"74":{"start":{"line":232,"column":22},"end":{"line":232,"column":48}},"75":{"start":{"line":239,"column":16},"end":{"line":239,"column":36}},"76":{"start":{"line":242,"column":4},"end":{"line":246,"column":5}},"77":{"start":{"line":243,"column":6},"end":{"line":245,"column":7}},"78":{"start":{"line":244,"column":8},"end":{"line":244,"column":34}},"79":{"start":{"line":249,"column":4},"end":{"line":263,"column":5}},"80":{"start":{"line":250,"column":6},"end":{"line":262,"column":7}},"81":{"start":{"line":252,"column":8},"end":{"line":252,"column":38}},"82":{"start":{"line":255,"column":8},"end":{"line":261,"column":9}},"83":{"start":{"line":256,"column":10},"end":{"line":260,"column":11}},"84":{"start":{"line":257,"column":12},"end":{"line":257,"column":60}},"85":{"start":{"line":259,"column":12},"end":{"line":259,"column":86}},"86":{"start":{"line":270,"column":4},"end":{"line":270,"column":40}},"87":{"start":{"line":278,"column":4},"end":{"line":280,"column":5}},"88":{"start":{"line":279,"column":6},"end":{"line":279,"column":16}},"89":{"start":{"line":282,"column":4},"end":{"line":308,"column":5}},"90":{"start":{"line":284,"column":22},"end":{"line":284,"column":60}},"91":{"start":{"line":285,"column":45},"end":{"line":285,"column":47}},"92":{"start":{"line":287,"column":6},"end":{"line":302,"column":7}},"93":{"start":{"line":289,"column":8},"end":{"line":291,"column":9}},"94":{"start":{"line":290,"column":10},"end":{"line":290,"column":19}},"95":{"start":{"line":294,"column":8},"end":{"line":301,"column":9}},"96":{"start":{"line":297,"column":10},"end":{"line":297,"column":35}},"97":{"start":{"line":298,"column":10},"end":{"line":298,"column":53}},"98":{"start":{"line":299,"column":10},"end":{"line":299,"column":46}},"99":{"start":{"line":300,"column":10},"end":{"line":300,"column":40}},"100":{"start":{"line":304,"column":6},"end":{"line":304,"column":30}},"101":{"start":{"line":306,"column":6},"end":{"line":306,"column":68}},"102":{"start":{"line":307,"column":6},"end":{"line":307,"column":16}}},"fnMap":{"0":{"name":"(anonymous_0)","decl":{"start":{"line":12,"column":2},"end":{"line":12,"column":14}},"loc":{"start":{"line":12,"column":40},"end":{"line":27,"column":3}}},"1":{"name":"(anonymous_1)","decl":{"start":{"line":24,"column":39},"end":{"line":24,"column":42}},"loc":{"start":{"line":24,"column":44},"end":{"line":26,"column":5}}},"2":{"name":"(anonymous_2)","decl":{"start":{"line":33,"column":9},"end":{"line":33,"column":14}},"loc":{"start":{"line":33,"column":25},"end":{"line":56,"column":3}}},"3":{"name":"(anonymous_3)","decl":{"start":{"line":61,"column":9},"end":{"line":61,"column":14}},"loc":{"start":{"line":61,"column":52},"end":{"line":78,"column":3}}},"4":{"name":"(anonymous_4)","decl":{"start":{"line":83,"column":9},"end":{"line":83,"column":18}},"loc":{"start":{"line":83,"column":35},"end":{"line":85,"column":3}}},"5":{"name":"(anonymous_5)","decl":{"start":{"line":90,"column":9},"end":{"line":90,"column":14}},"loc":{"start":{"line":90,"column":73},"end":{"line":105,"column":3}}},"6":{"name":"(anonymous_6)","decl":{"start":{"line":110,"column":9},"end":{"line":110,"column":14}},"loc":{"start":{"line":110,"column":46},"end":{"line":126,"column":3}}},"7":{"name":"(anonymous_7)","decl":{"start":{"line":131,"column":9},"end":{"line":131,"column":29}},"loc":{"start":{"line":131,"column":46},"end":{"line":136,"column":3}}},"8":{"name":"(anonymous_8)","decl":{"start":{"line":141,"column":9},"end":{"line":141,"column":14}},"loc":{"start":{"line":141,"column":48},"end":{"line":157,"column":3}}},"9":{"name":"(anonymous_9)","decl":{"start":{"line":162,"column":9},"end":{"line":162,"column":34}},"loc":{"start":{"line":162,"column":69},"end":{"line":165,"column":3}}},"10":{"name":"(anonymous_10)","decl":{"start":{"line":164,"column":14},"end":{"line":164,"column":20}},"loc":{"start":{"line":164,"column":24},"end":{"line":164,"column":64}}},"11":{"name":"(anonymous_11)","decl":{"start":{"line":170,"column":9},"end":{"line":170,"column":19}},"loc":{"start":{"line":170,"column":73},"end":{"line":182,"column":3}}},"12":{"name":"(anonymous_12)","decl":{"start":{"line":187,"column":9},"end":{"line":187,"column":19}},"loc":{"start":{"line":187,"column":63},"end":{"line":198,"column":3}}},"13":{"name":"(anonymous_13)","decl":{"start":{"line":203,"column":9},"end":{"line":203,"column":30}},"loc":{"start":{"line":203,"column":45},"end":{"line":218,"column":3}}},"14":{"name":"(anonymous_14)","decl":{"start":{"line":223,"column":9},"end":{"line":223,"column":16}},"loc":{"start":{"line":223,"column":31},"end":{"line":225,"column":3}}},"15":{"name":"(anonymous_15)","decl":{"start":{"line":230,"column":9},"end":{"line":230,"column":23}},"loc":{"start":{"line":230,"column":40},"end":{"line":233,"column":3}}},"16":{"name":"(anonymous_16)","decl":{"start":{"line":232,"column":14},"end":{"line":232,"column":18}},"loc":{"start":{"line":232,"column":22},"end":{"line":232,"column":48}}},"17":{"name":"(anonymous_17)","decl":{"start":{"line":238,"column":10},"end":{"line":238,"column":15}},"loc":{"start":{"line":238,"column":23},"end":{"line":264,"column":3}}},"18":{"name":"(anonymous_18)","decl":{"start":{"line":269,"column":9},"end":{"line":269,"column":16}},"loc":{"start":{"line":269,"column":16},"end":{"line":271,"column":3}}},"19":{"name":"(anonymous_19)","decl":{"start":{"line":277,"column":9},"end":{"line":277,"column":14}},"loc":{"start":{"line":277,"column":33},"end":{"line":309,"column":3}}}},"branchMap":{"0":{"loc":{"start":{"line":18,"column":4},"end":{"line":21,"column":5}},"type":"if","locations":[{"start":{"line":18,"column":4},"end":{"line":21,"column":5}}]},"1":{"loc":{"start":{"line":19,"column":25},"end":{"line":19,"column":96}},"type":"binary-expr","locations":[{"start":{"line":19,"column":25},"end":{"line":19,"column":54}},{"start":{"line":19,"column":58},"end":{"line":19,"column":96}}]},"2":{"loc":{"start":{"line":35,"column":4},"end":{"line":55,"column":5}},"type":"if","locations":[{"start":{"line":35,"column":4},"end":{"line":55,"column":5}}]},"3":{"loc":{"start":{"line":43,"column":10},"end":{"line":48,"column":11}},"type":"if","locations":[{"start":{"line":43,"column":10},"end":{"line":48,"column":11}}]},"4":{"loc":{"start":{"line":71,"column":4},"end":{"line":77,"column":5}},"type":"if","locations":[{"start":{"line":71,"column":4},"end":{"line":77,"column":5}}]},"5":{"loc":{"start":{"line":92,"column":4},"end":{"line":104,"column":5}},"type":"if","locations":[{"start":{"line":92,"column":4},"end":{"line":104,"column":5}}]},"6":{"loc":{"start":{"line":97,"column":6},"end":{"line":103,"column":7}},"type":"if","locations":[{"start":{"line":97,"column":6},"end":{"line":103,"column":7}}]},"7":{"loc":{"start":{"line":119,"column":4},"end":{"line":125,"column":5}},"type":"if","locations":[{"start":{"line":119,"column":4},"end":{"line":125,"column":5}}]},"8":{"loc":{"start":{"line":133,"column":4},"end":{"line":135,"column":5}},"type":"if","locations":[{"start":{"line":133,"column":4},"end":{"line":135,"column":5}}]},"9":{"loc":{"start":{"line":143,"column":4},"end":{"line":156,"column":5}},"type":"if","locations":[{"start":{"line":143,"column":4},"end":{"line":156,"column":5}}]},"10":{"loc":{"start":{"line":149,"column":6},"end":{"line":155,"column":7}},"type":"if","locations":[{"start":{"line":149,"column":6},"end":{"line":155,"column":7}}]},"11":{"loc":{"start":{"line":164,"column":24},"end":{"line":164,"column":64}},"type":"binary-expr","locations":[{"start":{"line":164,"column":24},"end":{"line":164,"column":44}},{"start":{"line":164,"column":48},"end":{"line":164,"column":64}}]},"12":{"loc":{"start":{"line":189,"column":4},"end":{"line":189,"column":27}},"type":"if","locations":[{"start":{"line":189,"column":4},"end":{"line":189,"column":27}}]},"13":{"loc":{"start":{"line":205,"column":4},"end":{"line":205,"column":27}},"type":"if","locations":[{"start":{"line":205,"column":4},"end":{"line":205,"column":27}}]},"14":{"loc":{"start":{"line":208,"column":40},"end":{"line":208,"column":91}},"type":"cond-expr","locations":[{"start":{"line":208,"column":71},"end":{"line":208,"column":79}},{"start":{"line":208,"column":82},"end":{"line":208,"column":91}}]},"15":{"loc":{"start":{"line":224,"column":11},"end":{"line":224,"column":41}},"type":"binary-expr","locations":[{"start":{"line":224,"column":11},"end":{"line":224,"column":33}},{"start":{"line":224,"column":37},"end":{"line":224,"column":41}}]},"16":{"loc":{"start":{"line":243,"column":6},"end":{"line":245,"column":7}},"type":"if","locations":[{"start":{"line":243,"column":6},"end":{"line":245,"column":7}}]},"17":{"loc":{"start":{"line":250,"column":6},"end":{"line":262,"column":7}},"type":"if","locations":[{"start":{"line":250,"column":6},"end":{"line":262,"column":7}}]},"18":{"loc":{"start":{"line":250,"column":10},"end":{"line":251,"column":72}},"type":"binary-expr","locations":[{"start":{"line":250,"column":10},"end":{"line":250,"column":27}},{"start":{"line":251,"column":10},"end":{"line":251,"column":72}}]},"19":{"loc":{"start":{"line":255,"column":8},"end":{"line":261,"column":9}},"type":"if","locations":[{"start":{"line":255,"column":8},"end":{"line":261,"column":9}}]},"20":{"loc":{"start":{"line":278,"column":4},"end":{"line":280,"column":5}},"type":"if","locations":[{"start":{"line":278,"column":4},"end":{"line":280,"column":5}}]},"21":{"loc":{"start":{"line":289,"column":8},"end":{"line":291,"column":9}},"type":"if","locations":[{"start":{"line":289,"column":8},"end":{"line":291,"column":9}}]},"22":{"loc":{"start":{"line":289,"column":12},"end":{"line":289,"column":81}},"type":"binary-expr","locations":[{"start":{"line":289,"column":12},"end":{"line":289,"column":39}},{"start":{"line":289,"column":43},"end":{"line":289,"column":81}}]},"23":{"loc":{"start":{"line":294,"column":8},"end":{"line":301,"column":9}},"type":"if","locations":[{"start":{"line":294,"column":8},"end":{"line":301,"column":9}}]},"24":{"loc":{"start":{"line":294,"column":12},"end":{"line":294,"column":67}},"type":"binary-expr","locations":[{"start":{"line":294,"column":12},"end":{"line":294,"column":46}},{"start":{"line":294,"column":50},"end":{"line":294,"column":67}}]}},"s":{"0":4,"1":4,"2":4,"3":4,"4":4,"5":0,"6":0,"7":4,"8":0,"9":0,"10":0,"11":0,"12":0,"13":0,"14":0,"15":0,"16":0,"17":0,"18":0,"19":0,"20":2,"21":2,"22":2,"23":0,"24":0,"25":0,"26":0,"27":0,"28":0,"29":0,"30":0,"31":0,"32":0,"33":0,"34":0,"35":0,"36":0,"37":0,"38":0,"39":0,"40":0,"41":0,"42":0,"43":0,"44":0,"45":0,"46":0,"47":0,"48":0,"49":0,"50":0,"51":0,"52":0,"53":3,"54":2,"55":1,"56":1,"57":1,"58":0,"59":0,"60":0,"61":0,"62":0,"63":0,"64":1,"65":1,"66":0,"67":1,"68":1,"69":1,"70":1,"71":1,"72":0,"73":0,"74":0,"75":0,"76":0,"77":0,"78":0,"79":0,"80":0,"81":0,"82":0,"83":0,"84":0,"85":0,"86":4,"87":0,"88":0,"89":0,"90":0,"91":0,"92":0,"93":0,"94":0,"95":0,"96":0,"97":0,"98":0,"99":0,"100":0,"101":0,"102":0},"f":{"0":4,"1":0,"2":0,"3":2,"4":0,"5":0,"6":0,"7":0,"8":0,"9":3,"10":2,"11":1,"12":0,"13":1,"14":0,"15":0,"16":0,"17":0,"18":4,"19":0},"b":{"0":[0],"1":[0,0],"2":[0],"3":[0],"4":[0],"5":[0],"6":[0],"7":[0],"8":[0],"9":[0],"10":[0],"11":[2,2],"12":[0],"13":[0],"14":[0,1],"15":[0,0],"16":[0],"17":[0],"18":[0,0],"19":[0],"20":[0],"21":[0],"22":[0,0],"23":[0],"24":[0,0]}}
,"/workspace/src/types.ts": {"path":"/workspace/src/types.ts","statementMap":{"0":{"start":{"line":7,"column":0},"end":{"line":7,"column":null}},"1":{"start":{"line":8,"column":2},"end":{"line":8,"column":null}},"2":{"start":{"line":9,"column":2},"end":{"line":9,"column":null}},"3":{"start":{"line":10,"column":2},"end":{"line":10,"column":null}},"4":{"start":{"line":11,"column":2},"end":{"line":11,"column":null}},"5":{"start":{"line":12,"column":2},"end":{"line":12,"column":null}},"6":{"start":{"line":13,"column":2},"end":{"line":13,"column":null}},"7":{"start":{"line":14,"column":2},"end":{"line":14,"column":null}}},"fnMap":{"0":{"name":"(anonymous_0)","decl":{"start":{"line":7,"column":0},"end":{"line":7,"column":6}},"loc":{"start":{"line":7,"column":27},"end":{"line":15,"column":1}}}},"branchMap":{"0":{"loc":{"start":{"line":7,"column":12},"end":{"line":7,"column":null}},"type":"binary-expr","locations":[{"start":{"line":7,"column":12},"end":{"line":7,"column":27}},{"start":{"line":7,"column":12},"end":{"line":7,"column":null}}]}},"s":{"0":1,"1":1,"2":1,"3":1,"4":1,"5":1,"6":1,"7":1},"f":{"0":1},"b":{"0":[1,1]}}
,"/workspace/src/generation/promptAnalyzer.ts": {"path":"/workspace/src/generation/promptAnalyzer.ts","statementMap":{"0":{"start":{"line":45,"column":27},"end":{"line":45,"column":72}},"1":{"start":{"line":47,"column":32},"end":{"line":47,"column":96}},"2":{"start":{"line":48,"column":28},"end":{"line":170,"column":2}},"3":{"start":{"line":174,"column":19},"end":{"line":203,"column":4}},"4":{"start":{"line":206,"column":25},"end":{"line":206,"column":63}},"5":{"start":{"line":207,"column":29},"end":{"line":207,"column":65}},"6":{"start":{"line":208,"column":29},"end":{"line":208,"column":57}},"7":{"start":{"line":209,"column":48},"end":{"line":209,"column":80}},"8":{"start":{"line":211,"column":4},"end":{"line":216,"column":6}},"9":{"start":{"line":222,"column":47},"end":{"line":222,"column":49}},"10":{"start":{"line":223,"column":51},"end":{"line":223,"column":53}},"11":{"start":{"line":226,"column":4},"end":{"line":244,"column":5}},"12":{"start":{"line":227,"column":6},"end":{"line":243,"column":7}},"13":{"start":{"line":228,"column":8},"end":{"line":234,"column":9}},"14":{"start":{"line":229,"column":10},"end":{"line":233,"column":13}},"15":{"start":{"line":236,"column":8},"end":{"line":242,"column":9}},"16":{"start":{"line":237,"column":10},"end":{"line":241,"column":13}},"17":{"start":{"line":247,"column":4},"end":{"line":265,"column":5}},"18":{"start":{"line":248,"column":6},"end":{"line":264,"column":7}},"19":{"start":{"line":249,"column":8},"end":{"line":255,"column":9}},"20":{"start":{"line":250,"column":10},"end":{"line":254,"column":13}},"21":{"start":{"line":257,"column":8},"end":{"line":263,"column":9}},"22":{"start":{"line":258,"column":10},"end":{"line":262,"column":13}},"23":{"start":{"line":267,"column":4},"end":{"line":271,"column":6}},"24":{"start":{"line":275,"column":45},"end":{"line":278,"column":6}},"25":{"start":{"line":281,"column":4},"end":{"line":296,"column":5}},"26":{"start":{"line":282,"column":6},"end":{"line":295,"column":7}},"27":{"start":{"line":283,"column":8},"end":{"line":283,"column":60}},"28":{"start":{"line":285,"column":8},"end":{"line":294,"column":9}},"29":{"start":{"line":286,"column":10},"end":{"line":289,"column":12}},"30":{"start":{"line":291,"column":10},"end":{"line":293,"column":12}},"31":{"start":{"line":298,"column":4},"end":{"line":298,"column":24}},"32":{"start":{"line":303,"column":29},"end":{"line":306,"column":6}},"33":{"start":{"line":309,"column":4},"end":{"line":328,"column":5}},"34":{"start":{"line":310,"column":6},"end":{"line":310,"column":26}},"35":{"start":{"line":311,"column":6},"end":{"line":318,"column":8}},"36":{"start":{"line":319,"column":11},"end":{"line":328,"column":5}},"37":{"start":{"line":320,"column":6},"end":{"line":320,"column":27}},"38":{"start":{"line":321,"column":6},"end":{"line":327,"column":8}},"39":{"start":{"line":330,"column":4},"end":{"line":330,"column":16}},"40":{"start":{"line":334,"column":37},"end":{"line":339,"column":6}},"41":{"start":{"line":342,"column":4},"end":{"line":347,"column":5}},"42":{"start":{"line":343,"column":6},"end":{"line":346,"column":9}},"43":{"start":{"line":349,"column":4},"end":{"line":354,"column":5}},"44":{"start":{"line":350,"column":6},"end":{"line":353,"column":9}},"45":{"start":{"line":357,"column":4},"end":{"line":362,"column":5}},"46":{"start":{"line":358,"column":6},"end":{"line":361,"column":9}},"47":{"start":{"line":364,"column":4},"end":{"line":364,"column":20}},"48":{"start":{"line":373,"column":60},"end":{"line":373,"column":62}},"49":{"start":{"line":375,"column":4},"end":{"line":375,"column":140}},"50":{"start":{"line":377,"column":4},"end":{"line":379,"column":5}},"51":{"start":{"line":378,"column":6},"end":{"line":378,"column":62}},"52":{"start":{"line":382,"column":29},"end":{"line":382,"column":84}},"53":{"start":{"line":384,"column":4},"end":{"line":407,"column":5}},"54":{"start":{"line":385,"column":26},"end":{"line":385,"column":36}},"55":{"start":{"line":386,"column":25},"end":{"line":386,"column":41}},"56":{"start":{"line":387,"column":23},"end":{"line":387,"column":37}},"57":{"start":{"line":390,"column":6},"end":{"line":406,"column":7}},"58":{"start":{"line":391,"column":30},"end":{"line":391,"column":38}},"59":{"start":{"line":392,"column":21},"end":{"line":392,"column":61}},"60":{"start":{"line":395,"column":38},"end":{"line":395,"column":64}},"61":{"start":{"line":396,"column":29},"end":{"line":396,"column":96}},"62":{"start":{"line":399,"column":8},"end":{"line":402,"column":9}},"63":{"start":{"line":400,"column":10},"end":{"line":400,"column":59}},"64":{"start":{"line":401,"column":10},"end":{"line":401,"column":79}},"65":{"start":{"line":405,"column":8},"end":{"line":405,"column":89}},"66":{"start":{"line":409,"column":41},"end":{"line":412,"column":6}},"67":{"start":{"line":414,"column":4},"end":{"line":414,"column":25}},"68":{"start":{"line":421,"column":21},"end":{"line":421,"column":66}},"69":{"start":{"line":422,"column":4},"end":{"line":424,"column":5}},"70":{"start":{"line":423,"column":6},"end":{"line":423,"column":19}},"71":{"start":{"line":427,"column":4},"end":{"line":429,"column":5}},"72":{"start":{"line":428,"column":6},"end":{"line":428,"column":19}},"73":{"start":{"line":431,"column":4},"end":{"line":433,"column":5}},"74":{"start":{"line":432,"column":8},"end":{"line":432,"column":21}},"75":{"start":{"line":435,"column":4},"end":{"line":437,"column":5}},"76":{"start":{"line":436,"column":8},"end":{"line":436,"column":21}},"77":{"start":{"line":439,"column":4},"end":{"line":441,"column":5}},"78":{"start":{"line":440,"column":8},"end":{"line":440,"column":21}},"79":{"start":{"line":444,"column":4},"end":{"line":446,"column":5}},"80":{"start":{"line":445,"column":6},"end":{"line":445,"column":19}},"81":{"start":{"line":449,"column":4},"end":{"line":451,"column":5}},"82":{"start":{"line":450,"column":6},"end":{"line":450,"column":18}},"83":{"start":{"line":454,"column":26},"end":{"line":454,"column":89}},"84":{"start":{"line":457,"column":4},"end":{"line":459,"column":5}},"85":{"start":{"line":458,"column":6},"end":{"line":458,"column":18}},"86":{"start":{"line":462,"column":4},"end":{"line":464,"column":5}},"87":{"start":{"line":463,"column":6},"end":{"line":463,"column":18}},"88":{"start":{"line":467,"column":4},"end":{"line":469,"column":5}},"89":{"start":{"line":468,"column":8},"end":{"line":468,"column":20}},"90":{"start":{"line":472,"column":22},"end":{"line":472,"column":64}},"91":{"start":{"line":473,"column":4},"end":{"line":476,"column":5}},"92":{"start":{"line":475,"column":8},"end":{"line":475,"column":21}},"93":{"start":{"line":478,"column":4},"end":{"line":480,"column":5}},"94":{"start":{"line":479,"column":9},"end":{"line":479,"column":22}},"95":{"start":{"line":483,"column":18},"end":{"line":483,"column":59}},"96":{"start":{"line":484,"column":4},"end":{"line":486,"column":5}},"97":{"start":{"line":485,"column":6},"end":{"line":485,"column":18}},"98":{"start":{"line":489,"column":4},"end":{"line":489,"column":16}},"99":{"start":{"line":496,"column":83},"end":{"line":496,"column":85}},"100":{"start":{"line":499,"column":24},"end":{"line":499,"column":109}},"101":{"start":{"line":501,"column":4},"end":{"line":518,"column":5}},"102":{"start":{"line":503,"column":8},"end":{"line":513,"column":9}},"103":{"start":{"line":504,"column":32},"end":{"line":504,"column":40}},"104":{"start":{"line":507,"column":31},"end":{"line":507,"column":87}},"105":{"start":{"line":508,"column":12},"end":{"line":512,"column":15}},"106":{"start":{"line":515,"column":8},"end":{"line":517,"column":9}},"107":{"start":{"line":516,"column":12},"end":{"line":516,"column":36}},"108":{"start":{"line":519,"column":4},"end":{"line":519,"column":19}},"109":{"start":{"line":527,"column":18},"end":{"line":527,"column":34}},"110":{"start":{"line":528,"column":4},"end":{"line":533,"column":5}},"111":{"start":{"line":529,"column":8},"end":{"line":532,"column":10}},"112":{"start":{"line":534,"column":4},"end":{"line":534,"column":16}},"113":{"start":{"line":538,"column":4},"end":{"line":538,"column":44}},"114":{"start":{"line":542,"column":4},"end":{"line":542,"column":44}}},"fnMap":{"0":{"name":"(anonymous_0)","decl":{"start":{"line":172,"column":0},"end":{"line":172,"column":6}},"loc":{"start":{"line":172,"column":0},"end":{"line":544,"column":1}}},"1":{"name":"(anonymous_1)","decl":{"start":{"line":205,"column":2},"end":{"line":205,"column":7}},"loc":{"start":{"line":205,"column":36},"end":{"line":217,"column":3}}},"2":{"name":"(anonymous_2)","decl":{"start":{"line":219,"column":2},"end":{"line":219,"column":7}},"loc":{"start":{"line":220,"column":36},"end":{"line":272,"column":3}}},"3":{"name":"(anonymous_3)","decl":{"start":{"line":274,"column":10},"end":{"line":274,"column":15}},"loc":{"start":{"line":274,"column":50},"end":{"line":299,"column":3}}},"4":{"name":"(anonymous_4)","decl":{"start":{"line":282,"column":32},"end":{"line":282,"column":39}},"loc":{"start":{"line":283,"column":8},"end":{"line":283,"column":60}}},"5":{"name":"(anonymous_5)","decl":{"start":{"line":301,"column":10},"end":{"line":301,"column":33}},"loc":{"start":{"line":301,"column":48},"end":{"line":331,"column":3}}},"6":{"name":"(anonymous_6)","decl":{"start":{"line":333,"column":10},"end":{"line":333,"column":25}},"loc":{"start":{"line":333,"column":40},"end":{"line":365,"column":3}}},"7":{"name":"(anonymous_7)","decl":{"start":{"line":372,"column":9},"end":{"line":372,"column":28}},"loc":{"start":{"line":372,"column":43},"end":{"line":415,"column":3}}},"8":{"name":"(anonymous_8)","decl":{"start":{"line":418,"column":10},"end":{"line":418,"column":25}},"loc":{"start":{"line":418,"column":77},"end":{"line":490,"column":3}}},"9":{"name":"(anonymous_9)","decl":{"start":{"line":495,"column":10},"end":{"line":495,"column":32}},"loc":{"start":{"line":495,"column":60},"end":{"line":520,"column":3}}},"10":{"name":"(anonymous_10)","decl":{"start":{"line":523,"column":10},"end":{"line":523,"column":24}},"loc":{"start":{"line":523,"column":52},"end":{"line":535,"column":3}}},"11":{"name":"(anonymous_11)","decl":{"start":{"line":537,"column":10},"end":{"line":537,"column":25}},"loc":{"start":{"line":537,"column":38},"end":{"line":539,"column":3}}},"12":{"name":"(anonymous_12)","decl":{"start":{"line":541,"column":10},"end":{"line":541,"column":29}},"loc":{"start":{"line":541,"column":42},"end":{"line":543,"column":3}}}},"branchMap":{"0":{"loc":{"start":{"line":226,"column":4},"end":{"line":244,"column":5}},"type":"if","locations":[{"start":{"line":226,"column":4},"end":{"line":244,"column":5}}]},"1":{"loc":{"start":{"line":228,"column":8},"end":{"line":234,"column":9}},"type":"if","locations":[{"start":{"line":228,"column":8},"end":{"line":234,"column":9}}]},"2":{"loc":{"start":{"line":236,"column":8},"end":{"line":242,"column":9}},"type":"if","locations":[{"start":{"line":236,"column":8},"end":{"line":242,"column":9}}]},"3":{"loc":{"start":{"line":247,"column":4},"end":{"line":265,"column":5}},"type":"if","locations":[{"start":{"line":247,"column":4},"end":{"line":265,"column":5}}]},"4":{"loc":{"start":{"line":249,"column":8},"end":{"line":255,"column":9}},"type":"if","locations":[{"start":{"line":249,"column":8},"end":{"line":255,"column":9}}]},"5":{"loc":{"start":{"line":257,"column":8},"end":{"line":263,"column":9}},"type":"if","locations":[{"start":{"line":257,"column":8},"end":{"line":263,"column":9}}]},"6":{"loc":{"start":{"line":282,"column":6},"end":{"line":295,"column":7}},"type":"if","locations":[{"start":{"line":282,"column":6},"end":{"line":295,"column":7}}]},"7":{"loc":{"start":{"line":285,"column":8},"end":{"line":294,"column":9}},"type":"if","locations":[{"start":{"line":285,"column":8},"end":{"line":294,"column":9}},{"start":{"line":290,"column":15},"end":{"line":294,"column":9}}]},"8":{"loc":{"start":{"line":309,"column":4},"end":{"line":328,"column":5}},"type":"if","locations":[{"start":{"line":309,"column":4},"end":{"line":328,"column":5}},{"start":{"line":319,"column":11},"end":{"line":328,"column":5}}]},"9":{"loc":{"start":{"line":319,"column":11},"end":{"line":328,"column":5}},"type":"if","locations":[{"start":{"line":319,"column":11},"end":{"line":328,"column":5}}]},"10":{"loc":{"start":{"line":342,"column":4},"end":{"line":347,"column":5}},"type":"if","locations":[{"start":{"line":342,"column":4},"end":{"line":347,"column":5}}]},"11":{"loc":{"start":{"line":349,"column":4},"end":{"line":354,"column":5}},"type":"if","locations":[{"start":{"line":349,"column":4},"end":{"line":354,"column":5}}]},"12":{"loc":{"start":{"line":357,"column":4},"end":{"line":362,"column":5}},"type":"if","locations":[{"start":{"line":357,"column":4},"end":{"line":362,"column":5}}]},"13":{"loc":{"start":{"line":377,"column":4},"end":{"line":379,"column":5}},"type":"if","locations":[{"start":{"line":377,"column":4},"end":{"line":379,"column":5}}]},"14":{"loc":{"start":{"line":377,"column":8},"end":{"line":377,"column":39}},"type":"binary-expr","locations":[{"start":{"line":377,"column":8},"end":{"line":377,"column":15}},{"start":{"line":377,"column":19},"end":{"line":377,"column":39}}]},"15":{"loc":{"start":{"line":390,"column":6},"end":{"line":406,"column":7}},"type":"if","locations":[{"start":{"line":390,"column":6},"end":{"line":406,"column":7}}]},"16":{"loc":{"start":{"line":399,"column":8},"end":{"line":402,"column":9}},"type":"if","locations":[{"start":{"line":399,"column":8},"end":{"line":402,"column":9}}]},"17":{"loc":{"start":{"line":399,"column":12},"end":{"line":399,"column":57}},"type":"binary-expr","locations":[{"start":{"line":399,"column":12},"end":{"line":399,"column":24}},{"start":{"line":399,"column":28},"end":{"line":399,"column":57}}]},"18":{"loc":{"start":{"line":422,"column":4},"end":{"line":424,"column":5}},"type":"if","locations":[{"start":{"line":422,"column":4},"end":{"line":424,"column":5}}]},"19":{"loc":{"start":{"line":422,"column":8},"end":{"line":422,"column":52}},"type":"binary-expr","locations":[{"start":{"line":422,"column":8},"end":{"line":422,"column":27}},{"start":{"line":422,"column":31},"end":{"line":422,"column":52}}]},"20":{"loc":{"start":{"line":427,"column":4},"end":{"line":429,"column":5}},"type":"if","locations":[{"start":{"line":427,"column":4},"end":{"line":429,"column":5}}]},"21":{"loc":{"start":{"line":431,"column":4},"end":{"line":433,"column":5}},"type":"if","locations":[{"start":{"line":431,"column":4},"end":{"line":433,"column":5}}]},"22":{"loc":{"start":{"line":431,"column":8},"end":{"line":431,"column":60}},"type":"binary-expr","locations":[{"start":{"line":431,"column":8},"end":{"line":431,"column":32}},{"start":{"line":431,"column":36},"end":{"line":431,"column":60}}]},"23":{"loc":{"start":{"line":435,"column":4},"end":{"line":437,"column":5}},"type":"if","locations":[{"start":{"line":435,"column":4},"end":{"line":437,"column":5}}]},"24":{"loc":{"start":{"line":439,"column":4},"end":{"line":441,"column":5}},"type":"if","locations":[{"start":{"line":439,"column":4},"end":{"line":441,"column":5}}]},"25":{"loc":{"start":{"line":439,"column":8},"end":{"line":439,"column":65}},"type":"binary-expr","locations":[{"start":{"line":439,"column":8},"end":{"line":439,"column":34}},{"start":{"line":439,"column":38},"end":{"line":439,"column":65}}]},"26":{"loc":{"start":{"line":444,"column":4},"end":{"line":446,"column":5}},"type":"if","locations":[{"start":{"line":444,"column":4},"end":{"line":446,"column":5}}]},"27":{"loc":{"start":{"line":449,"column":4},"end":{"line":451,"column":5}},"type":"if","locations":[{"start":{"line":449,"column":4},"end":{"line":451,"column":5}}]},"28":{"loc":{"start":{"line":449,"column":8},"end":{"line":449,"column":72}},"type":"binary-expr","locations":[{"start":{"line":449,"column":8},"end":{"line":449,"column":34}},{"start":{"line":449,"column":38},"end":{"line":449,"column":72}}]},"29":{"loc":{"start":{"line":457,"column":4},"end":{"line":459,"column":5}},"type":"if","locations":[{"start":{"line":457,"column":4},"end":{"line":459,"column":5}}]},"30":{"loc":{"start":{"line":462,"column":4},"end":{"line":464,"column":5}},"type":"if","locations":[{"start":{"line":462,"column":4},"end":{"line":464,"column":5}}]},"31":{"loc":{"start":{"line":467,"column":4},"end":{"line":469,"column":5}},"type":"if","locations":[{"start":{"line":467,"column":4},"end":{"line":469,"column":5}}]},"32":{"loc":{"start":{"line":473,"column":4},"end":{"line":476,"column":5}},"type":"if","locations":[{"start":{"line":473,"column":4},"end":{"line":476,"column":5}}]},"33":{"loc":{"start":{"line":478,"column":4},"end":{"line":480,"column":5}},"type":"if","locations":[{"start":{"line":478,"column":4},"end":{"line":480,"column":5}}]},"34":{"loc":{"start":{"line":478,"column":8},"end":{"line":478,"column":133}},"type":"binary-expr","locations":[{"start":{"line":478,"column":8},"end":{"line":478,"column":31}},{"start":{"line":478,"column":35},"end":{"line":478,"column":133}}]},"35":{"loc":{"start":{"line":484,"column":4},"end":{"line":486,"column":5}},"type":"if","locations":[{"start":{"line":484,"column":4},"end":{"line":486,"column":5}}]},"36":{"loc":{"start":{"line":484,"column":8},"end":{"line":484,"column":65}},"type":"binary-expr","locations":[{"start":{"line":484,"column":8},"end":{"line":484,"column":34}},{"start":{"line":484,"column":39},"end":{"line":484,"column":64}}]},"37":{"loc":{"start":{"line":499,"column":49},"end":{"line":499,"column":108}},"type":"cond-expr","locations":[{"start":{"line":499,"column":77},"end":{"line":499,"column":88}},{"start":{"line":499,"column":91},"end":{"line":499,"column":108}}]},"38":{"loc":{"start":{"line":503,"column":8},"end":{"line":513,"column":9}},"type":"if","locations":[{"start":{"line":503,"column":8},"end":{"line":513,"column":9}}]},"39":{"loc":{"start":{"line":507,"column":46},"end":{"line":507,"column":86}},"type":"cond-expr","locations":[{"start":{"line":507,"column":81},"end":{"line":507,"column":82}},{"start":{"line":507,"column":85},"end":{"line":507,"column":86}}]},"40":{"loc":{"start":{"line":515,"column":8},"end":{"line":517,"column":9}},"type":"if","locations":[{"start":{"line":515,"column":8},"end":{"line":517,"column":9}}]},"41":{"loc":{"start":{"line":528,"column":4},"end":{"line":533,"column":5}},"type":"if","locations":[{"start":{"line":528,"column":4},"end":{"line":533,"column":5}}]}},"s":{"0":1,"1":1,"2":1,"3":6,"4":0,"5":0,"6":0,"7":0,"8":0,"9":0,"10":0,"11":0,"12":0,"13":0,"14":0,"15":0,"16":0,"17":0,"18":0,"19":0,"20":0,"21":0,"22":0,"23":0,"24":0,"25":0,"26":0,"27":0,"28":0,"29":0,"30":0,"31":0,"32":0,"33":0,"34":0,"35":0,"36":0,"37":0,"38":0,"39":0,"40":0,"41":0,"42":0,"43":0,"44":0,"45":0,"46":0,"47":0,"48":6,"49":6,"50":6,"51":2,"52":4,"53":4,"54":23,"55":23,"56":23,"57":23,"58":4,"59":4,"60":4,"61":4,"62":4,"63":3,"64":3,"65":4,"66":4,"67":4,"68":23,"69":23,"70":0,"71":23,"72":4,"73":19,"74":0,"75":19,"76":4,"77":15,"78":3,"79":12,"80":8,"81":4,"82":3,"83":1,"84":1,"85":0,"86":1,"87":1,"88":0,"89":0,"90":0,"91":0,"92":0,"93":0,"94":0,"95":0,"96":0,"97":0,"98":0,"99":4,"100":4,"101":4,"102":23,"103":23,"104":23,"105":23,"106":23,"107":0,"108":4,"109":4,"110":4,"111":3,"112":1,"113":0,"114":0},"f":{"0":6,"1":0,"2":0,"3":0,"4":0,"5":0,"6":0,"7":6,"8":23,"9":4,"10":4,"11":0,"12":0},"b":{"0":[0],"1":[0],"2":[0],"3":[0],"4":[0],"5":[0],"6":[0],"7":[0,0],"8":[0,0],"9":[0],"10":[0],"11":[0],"12":[0],"13":[2],"14":[6,4],"15":[4],"16":[3],"17":[4,3],"18":[0],"19":[23,23],"20":[4],"21":[0],"22":[19,19],"23":[4],"24":[3],"25":[15,14],"26":[8],"27":[3],"28":[4,3],"29":[0],"30":[1],"31":[0],"32":[0],"33":[0],"34":[0,0],"35":[0],"36":[0,0],"37":[4,0],"38":[23],"39":[23,0],"40":[0],"41":[3]}}
,"/workspace/src/identity/client.ts": {"path":"/workspace/src/identity/client.ts","statementMap":{"0":{"start":{"line":34,"column":4},"end":{"line":34,"column":35}},"1":{"start":{"line":35,"column":4},"end":{"line":35,"column":43}},"2":{"start":{"line":36,"column":4},"end":{"line":36,"column":57}},"3":{"start":{"line":37,"column":4},"end":{"line":37,"column":62}},"4":{"start":{"line":48,"column":4},"end":{"line":105,"column":5}},"5":{"start":{"line":50,"column":31},"end":{"line":50,"column":75}},"6":{"start":{"line":53,"column":19},"end":{"line":53,"column":57}},"7":{"start":{"line":54,"column":6},"end":{"line":59,"column":7}},"8":{"start":{"line":55,"column":8},"end":{"line":58,"column":10}},"9":{"start":{"line":62,"column":45},"end":{"line":67,"column":8}},"10":{"start":{"line":70,"column":17},"end":{"line":70,"column":56}},"11":{"start":{"line":73,"column":37},"end":{"line":79,"column":8}},"12":{"start":{"line":82,"column":6},"end":{"line":87,"column":7}},"13":{"start":{"line":83,"column":8},"end":{"line":86,"column":10}},"14":{"start":{"line":90,"column":6},"end":{"line":93,"column":8}},"15":{"start":{"line":95,"column":6},"end":{"line":95,"column":20}},"16":{"start":{"line":97,"column":6},"end":{"line":99,"column":7}},"17":{"start":{"line":98,"column":8},"end":{"line":98,"column":20}},"18":{"start":{"line":100,"column":6},"end":{"line":104,"column":8}},"19":{"start":{"line":112,"column":4},"end":{"line":135,"column":5}},"20":{"start":{"line":113,"column":18},"end":{"line":114,"column":null}},"21":{"start":{"line":116,"column":21},"end":{"line":116,"column":44}},"22":{"start":{"line":118,"column":6},"end":{"line":123,"column":7}},"23":{"start":{"line":119,"column":8},"end":{"line":122,"column":10}},"24":{"start":{"line":125,"column":6},"end":{"line":125,"column":20}},"25":{"start":{"line":127,"column":6},"end":{"line":129,"column":7}},"26":{"start":{"line":128,"column":8},"end":{"line":128,"column":20}},"27":{"start":{"line":130,"column":6},"end":{"line":134,"column":8}},"28":{"start":{"line":142,"column":4},"end":{"line":162,"column":5}},"29":{"start":{"line":143,"column":6},"end":{"line":143,"column":45}},"30":{"start":{"line":144,"column":20},"end":{"line":144,"column":74}},"31":{"start":{"line":145,"column":22},"end":{"line":150,"column":null}},"32":{"start":{"line":147,"column":26},"end":{"line":147,"column":48}},"33":{"start":{"line":148,"column":29},"end":{"line":149,"column":null}},"34":{"start":{"line":152,"column":6},"end":{"line":152,"column":75}},"35":{"start":{"line":152,"column":38},"end":{"line":152,"column":73}},"36":{"start":{"line":154,"column":6},"end":{"line":156,"column":7}},"37":{"start":{"line":155,"column":8},"end":{"line":155,"column":20}},"38":{"start":{"line":157,"column":6},"end":{"line":161,"column":8}},"39":{"start":{"line":172,"column":4},"end":{"line":206,"column":5}},"40":{"start":{"line":173,"column":21},"end":{"line":173,"column":51}},"41":{"start":{"line":176,"column":38},"end":{"line":180,"column":8}},"42":{"start":{"line":183,"column":6},"end":{"line":188,"column":7}},"43":{"start":{"line":184,"column":8},"end":{"line":187,"column":10}},"44":{"start":{"line":191,"column":6},"end":{"line":194,"column":8}},"45":{"start":{"line":196,"column":6},"end":{"line":196,"column":21}},"46":{"start":{"line":198,"column":6},"end":{"line":200,"column":7}},"47":{"start":{"line":199,"column":8},"end":{"line":199,"column":20}},"48":{"start":{"line":201,"column":6},"end":{"line":205,"column":8}},"49":{"start":{"line":213,"column":4},"end":{"line":221,"column":5}},"50":{"start":{"line":214,"column":6},"end":{"line":214,"column":62}},"51":{"start":{"line":216,"column":6},"end":{"line":220,"column":8}},"52":{"start":{"line":228,"column":56},"end":{"line":228,"column":66}},"53":{"start":{"line":231,"column":17},"end":{"line":233,"column":20}},"54":{"start":{"line":236,"column":15},"end":{"line":241,"column":6}},"55":{"start":{"line":243,"column":4},"end":{"line":245,"column":5}},"56":{"start":{"line":244,"column":6},"end":{"line":244,"column":35}},"57":{"start":{"line":247,"column":4},"end":{"line":247,"column":24}},"58":{"start":{"line":258,"column":4},"end":{"line":275,"column":5}},"59":{"start":{"line":259,"column":22},"end":{"line":259,"column":57}},"60":{"start":{"line":260,"column":24},"end":{"line":266,"column":60}},"61":{"start":{"line":262,"column":10},"end":{"line":264,"column":50}},"62":{"start":{"line":266,"column":23},"end":{"line":266,"column":59}},"63":{"start":{"line":268,"column":6},"end":{"line":270,"column":7}},"64":{"start":{"line":269,"column":8},"end":{"line":269,"column":17}},"65":{"start":{"line":272,"column":6},"end":{"line":272,"column":40}},"66":{"start":{"line":274,"column":6},"end":{"line":274,"column":15}},"67":{"start":{"line":282,"column":4},"end":{"line":282,"column":57}},"68":{"start":{"line":289,"column":4},"end":{"line":299,"column":5}},"69":{"start":{"line":290,"column":6},"end":{"line":290,"column":62}},"70":{"start":{"line":290,"column":49},"end":{"line":290,"column":62}},"71":{"start":{"line":291,"column":6},"end":{"line":291,"column":68}},"72":{"start":{"line":291,"column":55},"end":{"line":291,"column":68}},"73":{"start":{"line":292,"column":6},"end":{"line":292,"column":84}},"74":{"start":{"line":292,"column":71},"end":{"line":292,"column":84}},"75":{"start":{"line":293,"column":6},"end":{"line":293,"column":93}},"76":{"start":{"line":293,"column":80},"end":{"line":293,"column":93}},"77":{"start":{"line":294,"column":6},"end":{"line":294,"column":95}},"78":{"start":{"line":294,"column":82},"end":{"line":294,"column":95}},"79":{"start":{"line":295,"column":6},"end":{"line":295,"column":56}},"80":{"start":{"line":295,"column":43},"end":{"line":295,"column":56}},"81":{"start":{"line":296,"column":6},"end":{"line":296,"column":18}},"82":{"start":{"line":298,"column":6},"end":{"line":298,"column":19}},"83":{"start":{"line":303,"column":4},"end":{"line":307,"column":24}}},"fnMap":{"0":{"name":"(anonymous_0)","decl":{"start":{"line":33,"column":2},"end":{"line":33,"column":14}},"loc":{"start":{"line":33,"column":43},"end":{"line":38,"column":3}}},"1":{"name":"(anonymous_1)","decl":{"start":{"line":43,"column":9},"end":{"line":43,"column":14}},"loc":{"start":{"line":46,"column":22},"end":{"line":106,"column":3}}},"2":{"name":"(anonymous_2)","decl":{"start":{"line":111,"column":9},"end":{"line":111,"column":14}},"loc":{"start":{"line":111,"column":41},"end":{"line":136,"column":3}}},"3":{"name":"(anonymous_3)","decl":{"start":{"line":141,"column":9},"end":{"line":141,"column":14}},"loc":{"start":{"line":141,"column":46},"end":{"line":163,"column":3}}},"4":{"name":"(anonymous_4)","decl":{"start":{"line":147,"column":18},"end":{"line":147,"column":22}},"loc":{"start":{"line":147,"column":26},"end":{"line":147,"column":48}}},"5":{"name":"(anonymous_5)","decl":{"start":{"line":148,"column":15},"end":{"line":148,"column":20}},"loc":{"start":{"line":148,"column":29},"end":{"line":149,"column":null}}},"6":{"name":"(anonymous_6)","decl":{"start":{"line":152,"column":28},"end":{"line":152,"column":34}},"loc":{"start":{"line":152,"column":38},"end":{"line":152,"column":73}}},"7":{"name":"(anonymous_7)","decl":{"start":{"line":168,"column":9},"end":{"line":168,"column":14}},"loc":{"start":{"line":170,"column":36},"end":{"line":207,"column":3}}},"8":{"name":"(anonymous_8)","decl":{"start":{"line":212,"column":9},"end":{"line":212,"column":14}},"loc":{"start":{"line":212,"column":44},"end":{"line":222,"column":3}}},"9":{"name":"(anonymous_9)","decl":{"start":{"line":227,"column":10},"end":{"line":227,"column":15}},"loc":{"start":{"line":227,"column":63},"end":{"line":248,"column":3}}},"10":{"name":"(anonymous_10)","decl":{"start":{"line":253,"column":10},"end":{"line":253,"column":15}},"loc":{"start":{"line":256,"column":22},"end":{"line":276,"column":3}}},"11":{"name":"(anonymous_11)","decl":{"start":{"line":261,"column":16},"end":{"line":261,"column":22}},"loc":{"start":{"line":262,"column":10},"end":{"line":264,"column":50}}},"12":{"name":"(anonymous_12)","decl":{"start":{"line":266,"column":13},"end":{"line":266,"column":19}},"loc":{"start":{"line":266,"column":23},"end":{"line":266,"column":59}}},"13":{"name":"(anonymous_13)","decl":{"start":{"line":281,"column":10},"end":{"line":281,"column":23}},"loc":{"start":{"line":281,"column":40},"end":{"line":283,"column":3}}},"14":{"name":"(anonymous_14)","decl":{"start":{"line":288,"column":10},"end":{"line":288,"column":24}},"loc":{"start":{"line":288,"column":47},"end":{"line":300,"column":3}}},"15":{"name":"(anonymous_15)","decl":{"start":{"line":302,"column":10},"end":{"line":302,"column":23}},"loc":{"start":{"line":302,"column":32},"end":{"line":308,"column":3}}}},"branchMap":{"0":{"loc":{"start":{"line":36,"column":27},"end":{"line":36,"column":56}},"type":"binary-expr","locations":[{"start":{"line":36,"column":27},"end":{"line":36,"column":50}},{"start":{"line":36,"column":54},"end":{"line":36,"column":56}}]},"1":{"loc":{"start":{"line":37,"column":26},"end":{"line":37,"column":61}},"type":"binary-expr","locations":[{"start":{"line":37,"column":26},"end":{"line":37,"column":48}},{"start":{"line":37,"column":52},"end":{"line":37,"column":61}}]},"2":{"loc":{"start":{"line":50,"column":31},"end":{"line":50,"column":75}},"type":"binary-expr","locations":[{"start":{"line":50,"column":31},"end":{"line":50,"column":40}},{"start":{"line":50,"column":44},"end":{"line":50,"column":75}}]},"3":{"loc":{"start":{"line":54,"column":6},"end":{"line":59,"column":7}},"type":"if","locations":[{"start":{"line":54,"column":6},"end":{"line":59,"column":7}}]},"4":{"loc":{"start":{"line":82,"column":6},"end":{"line":87,"column":7}},"type":"if","locations":[{"start":{"line":82,"column":6},"end":{"line":87,"column":7}}]},"5":{"loc":{"start":{"line":97,"column":6},"end":{"line":99,"column":7}},"type":"if","locations":[{"start":{"line":97,"column":6},"end":{"line":99,"column":7}}]},"6":{"loc":{"start":{"line":118,"column":6},"end":{"line":123,"column":7}},"type":"if","locations":[{"start":{"line":118,"column":6},"end":{"line":123,"column":7}}]},"7":{"loc":{"start":{"line":127,"column":6},"end":{"line":129,"column":7}},"type":"if","locations":[{"start":{"line":127,"column":6},"end":{"line":129,"column":7}}]},"8":{"loc":{"start":{"line":154,"column":6},"end":{"line":156,"column":7}},"type":"if","locations":[{"start":{"line":154,"column":6},"end":{"line":156,"column":7}}]},"9":{"loc":{"start":{"line":183,"column":6},"end":{"line":188,"column":7}},"type":"if","locations":[{"start":{"line":183,"column":6},"end":{"line":188,"column":7}}]},"10":{"loc":{"start":{"line":198,"column":6},"end":{"line":200,"column":7}},"type":"if","locations":[{"start":{"line":198,"column":6},"end":{"line":200,"column":7}}]},"11":{"loc":{"start":{"line":232,"column":54},"end":{"line":232,"column":67}},"type":"binary-expr","locations":[{"start":{"line":232,"column":54},"end":{"line":232,"column":62}},{"start":{"line":232,"column":66},"end":{"line":232,"column":67}}]},"12":{"loc":{"start":{"line":243,"column":4},"end":{"line":245,"column":5}},"type":"if","locations":[{"start":{"line":243,"column":4},"end":{"line":245,"column":5}}]},"13":{"loc":{"start":{"line":262,"column":10},"end":{"line":264,"column":50}},"type":"binary-expr","locations":[{"start":{"line":262,"column":10},"end":{"line":262,"column":51}},{"start":{"line":263,"column":10},"end":{"line":263,"column":53}},{"start":{"line":264,"column":10},"end":{"line":264,"column":50}}]},"14":{"loc":{"start":{"line":268,"column":6},"end":{"line":270,"column":7}},"type":"if","locations":[{"start":{"line":268,"column":6},"end":{"line":270,"column":7}}]},"15":{"loc":{"start":{"line":290,"column":6},"end":{"line":290,"column":62}},"type":"if","locations":[{"start":{"line":290,"column":6},"end":{"line":290,"column":62}}]},"16":{"loc":{"start":{"line":290,"column":10},"end":{"line":290,"column":47}},"type":"binary-expr","locations":[{"start":{"line":290,"column":10},"end":{"line":290,"column":17}},{"start":{"line":290,"column":21},"end":{"line":290,"column":47}}]},"17":{"loc":{"start":{"line":291,"column":6},"end":{"line":291,"column":68}},"type":"if","locations":[{"start":{"line":291,"column":6},"end":{"line":291,"column":68}}]},"18":{"loc":{"start":{"line":291,"column":10},"end":{"line":291,"column":53}},"type":"binary-expr","locations":[{"start":{"line":291,"column":10},"end":{"line":291,"column":20}},{"start":{"line":291,"column":24},"end":{"line":291,"column":53}}]},"19":{"loc":{"start":{"line":292,"column":6},"end":{"line":292,"column":84}},"type":"if","locations":[{"start":{"line":292,"column":6},"end":{"line":292,"column":84}}]},"20":{"loc":{"start":{"line":292,"column":10},"end":{"line":292,"column":69}},"type":"binary-expr","locations":[{"start":{"line":292,"column":10},"end":{"line":292,"column":28}},{"start":{"line":292,"column":32},"end":{"line":292,"column":69}}]},"21":{"loc":{"start":{"line":293,"column":6},"end":{"line":293,"column":93}},"type":"if","locations":[{"start":{"line":293,"column":6},"end":{"line":293,"column":93}}]},"22":{"loc":{"start":{"line":293,"column":10},"end":{"line":293,"column":78}},"type":"binary-expr","locations":[{"start":{"line":293,"column":10},"end":{"line":293,"column":43}},{"start":{"line":293,"column":47},"end":{"line":293,"column":78}}]},"23":{"loc":{"start":{"line":294,"column":6},"end":{"line":294,"column":95}},"type":"if","locations":[{"start":{"line":294,"column":6},"end":{"line":294,"column":95}}]},"24":{"loc":{"start":{"line":294,"column":10},"end":{"line":294,"column":80}},"type":"binary-expr","locations":[{"start":{"line":294,"column":10},"end":{"line":294,"column":44}},{"start":{"line":294,"column":48},"end":{"line":294,"column":80}}]},"25":{"loc":{"start":{"line":295,"column":6},"end":{"line":295,"column":56}},"type":"if","locations":[{"start":{"line":295,"column":6},"end":{"line":295,"column":56}}]},"26":{"loc":{"start":{"line":305,"column":15},"end":{"line":305,"column":80}},"type":"cond-expr","locations":[{"start":{"line":305,"column":45},"end":{"line":305,"column":56}},{"start":{"line":305,"column":59},"end":{"line":305,"column":80}}]},"27":{"loc":{"start":{"line":306,"column":16},"end":{"line":306,"column":84}},"type":"cond-expr","locations":[{"start":{"line":306,"column":47},"end":{"line":306,"column":59}},{"start":{"line":306,"column":62},"end":{"line":306,"column":84}}]}},"s":{"0":35,"1":35,"2":35,"3":35,"4":32,"5":32,"6":32,"7":31,"8":1,"9":30,"10":30,"11":30,"12":30,"13":0,"14":30,"15":30,"16":2,"17":2,"18":0,"19":17,"20":17,"21":14,"22":14,"23":0,"24":14,"25":3,"26":0,"27":3,"28":33,"29":33,"30":32,"31":3,"32":4,"33":4,"34":3,"35":4,"36":30,"37":1,"38":29,"39":2,"40":2,"41":2,"42":2,"43":0,"44":2,"45":2,"46":0,"47":0,"48":0,"49":2,"50":2,"51":1,"52":30,"53":30,"54":30,"55":30,"56":30,"57":30,"58":30,"59":30,"60":2,"61":2,"62":1,"63":2,"64":1,"65":1,"66":28,"67":51,"68":46,"69":46,"70":0,"71":46,"72":0,"73":46,"74":0,"75":46,"76":0,"77":46,"78":0,"79":46,"80":0,"81":46,"82":0,"83":18},"f":{"0":35,"1":32,"2":17,"3":33,"4":4,"5":4,"6":4,"7":2,"8":2,"9":30,"10":30,"11":2,"12":1,"13":51,"14":46,"15":18},"b":{"0":[35,34],"1":[35,0],"2":[32,13],"3":[1],"4":[0],"5":[2],"6":[0],"7":[0],"8":[1],"9":[0],"10":[0],"11":[30,29],"12":[30],"13":[2,2,1],"14":[1],"15":[0],"16":[46,46],"17":[0],"18":[46,46],"19":[0],"20":[46,46],"21":[0],"22":[46,46],"23":[0],"24":[46,46],"25":[0],"26":[0,18],"27":[0,18]}}
,"/workspace/src/identity/session.ts": {"path":"/workspace/src/identity/session.ts","statementMap":{"0":{"start":{"line":40,"column":4},"end":{"line":40,"column":35}},"1":{"start":{"line":41,"column":4},"end":{"line":41,"column":43}},"2":{"start":{"line":42,"column":4},"end":{"line":42,"column":47}},"3":{"start":{"line":43,"column":4},"end":{"line":43,"column":57}},"4":{"start":{"line":44,"column":4},"end":{"line":44,"column":65}},"5":{"start":{"line":45,"column":4},"end":{"line":45,"column":67}},"6":{"start":{"line":46,"column":4},"end":{"line":46,"column":62}},"7":{"start":{"line":53,"column":4},"end":{"line":55,"column":5}},"8":{"start":{"line":54,"column":6},"end":{"line":54,"column":42}},"9":{"start":{"line":56,"column":4},"end":{"line":56,"column":86}},"10":{"start":{"line":56,"column":45},"end":{"line":56,"column":74}},"11":{"start":{"line":63,"column":4},"end":{"line":66,"column":5}},"12":{"start":{"line":64,"column":6},"end":{"line":64,"column":42}},"13":{"start":{"line":65,"column":6},"end":{"line":65,"column":39}},"14":{"start":{"line":77,"column":4},"end":{"line":148,"column":5}},"15":{"start":{"line":79,"column":19},"end":{"line":79,"column":57}},"16":{"start":{"line":80,"column":6},"end":{"line":85,"column":7}},"17":{"start":{"line":81,"column":8},"end":{"line":84,"column":10}},"18":{"start":{"line":88,"column":21},"end":{"line":88,"column":65}},"19":{"start":{"line":89,"column":6},"end":{"line":94,"column":7}},"20":{"start":{"line":90,"column":8},"end":{"line":93,"column":10}},"21":{"start":{"line":97,"column":23},"end":{"line":97,"column":59}},"22":{"start":{"line":98,"column":6},"end":{"line":103,"column":7}},"23":{"start":{"line":99,"column":8},"end":{"line":102,"column":10}},"24":{"start":{"line":106,"column":17},"end":{"line":106,"column":74}},"25":{"start":{"line":109,"column":35},"end":{"line":117,"column":8}},"26":{"start":{"line":120,"column":6},"end":{"line":125,"column":7}},"27":{"start":{"line":121,"column":8},"end":{"line":124,"column":10}},"28":{"start":{"line":128,"column":6},"end":{"line":131,"column":8}},"29":{"start":{"line":134,"column":6},"end":{"line":136,"column":9}},"30":{"start":{"line":138,"column":6},"end":{"line":138,"column":21}},"31":{"start":{"line":140,"column":6},"end":{"line":142,"column":7}},"32":{"start":{"line":141,"column":8},"end":{"line":141,"column":20}},"33":{"start":{"line":143,"column":6},"end":{"line":147,"column":8}},"34":{"start":{"line":155,"column":4},"end":{"line":185,"column":5}},"35":{"start":{"line":156,"column":22},"end":{"line":157,"column":null}},"36":{"start":{"line":160,"column":6},"end":{"line":165,"column":7}},"37":{"start":{"line":161,"column":8},"end":{"line":164,"column":10}},"38":{"start":{"line":168,"column":6},"end":{"line":173,"column":7}},"39":{"start":{"line":169,"column":8},"end":{"line":172,"column":10}},"40":{"start":{"line":175,"column":6},"end":{"line":175,"column":21}},"41":{"start":{"line":177,"column":6},"end":{"line":179,"column":7}},"42":{"start":{"line":178,"column":8},"end":{"line":178,"column":20}},"43":{"start":{"line":180,"column":6},"end":{"line":184,"column":8}},"44":{"start":{"line":192,"column":4},"end":{"line":218,"column":5}},"45":{"start":{"line":194,"column":6},"end":{"line":194,"column":45}},"46":{"start":{"line":197,"column":20},"end":{"line":197,"column":75}},"47":{"start":{"line":200,"column":23},"end":{"line":203,"column":null}},"48":{"start":{"line":202,"column":26},"end":{"line":202,"column":48}},"49":{"start":{"line":203,"column":23},"end":{"line":203,"column":87}},"50":{"start":{"line":206,"column":6},"end":{"line":208,"column":70}},"51":{"start":{"line":207,"column":27},"end":{"line":207,"column":52}},"52":{"start":{"line":208,"column":27},"end":{"line":208,"column":68}},"53":{"start":{"line":210,"column":6},"end":{"line":212,"column":7}},"54":{"start":{"line":211,"column":8},"end":{"line":211,"column":20}},"55":{"start":{"line":213,"column":6},"end":{"line":217,"column":8}},"56":{"start":{"line":225,"column":4},"end":{"line":251,"column":5}},"57":{"start":{"line":226,"column":22},"end":{"line":226,"column":54}},"58":{"start":{"line":229,"column":35},"end":{"line":233,"column":8}},"59":{"start":{"line":236,"column":6},"end":{"line":239,"column":8}},"60":{"start":{"line":241,"column":6},"end":{"line":241,"column":21}},"61":{"start":{"line":243,"column":6},"end":{"line":245,"column":7}},"62":{"start":{"line":244,"column":8},"end":{"line":244,"column":20}},"63":{"start":{"line":246,"column":6},"end":{"line":250,"column":8}},"64":{"start":{"line":258,"column":4},"end":{"line":282,"column":5}},"65":{"start":{"line":259,"column":22},"end":{"line":259,"column":54}},"66":{"start":{"line":262,"column":6},"end":{"line":269,"column":8}},"67":{"start":{"line":264,"column":25},"end":{"line":264,"column":69}},"68":{"start":{"line":265,"column":10},"end":{"line":267,"column":13}},"69":{"start":{"line":266,"column":51},"end":{"line":266,"column":67}},"70":{"start":{"line":272,"column":6},"end":{"line":272,"column":64}},"71":{"start":{"line":274,"column":6},"end":{"line":276,"column":7}},"72":{"start":{"line":275,"column":8},"end":{"line":275,"column":20}},"73":{"start":{"line":277,"column":6},"end":{"line":281,"column":8}},"74":{"start":{"line":289,"column":4},"end":{"line":309,"column":5}},"75":{"start":{"line":291,"column":20},"end":{"line":291,"column":75}},"76":{"start":{"line":294,"column":23},"end":{"line":297,"column":null}},"77":{"start":{"line":296,"column":26},"end":{"line":296,"column":48}},"78":{"start":{"line":297,"column":23},"end":{"line":297,"column":87}},"79":{"start":{"line":301,"column":6},"end":{"line":305,"column":8}},"80":{"start":{"line":303,"column":29},"end":{"line":303,"column":69}},"81":{"start":{"line":304,"column":26},"end":{"line":304,"column":53}},"82":{"start":{"line":308,"column":6},"end":{"line":308,"column":54}},"83":{"start":{"line":321,"column":17},"end":{"line":323,"column":20}},"84":{"start":{"line":326,"column":4},"end":{"line":326,"column":29}},"85":{"start":{"line":333,"column":4},"end":{"line":333,"column":59}},"86":{"start":{"line":341,"column":4},"end":{"line":341,"column":62}},"87":{"start":{"line":341,"column":49},"end":{"line":341,"column":62}},"88":{"start":{"line":342,"column":4},"end":{"line":342,"column":68}},"89":{"start":{"line":342,"column":55},"end":{"line":342,"column":68}},"90":{"start":{"line":343,"column":4},"end":{"line":343,"column":76}},"91":{"start":{"line":343,"column":63},"end":{"line":343,"column":76}},"92":{"start":{"line":344,"column":4},"end":{"line":344,"column":82}},"93":{"start":{"line":344,"column":69},"end":{"line":344,"column":82}},"94":{"start":{"line":345,"column":4},"end":{"line":345,"column":57}},"95":{"start":{"line":345,"column":44},"end":{"line":345,"column":57}},"96":{"start":{"line":346,"column":4},"end":{"line":346,"column":60}},"97":{"start":{"line":346,"column":47},"end":{"line":346,"column":60}},"98":{"start":{"line":347,"column":4},"end":{"line":347,"column":59}},"99":{"start":{"line":347,"column":46},"end":{"line":347,"column":59}},"100":{"start":{"line":348,"column":4},"end":{"line":348,"column":54}},"101":{"start":{"line":348,"column":41},"end":{"line":348,"column":54}},"102":{"start":{"line":351,"column":4},"end":{"line":355,"column":5}},"103":{"start":{"line":352,"column":6},"end":{"line":354,"column":7}},"104":{"start":{"line":353,"column":8},"end":{"line":353,"column":21}},"105":{"start":{"line":358,"column":4},"end":{"line":360,"column":5}},"106":{"start":{"line":359,"column":6},"end":{"line":359,"column":53}},"107":{"start":{"line":359,"column":40},"end":{"line":359,"column":53}},"108":{"start":{"line":362,"column":4},"end":{"line":362,"column":16}}},"fnMap":{"0":{"name":"(anonymous_0)","decl":{"start":{"line":39,"column":2},"end":{"line":39,"column":14}},"loc":{"start":{"line":39,"column":44},"end":{"line":47,"column":3}}},"1":{"name":"(anonymous_1)","decl":{"start":{"line":52,"column":9},"end":{"line":52,"column":21}},"loc":{"start":{"line":52,"column":54},"end":{"line":57,"column":3}}},"2":{"name":"(anonymous_2)","decl":{"start":{"line":56,"column":39},"end":{"line":56,"column":42}},"loc":{"start":{"line":56,"column":45},"end":{"line":56,"column":74}}},"3":{"name":"(anonymous_3)","decl":{"start":{"line":62,"column":9},"end":{"line":62,"column":20}},"loc":{"start":{"line":62,"column":20},"end":{"line":67,"column":3}}},"4":{"name":"(anonymous_4)","decl":{"start":{"line":72,"column":9},"end":{"line":72,"column":14}},"loc":{"start":{"line":75,"column":20},"end":{"line":149,"column":3}}},"5":{"name":"(anonymous_5)","decl":{"start":{"line":154,"column":9},"end":{"line":154,"column":14}},"loc":{"start":{"line":154,"column":43},"end":{"line":186,"column":3}}},"6":{"name":"(anonymous_6)","decl":{"start":{"line":191,"column":9},"end":{"line":191,"column":14}},"loc":{"start":{"line":191,"column":47},"end":{"line":219,"column":3}}},"7":{"name":"(anonymous_7)","decl":{"start":{"line":202,"column":18},"end":{"line":202,"column":22}},"loc":{"start":{"line":202,"column":26},"end":{"line":202,"column":48}}},"8":{"name":"(anonymous_8)","decl":{"start":{"line":203,"column":15},"end":{"line":203,"column":19}},"loc":{"start":{"line":203,"column":23},"end":{"line":203,"column":87}}},"9":{"name":"(anonymous_9)","decl":{"start":{"line":207,"column":16},"end":{"line":207,"column":23}},"loc":{"start":{"line":207,"column":27},"end":{"line":207,"column":52}}},"10":{"name":"(anonymous_10)","decl":{"start":{"line":208,"column":16},"end":{"line":208,"column":23}},"loc":{"start":{"line":208,"column":27},"end":{"line":208,"column":68}}},"11":{"name":"(anonymous_11)","decl":{"start":{"line":224,"column":9},"end":{"line":224,"column":14}},"loc":{"start":{"line":224,"column":47},"end":{"line":252,"column":3}}},"12":{"name":"(anonymous_12)","decl":{"start":{"line":257,"column":9},"end":{"line":257,"column":14}},"loc":{"start":{"line":257,"column":43},"end":{"line":283,"column":3}}},"13":{"name":"(anonymous_13)","decl":{"start":{"line":263,"column":28},"end":{"line":263,"column":33}},"loc":{"start":{"line":263,"column":45},"end":{"line":268,"column":9}}},"14":{"name":"(anonymous_14)","decl":{"start":{"line":266,"column":45},"end":{"line":266,"column":47}},"loc":{"start":{"line":266,"column":51},"end":{"line":266,"column":67}}},"15":{"name":"(anonymous_15)","decl":{"start":{"line":288,"column":10},"end":{"line":288,"column":15}},"loc":{"start":{"line":288,"column":38},"end":{"line":310,"column":3}}},"16":{"name":"(anonymous_16)","decl":{"start":{"line":296,"column":18},"end":{"line":296,"column":22}},"loc":{"start":{"line":296,"column":26},"end":{"line":296,"column":48}}},"17":{"name":"(anonymous_17)","decl":{"start":{"line":297,"column":15},"end":{"line":297,"column":19}},"loc":{"start":{"line":297,"column":23},"end":{"line":297,"column":87}}},"18":{"name":"(anonymous_18)","decl":{"start":{"line":303,"column":18},"end":{"line":303,"column":25}},"loc":{"start":{"line":303,"column":29},"end":{"line":303,"column":69}}},"19":{"name":"(anonymous_19)","decl":{"start":{"line":304,"column":15},"end":{"line":304,"column":22}},"loc":{"start":{"line":304,"column":26},"end":{"line":304,"column":53}}},"20":{"name":"(anonymous_20)","decl":{"start":{"line":315,"column":10},"end":{"line":315,"column":15}},"loc":{"start":{"line":318,"column":20},"end":{"line":327,"column":3}}},"21":{"name":"(anonymous_21)","decl":{"start":{"line":332,"column":10},"end":{"line":332,"column":24}},"loc":{"start":{"line":332,"column":42},"end":{"line":334,"column":3}}},"22":{"name":"(anonymous_22)","decl":{"start":{"line":339,"column":10},"end":{"line":339,"column":25}},"loc":{"start":{"line":339,"column":46},"end":{"line":363,"column":3}}}},"branchMap":{"0":{"loc":{"start":{"line":43,"column":27},"end":{"line":43,"column":56}},"type":"binary-expr","locations":[{"start":{"line":43,"column":27},"end":{"line":43,"column":50}},{"start":{"line":43,"column":54},"end":{"line":43,"column":56}}]},"1":{"loc":{"start":{"line":44,"column":27},"end":{"line":44,"column":64}},"type":"binary-expr","locations":[{"start":{"line":44,"column":27},"end":{"line":44,"column":50}},{"start":{"line":44,"column":54},"end":{"line":44,"column":64}}]},"2":{"loc":{"start":{"line":45,"column":26},"end":{"line":45,"column":66}},"type":"binary-expr","locations":[{"start":{"line":45,"column":26},"end":{"line":45,"column":48}},{"start":{"line":45,"column":52},"end":{"line":45,"column":66}}]},"3":{"loc":{"start":{"line":46,"column":30},"end":{"line":46,"column":61}},"type":"binary-expr","locations":[{"start":{"line":46,"column":30},"end":{"line":46,"column":56}},{"start":{"line":46,"column":60},"end":{"line":46,"column":61}}]},"4":{"loc":{"start":{"line":52,"column":22},"end":{"line":52,"column":54}},"type":"default-arg","locations":[{"start":{"line":52,"column":41},"end":{"line":52,"column":54}}]},"5":{"loc":{"start":{"line":53,"column":4},"end":{"line":55,"column":5}},"type":"if","locations":[{"start":{"line":53,"column":4},"end":{"line":55,"column":5}}]},"6":{"loc":{"start":{"line":63,"column":4},"end":{"line":66,"column":5}},"type":"if","locations":[{"start":{"line":63,"column":4},"end":{"line":66,"column":5}}]},"7":{"loc":{"start":{"line":80,"column":6},"end":{"line":85,"column":7}},"type":"if","locations":[{"start":{"line":80,"column":6},"end":{"line":85,"column":7}}]},"8":{"loc":{"start":{"line":89,"column":6},"end":{"line":94,"column":7}},"type":"if","locations":[{"start":{"line":89,"column":6},"end":{"line":94,"column":7}}]},"9":{"loc":{"start":{"line":98,"column":6},"end":{"line":103,"column":7}},"type":"if","locations":[{"start":{"line":98,"column":6},"end":{"line":103,"column":7}}]},"10":{"loc":{"start":{"line":120,"column":6},"end":{"line":125,"column":7}},"type":"if","locations":[{"start":{"line":120,"column":6},"end":{"line":125,"column":7}}]},"11":{"loc":{"start":{"line":140,"column":6},"end":{"line":142,"column":7}},"type":"if","locations":[{"start":{"line":140,"column":6},"end":{"line":142,"column":7}}]},"12":{"loc":{"start":{"line":160,"column":6},"end":{"line":165,"column":7}},"type":"if","locations":[{"start":{"line":160,"column":6},"end":{"line":165,"column":7}}]},"13":{"loc":{"start":{"line":168,"column":6},"end":{"line":173,"column":7}},"type":"if","locations":[{"start":{"line":168,"column":6},"end":{"line":173,"column":7}}]},"14":{"loc":{"start":{"line":177,"column":6},"end":{"line":179,"column":7}},"type":"if","locations":[{"start":{"line":177,"column":6},"end":{"line":179,"column":7}}]},"15":{"loc":{"start":{"line":210,"column":6},"end":{"line":212,"column":7}},"type":"if","locations":[{"start":{"line":210,"column":6},"end":{"line":212,"column":7}}]},"16":{"loc":{"start":{"line":243,"column":6},"end":{"line":245,"column":7}},"type":"if","locations":[{"start":{"line":243,"column":6},"end":{"line":245,"column":7}}]},"17":{"loc":{"start":{"line":274,"column":6},"end":{"line":276,"column":7}},"type":"if","locations":[{"start":{"line":274,"column":6},"end":{"line":276,"column":7}}]},"18":{"loc":{"start":{"line":341,"column":4},"end":{"line":341,"column":62}},"type":"if","locations":[{"start":{"line":341,"column":4},"end":{"line":341,"column":62}}]},"19":{"loc":{"start":{"line":341,"column":8},"end":{"line":341,"column":47}},"type":"binary-expr","locations":[{"start":{"line":341,"column":8},"end":{"line":341,"column":16}},{"start":{"line":341,"column":20},"end":{"line":341,"column":47}}]},"20":{"loc":{"start":{"line":342,"column":4},"end":{"line":342,"column":68}},"type":"if","locations":[{"start":{"line":342,"column":4},"end":{"line":342,"column":68}}]},"21":{"loc":{"start":{"line":342,"column":8},"end":{"line":342,"column":53}},"type":"binary-expr","locations":[{"start":{"line":342,"column":8},"end":{"line":342,"column":19}},{"start":{"line":342,"column":23},"end":{"line":342,"column":53}}]},"22":{"loc":{"start":{"line":343,"column":4},"end":{"line":343,"column":76}},"type":"if","locations":[{"start":{"line":343,"column":4},"end":{"line":343,"column":76}}]},"23":{"loc":{"start":{"line":343,"column":8},"end":{"line":343,"column":61}},"type":"binary-expr","locations":[{"start":{"line":343,"column":8},"end":{"line":343,"column":23}},{"start":{"line":343,"column":27},"end":{"line":343,"column":61}}]},"24":{"loc":{"start":{"line":344,"column":4},"end":{"line":344,"column":82}},"type":"if","locations":[{"start":{"line":344,"column":4},"end":{"line":344,"column":82}}]},"25":{"loc":{"start":{"line":344,"column":8},"end":{"line":344,"column":67}},"type":"binary-expr","locations":[{"start":{"line":344,"column":8},"end":{"line":344,"column":26}},{"start":{"line":344,"column":30},"end":{"line":344,"column":67}}]},"26":{"loc":{"start":{"line":345,"column":4},"end":{"line":345,"column":57}},"type":"if","locations":[{"start":{"line":345,"column":4},"end":{"line":345,"column":57}}]},"27":{"loc":{"start":{"line":346,"column":4},"end":{"line":346,"column":60}},"type":"if","locations":[{"start":{"line":346,"column":4},"end":{"line":346,"column":60}}]},"28":{"loc":{"start":{"line":347,"column":4},"end":{"line":347,"column":59}},"type":"if","locations":[{"start":{"line":347,"column":4},"end":{"line":347,"column":59}}]},"29":{"loc":{"start":{"line":348,"column":4},"end":{"line":348,"column":54}},"type":"if","locations":[{"start":{"line":348,"column":4},"end":{"line":348,"column":54}}]},"30":{"loc":{"start":{"line":351,"column":4},"end":{"line":355,"column":5}},"type":"if","locations":[{"start":{"line":351,"column":4},"end":{"line":355,"column":5}}]},"31":{"loc":{"start":{"line":352,"column":6},"end":{"line":354,"column":7}},"type":"if","locations":[{"start":{"line":352,"column":6},"end":{"line":354,"column":7}}]},"32":{"loc":{"start":{"line":359,"column":6},"end":{"line":359,"column":53}},"type":"if","locations":[{"start":{"line":359,"column":6},"end":{"line":359,"column":53}}]}},"s":{"0":18,"1":18,"2":18,"3":18,"4":18,"5":18,"6":18,"7":0,"8":0,"9":0,"10":0,"11":17,"12":0,"13":0,"14":14,"15":14,"16":13,"17":1,"18":12,"19":11,"20":0,"21":11,"22":0,"23":0,"24":0,"25":0,"26":0,"27":0,"28":0,"29":0,"30":0,"31":14,"32":14,"33":0,"34":2,"35":2,"36":0,"37":0,"38":0,"39":0,"40":0,"41":2,"42":0,"43":2,"44":12,"45":12,"46":11,"47":0,"48":0,"49":0,"50":0,"51":0,"52":0,"53":12,"54":1,"55":11,"56":0,"57":0,"58":0,"59":0,"60":0,"61":0,"62":0,"63":0,"64":1,"65":1,"66":0,"67":0,"68":0,"69":0,"70":0,"71":1,"72":1,"73":0,"74":0,"75":0,"76":0,"77":0,"78":0,"79":0,"80":0,"81":0,"82":0,"83":0,"84":0,"85":2,"86":0,"87":0,"88":0,"89":0,"90":0,"91":0,"92":0,"93":0,"94":0,"95":0,"96":0,"97":0,"98":0,"99":0,"100":0,"101":0,"102":0,"103":0,"104":0,"105":0,"106":0,"107":0,"108":0},"f":{"0":18,"1":0,"2":0,"3":17,"4":14,"5":2,"6":12,"7":0,"8":0,"9":0,"10":0,"11":0,"12":1,"13":0,"14":0,"15":0,"16":0,"17":0,"18":0,"19":0,"20":0,"21":2,"22":0},"b":{"0":[18,17],"1":[18,0],"2":[18,1],"3":[18,1],"4":[0],"5":[0],"6":[0],"7":[1],"8":[0],"9":[0],"10":[0],"11":[14],"12":[0],"13":[0],"14":[0],"15":[1],"16":[0],"17":[1],"18":[0],"19":[0,0],"20":[0],"21":[0,0],"22":[0],"23":[0,0],"24":[0],"25":[0,0],"26":[0],"27":[0],"28":[0],"29":[0],"30":[0],"31":[0],"32":[0]}}
,"/workspace/src/identity/types.ts": {"path":"/workspace/src/identity/types.ts","statementMap":{"0":{"start":{"line":107,"column":0},"end":{"line":107,"column":null}},"1":{"start":{"line":108,"column":2},"end":{"line":108,"column":null}},"2":{"start":{"line":109,"column":2},"end":{"line":109,"column":null}},"3":{"start":{"line":110,"column":2},"end":{"line":110,"column":null}},"4":{"start":{"line":111,"column":2},"end":{"line":111,"column":null}},"5":{"start":{"line":112,"column":2},"end":{"line":112,"column":null}},"6":{"start":{"line":113,"column":2},"end":{"line":113,"column":null}},"7":{"start":{"line":114,"column":2},"end":{"line":114,"column":null}},"8":{"start":{"line":115,"column":2},"end":{"line":115,"column":null}},"9":{"start":{"line":116,"column":2},"end":{"line":116,"column":null}},"10":{"start":{"line":128,"column":4},"end":{"line":128,"column":33}},"11":{"start":{"line":124,"column":11},"end":{"line":124,"column":34}},"12":{"start":{"line":126,"column":11},"end":{"line":126,"column":25}},"13":{"start":{"line":129,"column":4},"end":{"line":129,"column":32}},"14":{"start":{"line":187,"column":0},"end":{"line":187,"column":null}},"15":{"start":{"line":188,"column":2},"end":{"line":188,"column":null}},"16":{"start":{"line":189,"column":2},"end":{"line":189,"column":null}},"17":{"start":{"line":190,"column":2},"end":{"line":190,"column":null}},"18":{"start":{"line":191,"column":2},"end":{"line":191,"column":null}},"19":{"start":{"line":192,"column":2},"end":{"line":192,"column":null}},"20":{"start":{"line":193,"column":2},"end":{"line":193,"column":null}},"21":{"start":{"line":194,"column":2},"end":{"line":194,"column":null}}},"fnMap":{"0":{"name":"(anonymous_0)","decl":{"start":{"line":107,"column":0},"end":{"line":107,"column":6}},"loc":{"start":{"line":107,"column":29},"end":{"line":117,"column":1}}},"1":{"name":"(anonymous_1)","decl":{"start":{"line":123,"column":2},"end":{"line":123,"column":null}},"loc":{"start":{"line":126,"column":25},"end":{"line":130,"column":3}}},"2":{"name":"(anonymous_2)","decl":{"start":{"line":187,"column":0},"end":{"line":187,"column":6}},"loc":{"start":{"line":187,"column":29},"end":{"line":195,"column":1}}}},"branchMap":{"0":{"loc":{"start":{"line":107,"column":12},"end":{"line":107,"column":null}},"type":"binary-expr","locations":[{"start":{"line":107,"column":12},"
[...]
n":12}},"76":{"start":{"line":298,"column":30},"end":{"line":298,"column":59}},"77":{"start":{"line":304,"column":6},"end":{"line":309,"column":9}},"78":{"start":{"line":317,"column":4},"end":{"line":319,"column":21}},"79":{"start":{"line":326,"column":23},"end":{"line":326,"column":63}},"80":{"start":{"line":327,"column":4},"end":{"line":327,"column":56}},"81":{"start":{"line":334,"column":21},"end":{"line":334,"column":55}},"82":{"start":{"line":335,"column":22},"end":{"line":335,"column":39}},"83":{"start":{"line":338,"column":4},"end":{"line":344,"column":5}},"84":{"start":{"line":339,"column":6},"end":{"line":343,"column":8}},"85":{"start":{"line":346,"column":4},"end":{"line":346,"column":20}},"86":{"start":{"line":353,"column":4},"end":{"line":353,"column":37}},"87":{"start":{"line":360,"column":4},"end":{"line":360,"column":58}},"88":{"start":{"line":360,"column":42},"end":{"line":360,"column":56}},"89":{"start":{"line":367,"column":4},"end":{"line":369,"column":5}},"90":{"start":{"line":368,"column":6},"end":{"line":368,"column":38}},"91":{"start":{"line":370,"column":4},"end":{"line":370,"column":28}}},"fnMap":{"0":{"name":"(anonymous_0)","decl":{"start":{"line":35,"column":2},"end":{"line":35,"column":14}},"loc":{"start":{"line":35,"column":51},"end":{"line":37,"column":3}}},"1":{"name":"(anonymous_1)","decl":{"start":{"line":42,"column":2},"end":{"line":42,"column":13}},"loc":{"start":{"line":42,"column":22},"end":{"line":44,"column":3}}},"2":{"name":"(anonymous_2)","decl":{"start":{"line":49,"column":9},"end":{"line":49,"column":14}},"loc":{"start":{"line":49,"column":25},"end":{"line":79,"column":3}}},"3":{"name":"(anonymous_3)","decl":{"start":{"line":84,"column":9},"end":{"line":84,"column":14}},"loc":{"start":{"line":84,"column":35},"end":{"line":144,"column":3}}},"4":{"name":"(anonymous_4)","decl":{"start":{"line":89,"column":49},"end":{"line":89,"column":52}},"loc":{"start":{"line":89,"column":55},"end":{"line":89,"column":59}}},"5":{"name":"(anonymous_5)","decl":{"start":{"line":149,"column":9},"end":{"line":149,"column":14}},"loc":{"start":{"line":149,"column":45},"end":{"line":211,"column":3}}},"6":{"name":"(anonymous_6)","decl":{"start":{"line":216,"column":9},"end":{"line":216,"column":14}},"loc":{"start":{"line":216,"column":62},"end":{"line":237,"column":3}}},"7":{"name":"(anonymous_7)","decl":{"start":{"line":242,"column":9},"end":{"line":242,"column":14}},"loc":{"start":{"line":242,"column":34},"end":{"line":269,"column":3}}},"8":{"name":"(anonymous_8)","decl":{"start":{"line":274,"column":10},"end":{"line":274,"column":15}},"loc":{"start":{"line":274,"column":55},"end":{"line":311,"column":3}}},"9":{"name":"(anonymous_9)","decl":{"start":{"line":291,"column":43},"end":{"line":291,"column":44}},"loc":{"start":{"line":291,"column":48},"end":{"line":291,"column":66}}},"10":{"name":"(anonymous_10)","decl":{"start":{"line":298,"column":25},"end":{"line":298,"column":26}},"loc":{"start":{"line":298,"column":30},"end":{"line":298,"column":59}}},"11":{"name":"(anonymous_11)","decl":{"start":{"line":316,"column":10},"end":{"line":316,"column":27}},"loc":{"start":{"line":316,"column":37},"end":{"line":320,"column":3}}},"12":{"name":"(anonymous_12)","decl":{"start":{"line":325,"column":10},"end":{"line":325,"column":26}},"loc":{"start":{"line":325,"column":51},"end":{"line":328,"column":3}}},"13":{"name":"(anonymous_13)","decl":{"start":{"line":333,"column":10},"end":{"line":333,"column":21}},"loc":{"start":{"line":333,"column":34},"end":{"line":347,"column":3}}},"14":{"name":"(anonymous_14)","decl":{"start":{"line":352,"column":9},"end":{"line":352,"column":16}},"loc":{"start":{"line":352,"column":55},"end":{"line":354,"column":3}}},"15":{"name":"(anonymous_15)","decl":{"start":{"line":359,"column":10},"end":{"line":359,"column":19}},"loc":{"start":{"line":359,"column":39},"end":{"line":361,"column":3}}},"16":{"name":"(anonymous_16)","decl":{"start":{"line":360,"column":31},"end":{"line":360,"column":38}},"loc":{"start":{"line":360,"column":42},"end":{"line":360,"column":56}}},"17":{"name":"(anonymous_17)","decl":{"start":{"line":366,"column":9},"end":{"line":366,"column":14}},"loc":{"start":{"line":366,"column":22},"end":{"line":371,"column":3}}}},"branchMap":{"0":{"loc":{"start":{"line":35,"column":14},"end":{"line":35,"column":51}},"type":"default-arg","locations":[{"start":{"line":35,"column":49},"end":{"line":35,"column":51}}]},"1":{"loc":{"start":{"line":55,"column":6},"end":{"line":63,"column":7}},"type":"if","locations":[{"start":{"line":55,"column":6},"end":{"line":63,"column":7}}]},"2":{"loc":{"start":{"line":90,"column":6},"end":{"line":99,"column":7}},"type":"if","locations":[{"start":{"line":90,"column":6},"end":{"line":99,"column":7}}]},"3":{"loc":{"start":{"line":90,"column":10},"end":{"line":90,"column":36}},"type":"binary-expr","locations":[{"start":{"line":90,"column":10},"end":{"line":90,"column":14}},{"start":{"line":90,"column":18},"end":{"line":90,"column":36}}]},"4":{"loc":{"start":{"line":105,"column":24},"end":{"line":107,"column":14}},"type":"cond-expr","locations":[{"start":{"line":106,"column":10},"end":{"line":106,"column":68}},{"start":{"line":107,"column":10},"end":{"line":107,"column":14}}]},"5":{"loc":{"start":{"line":113,"column":6},"end":{"line":118,"column":7}},"type":"if","locations":[{"start":{"line":113,"column":6},"end":{"line":118,"column":7}}]},"6":{"loc":{"start":{"line":130,"column":6},"end":{"line":136,"column":7}},"type":"if","locations":[{"start":{"line":130,"column":6},"end":{"line":136,"column":7}}]},"7":{"loc":{"start":{"line":175,"column":24},"end":{"line":177,"column":14}},"type":"cond-expr","locations":[{"start":{"line":176,"column":10},"end":{"line":176,"column":74}},{"start":{"line":177,"column":10},"end":{"line":177,"column":14}}]},"8":{"loc":{"start":{"line":179,"column":6},"end":{"line":189,"column":7}},"type":"if","locations":[{"start":{"line":179,"column":6},"end":{"line":189,"column":7}},{"start":{"line":186,"column":13},"end":{"line":189,"column":7}}]},"9":{"loc":{"start":{"line":192,"column":6},"end":{"line":194,"column":7}},"type":"if","locations":[{"start":{"line":192,"column":6},"end":{"line":194,"column":7}}]},"10":{"loc":{"start":{"line":227,"column":6},"end":{"line":229,"column":7}},"type":"if","locations":[{"start":{"line":227,"column":6},"end":{"line":229,"column":7}}]},"11":{"loc":{"start":{"line":255,"column":6},"end":{"line":261,"column":7}},"type":"if","locations":[{"start":{"line":255,"column":6},"end":{"line":261,"column":7}}]},"12":{"loc":{"start":{"line":275,"column":4},"end":{"line":275,"column":44}},"type":"if","locations":[{"start":{"line":275,"column":4},"end":{"line":275,"column":44}}]},"13":{"loc":{"start":{"line":289,"column":6},"end":{"line":301,"column":7}},"type":"if","locations":[{"start":{"line":289,"column":6},"end":{"line":301,"column":7}}]},"14":{"loc":{"start":{"line":292,"column":8},"end":{"line":300,"column":9}},"type":"if","locations":[{"start":{"line":292,"column":8},"end":{"line":300,"column":9}}]},"15":{"loc":{"start":{"line":338,"column":4},"end":{"line":344,"column":5}},"type":"if","locations":[{"start":{"line":338,"column":4},"end":{"line":344,"column":5}}]},"16":{"loc":{"start":{"line":367,"column":4},"end":{"line":369,"column":5}},"type":"if","locations":[{"start":{"line":367,"column":4},"end":{"line":369,"column":5}}]}},"s":{"0":5,"1":59,"2":59,"3":0,"4":49,"5":49,"6":49,"7":0,"8":0,"9":49,"10":0,"11":223,"12":223,"13":223,"14":67,"15":223,"16":17,"17":17,"18":17,"19":206,"20":139,"21":139,"22":139,"23":0,"24":139,"25":139,"26":67,"27":67,"28":0,"29":89,"30":89,"31":89,"32":89,"33":89,"34":89,"35":89,"36":89,"37":89,"38":89,"39":89,"40":89,"41":0,"42":89,"43":89,"44":89,"45":0,"46":0,"47":0,"48":0,"49":0,"50":0,"51":0,"52":0,"53":8,"54":8,"55":8,"56":5,"57":3,"58":3,"59":0,"60":89,"61":0,"62":89,"63":89,"64":89,"65":89,"66":89,"67":89,"68":0,"69":0,"70":0,"71":0,"72":0,"73":0,"74":0,"75":0,"76":0,"77":89,"78":228,"79":139,"80":139,"81":320,"82":320,"83":320,"84":0,"85":320,"86":0,"87":388,"88":0,"89":0,"90":0,"91":0},"f":{"0":59,"1":0,"2":49,"3":223,"4":67,"5":89,"6":0,"7":8,"8":89,"9":0,"10":0,"11":228,"12":139,"13":320,"14":0,"15":388,"16":0,"17":0},"b":{"0":[0],"1":[0],"2":[17],"3":[223,156],"4":[0,139],"5":[0],"6":[67],"7":[0,89],"8":[89,0],"9":[89],"10":[0],"11":[3],"12":[0],"13":[0],"14":[0],"15":[0],"16":[0]}}
,"/workspace/src/storage/types.ts": {"path":"/workspace/src/storage/types.ts","statementMap":{"0":{"start":{"line":114,"column":0},"end":{"line":114,"column":null}},"1":{"start":{"line":115,"column":2},"end":{"line":115,"column":null}},"2":{"start":{"line":116,"column":2},"end":{"line":116,"column":null}},"3":{"start":{"line":117,"column":2},"end":{"line":117,"column":null}},"4":{"start":{"line":118,"column":2},"end":{"line":118,"column":null}},"5":{"start":{"line":119,"column":2},"end":{"line":119,"column":null}},"6":{"start":{"line":120,"column":2},"end":{"line":120,"column":null}},"7":{"start":{"line":134,"column":0},"end":{"line":134,"column":null}},"8":{"start":{"line":135,"column":2},"end":{"line":135,"column":null}},"9":{"start":{"line":136,"column":2},"end":{"line":136,"column":null}},"10":{"start":{"line":137,"column":2},"end":{"line":137,"column":null}},"11":{"start":{"line":138,"column":2},"end":{"line":138,"column":null}},"12":{"start":{"line":139,"column":2},"end":{"line":139,"column":null}},"13":{"start":{"line":140,"column":2},"end":{"line":140,"column":null}},"14":{"start":{"line":141,"column":2},"end":{"line":141,"column":null}},"15":{"start":{"line":142,"column":2},"end":{"line":142,"column":null}},"16":{"start":{"line":143,"column":2},"end":{"line":143,"column":null}},"17":{"start":{"line":153,"column":4},"end":{"line":153,"column":19}},"18":{"start":{"line":148,"column":11},"end":{"line":148,"column":33}},"19":{"start":{"line":150,"column":11},"end":{"line":150,"column":24}},"20":{"start":{"line":151,"column":11},"end":{"line":151,"column":25}},"21":{"start":{"line":154,"column":4},"end":{"line":154,"column":31}}},"fnMap":{"0":{"name":"(anonymous_0)","decl":{"start":{"line":114,"column":0},"end":{"line":114,"column":6}},"loc":{"start":{"line":114,"column":28},"end":{"line":121,"column":1}}},"1":{"name":"(anonymous_1)","decl":{"start":{"line":134,"column":0},"end":{"line":134,"column":6}},"loc":{"start":{"line":134,"column":28},"end":{"line":144,"column":1}}},"2":{"name":"(anonymous_2)","decl":{"start":{"line":147,"column":2},"end":{"line":147,"column":null}},"loc":{"start":{"line":151,"column":25},"end":{"line":155,"column":3}}}},"branchMap":{"0":{"loc":{"start":{"line":114,"column":12},"end":{"line":114,"column":null}},"type":"binary-expr","locations":[{"start":{"line":114,"column":12},"end":{"line":114,"column":28}},{"start":{"line":114,"column":12},"end":{"line":114,"column":null}}]},"1":{"loc":{"start":{"line":134,"column":12},"end":{"line":134,"column":null}},"type":"binary-expr","locations":[{"start":{"line":134,"column":12},"end":{"line":134,"column":28}},{"start":{"line":134,"column":12},"end":{"line":134,"column":null}}]}},"s":{"0":5,"1":5,"2":5,"3":5,"4":5,"5":5,"6":5,"7":5,"8":5,"9":5,"10":5,"11":5,"12":5,"13":5,"14":5,"15":5,"16":5,"17":70,"18":70,"19":70,"20":70,"21":70},"f":{"0":5,"1":5,"2":70},"b":{"0":[5,5],"1":[5,5]}}
,"/workspace/src/utils/logger.ts": {"path":"/workspace/src/utils/logger.ts","statementMap":{"0":{"start":{"line":4,"column":0},"end":{"line":4,"column":null}},"1":{"start":{"line":5,"column":2},"end":{"line":5,"column":null}},"2":{"start":{"line":6,"column":2},"end":{"line":6,"column":null}},"3":{"start":{"line":7,"column":2},"end":{"line":7,"column":null}},"4":{"start":{"line":8,"column":2},"end":{"line":8,"column":null}},"5":{"start":{"line":30,"column":4},"end":{"line":36,"column":6}},"6":{"start":{"line":43,"column":4},"end":{"line":43,"column":47}},"7":{"start":{"line":50,"column":4},"end":{"line":50,"column":46}},"8":{"start":{"line":57,"column":4},"end":{"line":57,"column":46}},"9":{"start":{"line":64,"column":4},"end":{"line":68,"column":5}},"10":{"start":{"line":65,"column":6},"end":{"line":65,"column":83}},"11":{"start":{"line":67,"column":6},"end":{"line":67,"column":49}},"12":{"start":{"line":76,"column":4},"end":{"line":78,"column":5}},"13":{"start":{"line":77,"column":6},"end":{"line":77,"column":13}},"14":{"start":{"line":81,"column":29},"end":{"line":81,"column":63}},"15":{"start":{"line":84,"column":4},"end":{"line":86,"column":5}},"16":{"start":{"line":85,"column":6},"end":{"line":85,"column":58}},"17":{"start":{"line":89,"column":4},"end":{"line":91,"column":5}},"18":{"start":{"line":98,"column":28},"end":{"line":98,"column":30}},"19":{"start":{"line":101,"column":4},"end":{"line":103,"column":5}},"20":{"start":{"line":102,"column":6},"end":{"line":102,"column":43}},"21":{"start":{"line":106,"column":4},"end":{"line":106,"column":43}},"22":{"start":{"line":109,"column":4},"end":{"line":111,"column":5}},"23":{"start":{"line":110,"column":6},"end":{"line":110,"column":45}},"24":{"start":{"line":114,"column":4},"end":{"line":114,"column":24}},"25":{"start":{"line":116,"column":4},"end":{"line":116,"column":27}},"26":{"start":{"line":123,"column":4},"end":{"line":136,"column":5}},"27":{"start":{"line":125,"column":8},"end":{"line":125,"column":40}},"28":{"start":{"line":126,"column":8},"end":{"line":126,"column":14}},"29":{"start":{"line":128,"column":8},"end":{"line":128,"column":39}},"30":{"start":{"line":129,"column":8},"end":{"line":129,"column":14}},"31":{"start":{"line":131,"column":8},"end":{"line":131,"column":39}},"32":{"start":{"line":132,"column":8},"end":{"line":132,"column":14}},"33":{"start":{"line":134,"column":8},"end":{"line":134,"column":40}},"34":{"start":{"line":135,"column":8},"end":{"line":135,"column":14}},"35":{"start":{"line":143,"column":4},"end":{"line":154,"column":5}},"36":{"start":{"line":145,"column":8},"end":{"line":145,"column":25}},"37":{"start":{"line":147,"column":8},"end":{"line":147,"column":24}},"38":{"start":{"line":149,"column":8},"end":{"line":149,"column":24}},"39":{"start":{"line":151,"column":8},"end":{"line":151,"column":25}},"40":{"start":{"line":153,"column":8},"end":{"line":153,"column":27}},"41":{"start":{"line":161,"column":4},"end":{"line":166,"column":7}},"42":{"start":{"line":173,"column":4},"end":{"line":173,"column":31}},"43":{"start":{"line":180,"column":4},"end":{"line":180,"column":30}},"44":{"start":{"line":187,"column":4},"end":{"line":187,"column":39}},"45":{"start":{"line":192,"column":22},"end":{"line":192,"column":34}}},"fnMap":{"0":{"name":"(anonymous_0)","decl":{"start":{"line":4,"column":0},"end":{"line":4,"column":6}},"loc":{"start":{"line":4,"column":20},"end":{"line":9,"column":1}}},"1":{"name":"(anonymous_1)","decl":{"start":{"line":29,"column":2},"end":{"line":29,"column":14}},"loc":{"start":{"line":29,"column":50},"end":{"line":37,"column":3}}},"2":{"name":"(anonymous_2)","decl":{"start":{"line":42,"column":9},"end":{"line":42,"column":14}},"loc":{"start":{"line":42,"column":46},"end":{"line":44,"column":3}}},"3":{"name":"(anonymous_3)","decl":{"start":{"line":49,"column":9},"end":{"line":49,"column":13}},"loc":{"start":{"line":49,"column":45},"end":{"line":51,"column":3}}},"4":{"name":"(anonymous_4)","decl":{"start":{"line":56,"column":9},"end":{"line":56,"column":13}},"loc":{"start":{"line":56,"column":45},"end":{"line":58,"column":3}}},"5":{"name":"(anonymous_5)","decl":{"start":{"line":63,"column":9},"end":{"line":63,"column":14}},"loc":{"start":{"line":63,"column":54},"end":{"line":69,"column":3}}},"6":{"name":"(anonymous_6)","decl":{"start":{"line":74,"column":10},"end":{"line":74,"column":13}},"loc":{"start":{"line":74,"column":62},"end":{"line":92,"column":3}}},"7":{"name":"(anonymous_7)","decl":{"start":{"line":97,"column":10},"end":{"line":97,"column":23}},"loc":{"start":{"line":97,"column":56},"end":{"line":117,"column":3}}},"8":{"name":"(anonymous_8)","decl":{"start":{"line":122,"column":10},"end":{"line":122,"column":22}},"loc":{"start":{"line":122,"column":71},"end":{"line":137,"column":3}}},"9":{"name":"(anonymous_9)","decl":{"start":{"line":142,"column":10},"end":{"line":142,"column":24}},"loc":{"start":{"line":142,"column":40},"end":{"line":155,"column":3}}},"10":{"name":"(anonymous_10)","decl":{"start":{"line":160,"column":9},"end":{"line":160,"column":14}},"loc":{"start":{"line":160,"column":29},"end":{"line":167,"column":3}}},"11":{"name":"(anonymous_11)","decl":{"start":{"line":172,"column":9},"end":{"line":172,"column":17}},"loc":{"start":{"line":172,"column":33},"end":{"line":174,"column":3}}},"12":{"name":"(anonymous_12)","decl":{"start":{"line":179,"column":9},"end":{"line":179,"column":17}},"loc":{"start":{"line":179,"column":17},"end":{"line":181,"column":3}}},"13":{"name":"(anonymous_13)","decl":{"start":{"line":186,"column":9},"end":{"line":186,"column":23}},"loc":{"start":{"line":186,"column":39},"end":{"line":188,"column":3}}}},"branchMap":{"0":{"loc":{"start":{"line":4,"column":12},"end":{"line":4,"column":null}},"type":"binary-expr","locations":[{"start":{"line":4,"column":12},"end":{"line":4,"column":20}},{"start":{"line":4,"column":12},"end":{"line":4,"column":null}}]},"1":{"loc":{"start":{"line":29,"column":14},"end":{"line":29,"column":50}},"type":"default-arg","locations":[{"start":{"line":29,"column":48},"end":{"line":29,"column":50}}]},"2":{"loc":{"start":{"line":64,"column":4},"end":{"line":68,"column":5}},"type":"if","locations":[{"start":{"line":64,"column":4},"end":{"line":68,"column":5}},{"start":{"line":66,"column":11},"end":{"line":68,"column":5}}]},"3":{"loc":{"start":{"line":76,"column":4},"end":{"line":78,"column":5}},"type":"if","locations":[{"start":{"line":76,"column":4},"end":{"line":78,"column":5}}]},"4":{"loc":{"start":{"line":84,"column":4},"end":{"line":86,"column":5}},"type":"if","locations":[{"start":{"line":84,"column":4},"end":{"line":86,"column":5}}]},"5":{"loc":{"start":{"line":89,"column":4},"end":{"line":91,"column":5}},"type":"if","locations":[{"start":{"line":89,"column":4},"end":{"line":91,"column":5}}]},"6":{"loc":{"start":{"line":101,"column":4},"end":{"line":103,"column":5}},"type":"if","locations":[{"start":{"line":101,"column":4},"end":{"line":103,"column":5}}]},"7":{"loc":{"start":{"line":109,"column":4},"end":{"line":111,"column":5}},"type":"if","locations":[{"start":{"line":109,"column":4},"end":{"line":111,"column":5}}]},"8":{"loc":{"start":{"line":123,"column":4},"end":{"line":136,"column":5}},"type":"switch","locations":[{"start":{"line":124,"column":6},"end":{"line":126,"column":14}},{"start":{"line":127,"column":6},"end":{"line":129,"column":14}},{"start":{"line":130,"column":6},"end":{"line":132,"column":14}},{"start":{"line":133,"column":6},"end":{"line":135,"column":14}}]},"9":{"loc":{"start":{"line":143,"column":4},"end":{"line":154,"column":5}},"type":"switch","locations":[{"start":{"line":144,"column":6},"end":{"line":145,"column":25}},{"start":{"line":146,"column":6},"end":{"line":147,"column":24}},{"start":{"line":148,"column":6},"end":{"line":149,"column":24}},{"start":{"line":150,"column":6},"end":{"line":151,"column":25}},{"start":{"line":152,"column":6},"end":{"line":153,"column":27}}]},"10":{"loc":{"start":{"line":163,"column":14},"end":{"line":165,"column":16}},"type":"cond-expr","locations":[{"start":{"line":164,"column":10},"end":{"line":164,"column":44}},{"start":{"line":165,"column":10},"end":{"line":165,"column":16}}]}},"s":{"0":1,"1":1,"2":1,"3":1,"4":1,"5":1,"6":0,"7":0,"8":0,"9":0,"10":0,"11":0,"12":0,"13":0,"14":0,"15":0,"16":0,"17":0,"18":0,"19":0,"20":0,"21":0,"22":0,"23":0,"24":0,"25":0,"26":0,"27":0,"28":0,"29":0,"30":0,"31":0,"32":0,"33":0,"34":0,"35":0,"36":0,"37":0,"38":0,"39":0,"40":0,"41":0,"42":0,"43":0,"44":0,"45":1},"f":{"0":1,"1":1,"2":0,"3":0,"4":0,"5":0,"6":0,"7":0,"8":0,"9":0,"10":0,"11":0,"12":0,"13":0},"b":{"0":[1,1],"1":[1],"2":[0,0],"3":[0],"4":[0],"5":[0],"6":[0],"7":[0],"8":[0,0,0,0],"9":[0,0,0,0,0],"10":[0,0]}}
}
