{"/Users/b.c.nims/MCP/Client to Client/mcp-bridge-server/src/generation/promptAnalyzer.ts": {"path":"/Users/b.c.nims/MCP/Client to Client/mcp-bridge-server/src/generation/promptAnalyzer.ts","statementMap":{"0":{"start":{"line":45,"column":27},"end":{"line":45,"column":72}},"1":{"start":{"line":47,"column":32},"end":{"line":47,"column":96}},"2":{"start":{"line":48,"column":28},"end":{"line":170,"column":2}},"3":{"start":{"line":173,"column":19},"end":{"line":202,"column":4}},"4":{"start":{"line":205,"column":25},"end":{"line":205,"column":63}},"5":{"start":{"line":206,"column":29},"end":{"line":206,"column":65}},"6":{"start":{"line":207,"column":29},"end":{"line":207,"column":57}},"7":{"start":{"line":208,"column":33},"end":{"line":208,"column":65}},"8":{"start":{"line":210,"column":4},"end":{"line":215,"column":6}},"9":{"start":{"line":221,"column":47},"end":{"line":221,"column":49}},"10":{"start":{"line":222,"column":51},"end":{"line":222,"column":53}},"11":{"start":{"line":225,"column":4},"end":{"line":243,"column":5}},"12":{"start":{"line":226,"column":6},"end":{"line":242,"column":7}},"13":{"start":{"line":227,"column":8},"end":{"line":233,"column":9}},"14":{"start":{"line":228,"column":10},"end":{"line":232,"column":13}},"15":{"start":{"line":235,"column":8},"end":{"line":241,"column":9}},"16":{"start":{"line":236,"column":10},"end":{"line":240,"column":13}},"17":{"start":{"line":246,"column":4},"end":{"line":264,"column":5}},"18":{"start":{"line":247,"column":6},"end":{"line":263,"column":7}},"19":{"start":{"line":248,"column":8},"end":{"line":254,"column":9}},"20":{"start":{"line":249,"column":10},"end":{"line":253,"column":13}},"21":{"start":{"line":256,"column":8},"end":{"line":262,"column":9}},"22":{"start":{"line":257,"column":10},"end":{"line":261,"column":13}},"23":{"start":{"line":266,"column":4},"end":{"line":270,"column":6}},"24":{"start":{"line":274,"column":45},"end":{"line":277,"column":6}},"25":{"start":{"line":280,"column":4},"end":{"line":295,"column":5}},"26":{"start":{"line":281,"column":6},"end":{"line":294,"column":7}},"27":{"start":{"line":282,"column":8},"end":{"line":282,"column":60}},"28":{"start":{"line":284,"column":8},"end":{"line":293,"column":9}},"29":{"start":{"line":285,"column":10},"end":{"line":288,"column":12}},"30":{"start":{"line":290,"column":10},"end":{"line":292,"column":12}},"31":{"start":{"line":297,"column":4},"end":{"line":297,"column":24}},"32":{"start":{"line":302,"column":29},"end":{"line":305,"column":6}},"33":{"start":{"line":308,"column":4},"end":{"line":327,"column":5}},"34":{"start":{"line":309,"column":6},"end":{"line":309,"column":26}},"35":{"start":{"line":310,"column":6},"end":{"line":317,"column":8}},"36":{"start":{"line":318,"column":11},"end":{"line":327,"column":5}},"37":{"start":{"line":319,"column":6},"end":{"line":319,"column":27}},"38":{"start":{"line":320,"column":6},"end":{"line":326,"column":8}},"39":{"start":{"line":329,"column":4},"end":{"line":329,"column":16}},"40":{"start":{"line":333,"column":37},"end":{"line":338,"column":6}},"41":{"start":{"line":341,"column":4},"end":{"line":346,"column":5}},"42":{"start":{"line":342,"column":6},"end":{"line":345,"column":9}},"43":{"start":{"line":348,"column":4},"end":{"line":353,"column":5}},"44":{"start":{"line":349,"column":6},"end":{"line":352,"column":9}},"45":{"start":{"line":356,"column":4},"end":{"line":361,"column":5}},"46":{"start":{"line":357,"column":6},"end":{"line":360,"column":9}},"47":{"start":{"line":363,"column":4},"end":{"line":363,"column":20}},"48":{"start":{"line":372,"column":60},"end":{"line":372,"column":62}},"49":{"start":{"line":374,"column":4},"end":{"line":374,"column":140}},"50":{"start":{"line":376,"column":4},"end":{"line":378,"column":5}},"51":{"start":{"line":377,"column":6},"end":{"line":377,"column":62}},"52":{"start":{"line":381,"column":29},"end":{"line":381,"column":84}},"53":{"start":{"line":383,"column":4},"end":{"line":406,"column":5}},"54":{"start":{"line":384,"column":26},"end":{"line":384,"column":36}},"55":{"start":{"line":385,"column":25},"end":{"line":385,"column":41}},"56":{"start":{"line":386,"column":23},"end":{"line":386,"column":37}},"57":{"start":{"line":389,"column":6},"end":{"line":405,"column":7}},"58":{"start":{"line":390,"column":30},"end":{"line":390,"column":38}},"59":{"start":{"line":391,"column":21},"end":{"line":391,"column":61}},"60":{"start":{"line":394,"column":38},"end":{"line":394,"column":64}},"61":{"start":{"line":395,"column":29},"end":{"line":395,"column":96}},"62":{"start":{"line":398,"column":8},"end":{"line":401,"column":9}},"63":{"start":{"line":399,"column":10},"end":{"line":399,"column":59}},"64":{"start":{"line":400,"column":10},"end":{"line":400,"column":79}},"65":{"start":{"line":404,"column":8},"end":{"line":404,"column":89}},"66":{"start":{"line":408,"column":41},"end":{"line":411,"column":6}},"67":{"start":{"line":413,"column":4},"end":{"line":413,"column":25}},"68":{"start":{"line":420,"column":21},"end":{"line":420,"column":66}},"69":{"start":{"line":421,"column":4},"end":{"line":423,"column":5}},"70":{"start":{"line":422,"column":6},"end":{"line":422,"column":19}},"71":{"start":{"line":426,"column":4},"end":{"line":428,"column":5}},"72":{"start":{"line":427,"column":6},"end":{"line":427,"column":19}},"73":{"start":{"line":430,"column":4},"end":{"line":432,"column":5}},"74":{"start":{"line":431,"column":8},"end":{"line":431,"column":21}},"75":{"start":{"line":434,"column":4},"end":{"line":436,"column":5}},"76":{"start":{"line":435,"column":8},"end":{"line":435,"column":21}},"77":{"start":{"line":438,"column":4},"end":{"line":440,"column":5}},"78":{"start":{"line":439,"column":8},"end":{"line":439,"column":21}},"79":{"start":{"line":443,"column":4},"end":{"line":445,"column":5}},"80":{"start":{"line":444,"column":6},"end":{"line":444,"column":19}},"81":{"start":{"line":448,"column":26},"end":{"line":448,"column":89}},"82":{"start":{"line":451,"column":4},"end":{"line":453,"column":5}},"83":{"start":{"line":452,"column":6},"end":{"line":452,"column":18}},"84":{"start":{"line":456,"column":4},"end":{"line":458,"column":5}},"85":{"start":{"line":457,"column":8},"end":{"line":457,"column":20}},"86":{"start":{"line":461,"column":22},"end":{"line":461,"column":64}},"87":{"start":{"line":462,"column":4},"end":{"line":465,"column":5}},"88":{"start":{"line":464,"column":8},"end":{"line":464,"column":21}},"89":{"start":{"line":467,"column":4},"end":{"line":469,"column":5}},"90":{"start":{"line":468,"column":9},"end":{"line":468,"column":22}},"91":{"start":{"line":472,"column":4},"end":{"line":472,"column":16}},"92":{"start":{"line":479,"column":83},"end":{"line":479,"column":85}},"93":{"start":{"line":482,"column":24},"end":{"line":482,"column":109}},"94":{"start":{"line":484,"column":4},"end":{"line":501,"column":5}},"95":{"start":{"line":486,"column":8},"end":{"line":496,"column":9}},"96":{"start":{"line":487,"column":32},"end":{"line":487,"column":40}},"97":{"start":{"line":490,"column":31},"end":{"line":490,"column":87}},"98":{"start":{"line":491,"column":12},"end":{"line":495,"column":15}},"99":{"start":{"line":498,"column":8},"end":{"line":500,"column":9}},"100":{"start":{"line":499,"column":12},"end":{"line":499,"column":36}},"101":{"start":{"line":502,"column":4},"end":{"line":502,"column":19}},"102":{"start":{"line":510,"column":18},"end":{"line":510,"column":34}},"103":{"start":{"line":511,"column":4},"end":{"line":516,"column":5}},"104":{"start":{"line":512,"column":8},"end":{"line":515,"column":10}},"105":{"start":{"line":517,"column":4},"end":{"line":517,"column":16}},"106":{"start":{"line":521,"column":4},"end":{"line":521,"column":44}},"107":{"start":{"line":525,"column":4},"end":{"line":525,"column":44}},"108":{"start":{"line":172,"column":0},"end":{"line":172,"column":13}}},"fnMap":{"0":{"name":"(anonymous_0)","decl":{"start":{"line":172,"column":0},"end":{"line":172,"column":13}},"loc":{"start":{"line":172,"column":0},"end":{"line":527,"column":1}}},"1":{"name":"(anonymous_1)","decl":{"start":{"line":204,"column":2},"end":{"line":204,"column":7}},"loc":{"start":{"line":204,"column":36},"end":{"line":216,"column":3}}},"2":{"name":"(anonymous_2)","decl":{"start":{"line":218,"column":2},"end":{"line":218,"column":7}},"loc":{"start":{"line":219,"column":36},"end":{"line":271,"column":3}}},"3":{"name":"(anonymous_3)","decl":{"start":{"line":273,"column":10},"end":{"line":273,"column":15}},"loc":{"start":{"line":273,"column":50},"end":{"line":298,"column":3}}},"4":{"name":"(anonymous_4)","decl":{"start":{"line":281,"column":32},"end":{"line":281,"column":39}},"loc":{"start":{"line":282,"column":8},"end":{"line":282,"column":60}}},"5":{"name":"(anonymous_5)","decl":{"start":{"line":300,"column":10},"end":{"line":300,"column":33}},"loc":{"start":{"line":300,"column":48},"end":{"line":330,"column":3}}},"6":{"name":"(anonymous_6)","decl":{"start":{"line":332,"column":10},"end":{"line":332,"column":25}},"loc":{"start":{"line":332,"column":40},"end":{"line":364,"column":3}}},"7":{"name":"(anonymous_7)","decl":{"start":{"line":371,"column":9},"end":{"line":371,"column":28}},"loc":{"start":{"line":371,"column":43},"end":{"line":414,"column":3}}},"8":{"name":"(anonymous_8)","decl":{"start":{"line":417,"column":10},"end":{"line":417,"column":25}},"loc":{"start":{"line":417,"column":77},"end":{"line":473,"column":3}}},"9":{"name":"(anonymous_9)","decl":{"start":{"line":478,"column":10},"end":{"line":478,"column":32}},"loc":{"start":{"line":478,"column":60},"end":{"line":503,"column":3}}},"10":{"name":"(anonymous_10)","decl":{"start":{"line":506,"column":10},"end":{"line":506,"column":24}},"loc":{"start":{"line":506,"column":52},"end":{"line":518,"column":3}}},"11":{"name":"(anonymous_11)","decl":{"start":{"line":520,"column":10},"end":{"line":520,"column":25}},"loc":{"start":{"line":520,"column":38},"end":{"line":522,"column":3}}},"12":{"name":"(anonymous_12)","decl":{"start":{"line":524,"column":10},"end":{"line":524,"column":29}},"loc":{"start":{"line":524,"column":42},"end":{"line":526,"column":3}}}},"branchMap":{"0":{"loc":{"start":{"line":225,"column":4},"end":{"line":243,"column":5}},"type":"if","locations":[{"start":{"line":225,"column":4},"end":{"line":243,"column":5}}]},"1":{"loc":{"start":{"line":227,"column":8},"end":{"line":233,"column":9}},"type":"if","locations":[{"start":{"line":227,"column":8},"end":{"line":233,"column":9}}]},"2":{"loc":{"start":{"line":235,"column":8},"end":{"line":241,"column":9}},"type":"if","locations":[{"start":{"line":235,"column":8},"end":{"line":241,"column":9}}]},"3":{"loc":{"start":{"line":246,"column":4},"end":{"line":264,"column":5}},"type":"if","locations":[{"start":{"line":246,"column":4},"end":{"line":264,"column":5}}]},"4":{"loc":{"start":{"line":248,"column":8},"end":{"line":254,"column":9}},"type":"if","locations":[{"start":{"line":248,"column":8},"end":{"line":254,"column":9}}]},"5":{"loc":{"start":{"line":256,"column":8},"end":{"line":262,"column":9}},"type":"if","locations":[{"start":{"line":256,"column":8},"end":{"line":262,"column":9}}]},"6":{"loc":{"start":{"line":281,"column":6},"end":{"line":294,"column":7}},"type":"if","locations":[{"start":{"line":281,"column":6},"end":{"line":294,"column":7}}]},"7":{"loc":{"start":{"line":284,"column":8},"end":{"line":293,"column":9}},"type":"if","locations":[{"start":{"line":284,"column":8},"end":{"line":293,"column":9}},{"start":{"line":289,"column":15},"end":{"line":293,"column":9}}]},"8":{"loc":{"start":{"line":308,"column":4},"end":{"line":327,"column":5}},"type":"if","locations":[{"start":{"line":308,"column":4},"end":{"line":327,"column":5}},{"start":{"line":318,"column":11},"end":{"line":327,"column":5}}]},"9":{"loc":{"start":{"line":318,"column":11},"end":{"line":327,"column":5}},"type":"if","locations":[{"start":{"line":318,"column":11},"end":{"line":327,"column":5}}]},"10":{"loc":{"start":{"line":341,"column":4},"end":{"line":346,"column":5}},"type":"if","locations":[{"start":{"line":341,"column":4},"end":{"line":346,"column":5}}]},"11":{"loc":{"start":{"line":348,"column":4},"end":{"line":353,"column":5}},"type":"if","locations":[{"start":{"line":348,"column":4},"end":{"line":353,"column":5}}]},"12":{"loc":{"start":{"line":356,"column":4},"end":{"line":361,"column":5}},"type":"if","locations":[{"start":{"line":356,"column":4},"end":{"line":361,"column":5}}]},"13":{"loc":{"start":{"line":376,"column":4},"end":{"line":378,"column":5}},"type":"if","locations":[{"start":{"line":376,"column":4},"end":{"line":378,"column":5}}]},"14":{"loc":{"start":{"line":376,"column":8},"end":{"line":376,"column":39}},"type":"binary-expr","locations":[{"start":{"line":376,"column":8},"end":{"line":376,"column":15}},{"start":{"line":376,"column":19},"end":{"line":376,"column":39}}]},"15":{"loc":{"start":{"line":389,"column":6},"end":{"line":405,"column":7}},"type":"if","locations":[{"start":{"line":389,"column":6},"end":{"line":405,"column":7}}]},"16":{"loc":{"start":{"line":398,"column":8},"end":{"line":401,"column":9}},"type":"if","locations":[{"start":{"line":398,"column":8},"end":{"line":401,"column":9}}]},"17":{"loc":{"start":{"line":398,"column":12},"end":{"line":398,"column":57}},"type":"binary-expr","locations":[{"start":{"line":398,"column":12},"end":{"line":398,"column":24}},{"start":{"line":398,"column":28},"end":{"line":398,"column":57}}]},"18":{"loc":{"start":{"line":421,"column":4},"end":{"line":423,"column":5}},"type":"if","locations":[{"start":{"line":421,"column":4},"end":{"line":423,"column":5}}]},"19":{"loc":{"start":{"line":421,"column":8},"end":{"line":421,"column":52}},"type":"binary-expr","locations":[{"start":{"line":421,"column":8},"end":{"line":421,"column":27}},{"start":{"line":421,"column":31},"end":{"line":421,"column":52}}]},"20":{"loc":{"start":{"line":426,"column":4},"end":{"line":428,"column":5}},"type":"if","locations":[{"start":{"line":426,"column":4},"end":{"line":428,"column":5}}]},"21":{"loc":{"start":{"line":430,"column":4},"end":{"line":432,"column":5}},"type":"if","locations":[{"start":{"line":430,"column":4},"end":{"line":432,"column":5}}]},"22":{"loc":{"start":{"line":430,"column":8},"end":{"line":430,"column":60}},"type":"binary-expr","locations":[{"start":{"line":430,"column":8},"end":{"line":430,"column":32}},{"start":{"line":430,"column":36},"end":{"line":430,"column":60}}]},"23":{"loc":{"start":{"line":434,"column":4},"end":{"line":436,"column":5}},"type":"if","locations":[{"start":{"line":434,"column":4},"end":{"line":436,"column":5}}]},"24":{"loc":{"start":{"line":438,"column":4},"end":{"line":440,"column":5}},"type":"if","locations":[{"start":{"line":438,"column":4},"end":{"line":440,"column":5}}]},"25":{"loc":{"start":{"line":438,"column":8},"end":{"line":438,"column":65}},"type":"binary-expr","locations":[{"start":{"line":438,"column":8},"end":{"line":438,"column":34}},{"start":{"line":438,"column":38},"end":{"line":438,"column":65}}]},"26":{"loc":{"start":{"line":443,"column":4},"end":{"line":445,"column":5}},"type":"if","locations":[{"start":{"line":443,"column":4},"end":{"line":445,"column":5}}]},"27":{"loc":{"start":{"line":451,"column":4},"end":{"line":453,"column":5}},"type":"if","locations":[{"start":{"line":451,"column":4},"end":{"line":453,"column":5}}]},"28":{"loc":{"start":{"line":456,"column":4},"end":{"line":458,"column":5}},"type":"if","locations":[{"start":{"line":456,"column":4},"end":{"line":458,"column":5}}]},"29":{"loc":{"start":{"line":462,"column":4},"end":{"line":465,"column":5}},"type":"if","locations":[{"start":{"line":462,"column":4},"end":{"line":465,"column":5}}]},"30":{"loc":{"start":{"line":467,"column":4},"end":{"line":469,"column":5}},"type":"if","locations":[{"start":{"line":467,"column":4},"end":{"line":469,"column":5}}]},"31":{"loc":{"start":{"line":467,"column":8},"end":{"line":467,"column":133}},"type":"binary-expr","locations":[{"start":{"line":467,"column":8},"end":{"line":467,"column":31}},{"start":{"line":467,"column":35},"end":{"line":467,"column":133}}]},"32":{"loc":{"start":{"line":482,"column":49},"end":{"line":482,"column":108}},"type":"cond-expr","locations":[{"start":{"line":482,"column":77},"end":{"line":482,"column":88}},{"start":{"line":482,"column":91},"end":{"line":482,"column":108}}]},"33":{"loc":{"start":{"line":486,"column":8},"end":{"line":496,"column":9}},"type":"if","locations":[{"start":{"line":486,"column":8},"end":{"line":496,"column":9}}]},"34":{"loc":{"start":{"line":490,"column":46},"end":{"line":490,"column":86}},"type":"cond-expr","locations":[{"start":{"line":490,"column":81},"end":{"line":490,"column":82}},{"start":{"line":490,"column":85},"end":{"line":490,"column":86}}]},"35":{"loc":{"start":{"line":498,"column":8},"end":{"line":500,"column":9}},"type":"if","locations":[{"start":{"line":498,"column":8},"end":{"line":500,"column":9}}]},"36":{"loc":{"start":{"line":511,"column":4},"end":{"line":516,"column":5}},"type":"if","locations":[{"start":{"line":511,"column":4},"end":{"line":516,"column":5}}]}},"s":{"0":1,"1":1,"2":1,"3":6,"4":0,"5":0,"6":0,"7":0,"8":0,"9":0,"10":0,"11":0,"12":0,"13":0,"14":0,"15":0,"16":0,"17":0,"18":0,"19":0,"20":0,"21":0,"22":0,"23":0,"24":0,"25":0,"26":0,"27":0,"28":0,"29":0,"30":0,"31":0,"32":0,"33":0,"34":0,"35":0,"36":0,"37":0,"38":0,"39":0,"40":0,"41":0,"42":0,"43":0,"44":0,"45":0,"46":0,"47":0,"48":6,"49":6,"50":6,"51":2,"52":4,"53":4,"54":23,"55":23,"56":23,"57":23,"58":4,"59":4,"60":4,"61":4,"62":4,"63":3,"64":3,"65":4,"66":4,"67":4,"68":23,"69":23,"70":0,"71":23,"72":4,"73":19,"74":0,"75":19,"76":4,"77":15,"78":3,"79":12,"80":8,"81":4,"82":4,"83":0,"84":4,"85":1,"86":3,"87":3,"88":0,"89":3,"90":0,"91":3,"92":4,"93":4,"94":4,"95":23,"96":23,"97":23,"98":23,"99":23,"100":0,"101":4,"102":4,"103":4,"104":3,"105":1,"106":0,"107":0,"108":1},"f":{"0":6,"1":0,"2":0,"3":0,"4":0,"5":0,"6":0,"7":6,"8":23,"9":4,"10":4,"11":0,"12":0},"b":{"0":[0],"1":[0],"2":[0],"3":[0],"4":[0],"5":[0],"6":[0],"7":[0,0],"8":[0,0],"9":[0],"10":[0],"11":[0],"12":[0],"13":[2],"14":[6,4],"15":[4],"16":[3],"17":[4,3],"18":[0],"19":[23,23],"20":[4],"21":[0],"22":[19,19],"23":[4],"24":[3],"25":[15,14],"26":[8],"27":[0],"28":[1],"29":[0],"30":[0],"31":[3,0],"32":[4,0],"33":[23],"34":[23,0],"35":[0],"36":[3]}}
}
