TN:
SF:src/router.ts
FN:9,(anonymous_0)
FN:18,(anonymous_1)
FN:36,(anonymous_2)
FN:54,(anonymous_3)
FN:82,(anonymous_4)
FN:91,(anonymous_5)
FN:100,(anonymous_6)
FN:104,(anonymous_7)
FN:110,(anonymous_8)
FN:121,(anonymous_9)
FN:131,(anonymous_10)
FNF:11
FNH:6
FNDA:4,(anonymous_0)
FNDA:2,(anonymous_1)
FNDA:2,(anonymous_2)
FNDA:1,(anonymous_3)
FNDA:1,(anonymous_4)
FNDA:1,(anonymous_5)
FNDA:0,(anonymous_6)
FNDA:0,(anonymous_7)
FNDA:0,(anonymous_8)
FNDA:0,(anonymous_9)
FNDA:0,(anonymous_10)
DA:10,4
DA:11,4
DA:12,4
DA:19,2
DA:22,2
DA:23,2
DA:24,2
DA:25,2
DA:29,0
DA:30,0
DA:37,2
DA:39,2
DA:40,0
DA:41,0
DA:42,0
DA:46,2
DA:47,2
DA:48,0
DA:52,2
DA:53,2
DA:54,1
DA:56,2
DA:57,1
DA:62,1
DA:63,1
DA:66,1
DA:71,1
DA:72,1
DA:74,1
DA:75,1
DA:85,1
DA:94,1
DA:101,0
DA:104,0
DA:111,0
DA:122,0
DA:132,0
LF:37
LH:26
BRDA:23,0,0,2
BRDA:39,1,0,0
BRDA:47,2,0,0
BRDA:54,3,0,1
BRDA:54,3,1,0
BRDA:56,4,0,1
BRF:6
BRH:3
end_of_record
TN:
SF:src/stateManager.ts
FN:12,(anonymous_0)
FN:24,(anonymous_1)
FN:33,(anonymous_2)
FN:61,(anonymous_3)
FN:83,(anonymous_4)
FN:90,(anonymous_5)
FN:110,(anonymous_6)
FN:131,(anonymous_7)
FN:141,(anonymous_8)
FN:162,(anonymous_9)
FN:164,(anonymous_10)
FN:170,(anonymous_11)
FN:187,(anonymous_12)
FN:203,(anonymous_13)
FN:223,(anonymous_14)
FN:230,(anonymous_15)
FN:232,(anonymous_16)
FN:238,(anonymous_17)
FN:269,(anonymous_18)
FN:277,(anonymous_19)
FNF:20
FNH:7
FNDA:4,(anonymous_0)
FNDA:0,(anonymous_1)
FNDA:0,(anonymous_2)
FNDA:2,(anonymous_3)
FNDA:0,(anonymous_4)
FNDA:0,(anonymous_5)
FNDA:0,(anonymous_6)
FNDA:0,(anonymous_7)
FNDA:0,(anonymous_8)
FNDA:3,(anonymous_9)
FNDA:2,(anonymous_10)
FNDA:1,(anonymous_11)
FNDA:0,(anonymous_12)
FNDA:1,(anonymous_13)
FNDA:0,(anonymous_14)
FNDA:0,(anonymous_15)
FNDA:0,(anonymous_16)
FNDA:0,(anonymous_17)
FNDA:4,(anonymous_18)
FNDA:0,(anonymous_19)
DA:10,4
DA:13,4
DA:14,4
DA:15,4
DA:18,4
DA:19,0
DA:20,0
DA:24,4
DA:25,0
DA:35,0
DA:36,0
DA:37,0
DA:40,0
DA:41,0
DA:43,0
DA:45,0
DA:46,0
DA:47,0
DA:51,0
DA:53,0
DA:62,2
DA:68,2
DA:71,2
DA:72,0
DA:73,0
DA:75,0
DA:84,0
DA:91,0
DA:92,0
DA:93,0
DA:94,0
DA:97,0
DA:98,0
DA:99,0
DA:101,0
DA:111,0
DA:116,0
DA:119,0
DA:120,0
DA:121,0
DA:123,0
DA:132,0
DA:133,0
DA:134,0
DA:142,0
DA:143,0
DA:144,0
DA:145,0
DA:146,0
DA:149,0
DA:150,0
DA:151,0
DA:153,0
DA:163,3
DA:164,2
DA:171,1
DA:180,1
DA:181,1
DA:188,0
DA:189,0
DA:191,0
DA:196,0
DA:197,0
DA:204,1
DA:205,1
DA:207,1
DA:208,1
DA:210,1
DA:216,1
DA:217,1
DA:224,0
DA:231,0
DA:232,0
DA:239,0
DA:242,0
DA:243,0
DA:244,0
DA:249,0
DA:250,0
DA:252,0
DA:255,0
DA:256,0
DA:257,0
DA:259,0
DA:270,4
DA:278,0
DA:279,0
DA:282,0
DA:284,0
DA:285,0
DA:287,0
DA:289,0
DA:290,0
DA:294,0
DA:297,0
DA:298,0
DA:299,0
DA:300,0
DA:304,0
DA:306,0
DA:307,0
LF:101
LH:22
BRDA:18,0,0,0
BRDA:19,1,0,0
BRDA:19,1,1,0
BRDA:35,2,0,0
BRDA:43,3,0,0
BRDA:71,4,0,0
BRDA:92,5,0,0
BRDA:97,6,0,0
BRDA:119,7,0,0
BRDA:133,8,0,0
BRDA:143,9,0,0
BRDA:149,10,0,0
BRDA:164,11,0,2
BRDA:164,11,1,2
BRDA:189,12,0,0
BRDA:205,13,0,0
BRDA:208,14,0,0
BRDA:208,14,1,1
BRDA:224,15,0,0
BRDA:224,15,1,0
BRDA:243,16,0,0
BRDA:250,17,0,0
BRDA:250,18,0,0
BRDA:250,18,1,0
BRDA:255,19,0,0
BRDA:278,20,0,0
BRDA:289,21,0,0
BRDA:289,22,0,0
BRDA:289,22,1,0
BRDA:294,23,0,0
BRDA:294,24,0,0
BRDA:294,24,1,0
BRF:32
BRH:3
end_of_record
TN:
SF:src/types.ts
FN:7,(anonymous_0)
FNF:1
FNH:1
FNDA:1,(anonymous_0)
DA:7,1
DA:8,1
DA:9,1
DA:10,1
DA:11,1
DA:12,1
DA:13,1
DA:14,1
LF:8
LH:8
BRDA:7,0,0,1
BRDA:7,0,1,1
BRF:2
BRH:2
end_of_record
TN:
SF:src/generation/promptAnalyzer.ts
FN:172,(anonymous_0)
FN:205,(anonymous_1)
FN:219,(anonymous_2)
FN:274,(anonymous_3)
FN:282,(anonymous_4)
FN:301,(anonymous_5)
FN:333,(anonymous_6)
FN:372,(anonymous_7)
FN:418,(anonymous_8)
FN:495,(anonymous_9)
FN:523,(anonymous_10)
FN:537,(anonymous_11)
FN:541,(anonymous_12)
FNF:13
FNH:5
FNDA:6,(anonymous_0)
FNDA:0,(anonymous_1)
FNDA:0,(anonymous_2)
FNDA:0,(anonymous_3)
FNDA:0,(anonymous_4)
FNDA:0,(anonymous_5)
FNDA:0,(anonymous_6)
FNDA:6,(anonymous_7)
FNDA:23,(anonymous_8)
FNDA:4,(anonymous_9)
FNDA:4,(anonymous_10)
FNDA:0,(anonymous_11)
FNDA:0,(anonymous_12)
DA:45,1
DA:47,1
DA:48,1
DA:174,6
DA:206,0
DA:207,0
DA:208,0
DA:209,0
DA:211,0
DA:222,0
DA:223,0
DA:226,0
DA:227,0
DA:228,0
DA:229,0
DA:236,0
DA:237,0
DA:247,0
DA:248,0
DA:249,0
DA:250,0
DA:257,0
DA:258,0
DA:267,0
DA:275,0
DA:281,0
DA:282,0
DA:283,0
DA:285,0
DA:286,0
DA:291,0
DA:298,0
DA:303,0
DA:309,0
DA:310,0
DA:311,0
DA:319,0
DA:320,0
DA:321,0
DA:330,0
DA:334,0
DA:342,0
DA:343,0
DA:349,0
DA:350,0
DA:357,0
DA:358,0
DA:364,0
DA:373,6
DA:375,6
DA:377,6
DA:378,2
DA:382,4
DA:384,4
DA:385,23
DA:386,23
DA:387,23
DA:390,23
DA:391,4
DA:392,4
DA:395,4
DA:396,4
DA:399,4
DA:400,3
DA:401,3
DA:405,4
DA:409,4
DA:414,4
DA:421,23
DA:422,23
DA:423,0
DA:427,23
DA:428,4
DA:431,19
DA:432,0
DA:435,19
DA:436,4
DA:439,15
DA:440,3
DA:444,12
DA:445,8
DA:449,4
DA:450,3
DA:454,1
DA:457,1
DA:458,0
DA:462,1
DA:463,1
DA:467,0
DA:468,0
DA:472,0
DA:473,0
DA:475,0
DA:478,0
DA:479,0
DA:483,0
DA:484,0
DA:485,0
DA:489,0
DA:496,4
DA:499,4
DA:501,4
DA:503,23
DA:504,23
DA:507,23
DA:508,23
DA:515,23
DA:516,0
DA:519,4
DA:527,4
DA:528,4
DA:529,3
DA:534,1
DA:538,0
DA:542,0
LF:115
LH:54
BRDA:226,0,0,0
BRDA:228,1,0,0
BRDA:236,2,0,0
BRDA:247,3,0,0
BRDA:249,4,0,0
BRDA:257,5,0,0
BRDA:282,6,0,0
BRDA:285,7,0,0
BRDA:285,7,1,0
BRDA:309,8,0,0
BRDA:309,8,1,0
BRDA:319,9,0,0
BRDA:342,10,0,0
BRDA:349,11,0,0
BRDA:357,12,0,0
BRDA:377,13,0,2
BRDA:377,14,0,6
BRDA:377,14,1,4
BRDA:390,15,0,4
BRDA:399,16,0,3
BRDA:399,17,0,4
BRDA:399,17,1,3
BRDA:422,18,0,0
BRDA:422,19,0,23
BRDA:422,19,1,23
BRDA:427,20,0,4
BRDA:431,21,0,0
BRDA:431,22,0,19
BRDA:431,22,1,19
BRDA:435,23,0,4
BRDA:439,24,0,3
BRDA:439,25,0,15
BRDA:439,25,1,14
BRDA:444,26,0,8
BRDA:449,27,0,3
BRDA:449,28,0,4
BRDA:449,28,1,3
BRDA:457,29,0,0
BRDA:462,30,0,1
BRDA:467,31,0,0
BRDA:473,32,0,0
BRDA:478,33,0,0
BRDA:478,34,0,0
BRDA:478,34,1,0
BRDA:484,35,0,0
BRDA:484,36,0,0
BRDA:484,36,1,0
BRDA:499,37,0,4
BRDA:499,37,1,0
BRDA:503,38,0,23
BRDA:507,39,0,23
BRDA:507,39,1,0
BRDA:515,40,0,0
BRDA:528,41,0,3
BRF:54
BRH:25
end_of_record
TN:
SF:src/identity/client.ts
FN:33,(anonymous_0)
FN:43,(anonymous_1)
FN:111,(anonymous_2)
FN:141,(anonymous_3)
FN:147,(anonymous_4)
FN:148,(anonymous_5)
FN:152,(anonymous_6)
FN:168,(anonymous_7)
FN:212,(anonymous_8)
FN:227,(anonymous_9)
FN:253,(anonymous_10)
FN:261,(anonymous_11)
FN:266,(anonymous_12)
FN:281,(anonymous_13)
FN:288,(anonymous_14)
FN:302,(anonymous_15)
FNF:16
FNH:16
FNDA:35,(anonymous_0)
FNDA:32,(anonymous_1)
FNDA:17,(anonymous_2)
FNDA:33,(anonymous_3)
FNDA:4,(anonymous_4)
FNDA:4,(anonymous_5)
FNDA:4,(anonymous_6)
FNDA:2,(anonymous_7)
FNDA:2,(anonymous_8)
FNDA:30,(anonymous_9)
FNDA:30,(anonymous_10)
FNDA:2,(anonymous_11)
FNDA:1,(anonymous_12)
FNDA:51,(anonymous_13)
FNDA:46,(anonymous_14)
FNDA:18,(anonymous_15)
DA:34,35
DA:35,35
DA:36,35
DA:37,35
DA:48,32
DA:50,32
DA:53,32
DA:54,31
DA:55,1
DA:62,30
DA:70,30
DA:73,30
DA:82,30
DA:83,0
DA:90,30
DA:95,30
DA:97,2
DA:98,2
DA:100,0
DA:112,17
DA:113,17
DA:116,14
DA:118,14
DA:119,0
DA:125,14
DA:127,3
DA:128,0
DA:130,3
DA:142,33
DA:143,33
DA:144,32
DA:145,3
DA:147,4
DA:148,4
DA:152,4
DA:154,30
DA:155,1
DA:157,29
DA:172,2
DA:173,2
DA:176,2
DA:183,2
DA:184,0
DA:191,2
DA:196,2
DA:198,0
DA:199,0
DA:201,0
DA:213,2
DA:214,2
DA:216,1
DA:228,30
DA:231,30
DA:236,30
DA:243,30
DA:244,30
DA:247,30
DA:258,30
DA:259,30
DA:260,2
DA:262,2
DA:266,1
DA:268,2
DA:269,1
DA:272,1
DA:274,28
DA:282,51
DA:289,46
DA:290,46
DA:291,46
DA:292,46
DA:293,46
DA:294,46
DA:295,46
DA:296,46
DA:298,0
DA:303,18
LF:77
LH:68
BRDA:36,0,0,35
BRDA:36,0,1,34
BRDA:37,1,0,35
BRDA:37,1,1,0
BRDA:50,2,0,32
BRDA:50,2,1,13
BRDA:54,3,0,1
BRDA:82,4,0,0
BRDA:97,5,0,2
BRDA:118,6,0,0
BRDA:127,7,0,0
BRDA:154,8,0,1
BRDA:183,9,0,0
BRDA:198,10,0,0
BRDA:232,11,0,30
BRDA:232,11,1,29
BRDA:243,12,0,30
BRDA:262,13,0,2
BRDA:262,13,1,2
BRDA:262,13,2,1
BRDA:268,14,0,1
BRDA:290,15,0,0
BRDA:290,16,0,46
BRDA:290,16,1,46
BRDA:291,17,0,0
BRDA:291,18,0,46
BRDA:291,18,1,46
BRDA:292,19,0,0
BRDA:292,20,0,46
BRDA:292,20,1,46
BRDA:293,21,0,0
BRDA:293,22,0,46
BRDA:293,22,1,46
BRDA:294,23,0,0
BRDA:294,24,0,46
BRDA:294,24,1,46
BRDA:295,25,0,0
BRDA:305,26,0,0
BRDA:305,26,1,18
BRDA:306,27,0,0
BRDA:306,27,1,18
BRF:41
BRH:27
end_of_record
TN:
SF:src/identity/session.ts
FN:39,(anonymous_0)
FN:52,(anonymous_1)
FN:56,(anonymous_2)
FN:62,(anonymous_3)
FN:72,(anonymous_4)
FN:154,(anonymous_5)
FN:191,(anonymous_6)
FN:202,(anonymous_7)
FN:203,(anonymous_8)
FN:207,(anonymous_9)
FN:208,(anonymous_10)
FN:224,(anonymous_11)
FN:257,(anonymous_12)
FN:263,(anonymous_13)
FN:266,(anonymous_14)
FN:288,(anonymous_15)
FN:296,(anonymous_16)
FN:297,(anonymous_17)
FN:303,(anonymous_18)
FN:304,(anonymous_19)
FN:315,(anonymous_20)
FN:332,(anonymous_21)
FN:339,(anonymous_22)
FNF:23
FNH:7
FNDA:18,(anonymous_0)
FNDA:0,(anonymous_1)
FNDA:0,(anonymous_2)
FNDA:17,(anonymous_3)
FNDA:14,(anonymous_4)
FNDA:2,(anonymous_5)
FNDA:12,(anonymous_6)
FNDA:0,(anonymous_7)
FNDA:0,(anonymous_8)
FNDA:0,(anonymous_9)
FNDA:0,(anonymous_10)
FNDA:0,(anonymous_11)
FNDA:1,(anonymous_12)
FNDA:0,(anonymous_13)
FNDA:0,(anonymous_14)
FNDA:0,(anonymous_15)
FNDA:0,(anonymous_16)
FNDA:0,(anonymous_17)
FNDA:0,(anonymous_18)
FNDA:0,(anonymous_19)
FNDA:0,(anonymous_20)
FNDA:2,(anonymous_21)
FNDA:0,(anonymous_22)
DA:40,18
DA:41,18
DA:42,18
DA:43,18
DA:44,18
DA:45,18
DA:46,18
DA:53,0
DA:54,0
DA:56,0
DA:63,17
DA:64,0
DA:65,0
DA:77,14
DA:79,14
DA:80,13
DA:81,1
DA:88,12
DA:89,11
DA:90,0
DA:97,11
DA:98,0
DA:99,0
DA:106,0
DA:109,0
DA:120,0
DA:121,0
DA:128,0
DA:134,0
DA:138,0
DA:140,14
DA:141,14
DA:143,0
DA:155,2
DA:156,2
DA:160,0
DA:161,0
DA:168,0
DA:169,0
DA:175,0
DA:177,2
DA:178,0
DA:180,2
DA:192,12
DA:194,12
DA:197,11
DA:200,0
DA:202,0
DA:203,0
DA:206,0
DA:207,0
DA:208,0
DA:210,12
DA:211,1
DA:213,11
DA:225,0
DA:226,0
DA:229,0
DA:236,0
DA:241,0
DA:243,0
DA:244,0
DA:246,0
DA:258,1
DA:259,1
DA:262,0
DA:264,0
DA:265,0
DA:266,0
DA:272,0
DA:274,1
DA:275,1
DA:277,0
DA:289,0
DA:291,0
DA:294,0
DA:296,0
DA:297,0
DA:301,0
DA:303,0
DA:304,0
DA:308,0
DA:321,0
DA:326,0
DA:333,2
DA:341,0
DA:342,0
DA:343,0
DA:344,0
DA:345,0
DA:346,0
DA:347,0
DA:348,0
DA:351,0
DA:352,0
DA:353,0
DA:358,0
DA:359,0
DA:362,0
LF:99
LH:32
BRDA:43,0,0,18
BRDA:43,0,1,17
BRDA:44,1,0,18
BRDA:44,1,1,0
BRDA:45,2,0,18
BRDA:45,2,1,1
BRDA:46,3,0,18
BRDA:46,3,1,1
BRDA:52,4,0,0
BRDA:53,5,0,0
BRDA:63,6,0,0
BRDA:80,7,0,1
BRDA:89,8,0,0
BRDA:98,9,0,0
BRDA:120,10,0,0
BRDA:140,11,0,14
BRDA:160,12,0,0
BRDA:168,13,0,0
BRDA:177,14,0,0
BRDA:210,15,0,1
BRDA:243,16,0,0
BRDA:274,17,0,1
BRDA:341,18,0,0
BRDA:341,19,0,0
BRDA:341,19,1,0
BRDA:342,20,0,0
BRDA:342,21,0,0
BRDA:342,21,1,0
BRDA:343,22,0,0
BRDA:343,23,0,0
BRDA:343,23,1,0
BRDA:344,24,0,0
BRDA:344,25,0,0
BRDA:344,25,1,0
BRDA:345,26,0,0
BRDA:346,27,0,0
BRDA:347,28,0,0
BRDA:348,29,0,0
BRDA:351,30,0,0
BRDA:352,31,0,0
BRDA:359,32,0,0
BRF:41
BRH:11
end_of_record
TN:
SF:src/identity/types.ts
FN:107,(anonymous_0)
FN:123,(anonymous_1)
FN:187,(anonymous_2)
FNF:3
FNH:3
FNDA:3,(anonymous_0)
FNDA:61,(anonymous_1)
FNDA:3,(anonymous_2)
DA:107,3
DA:108,3
DA:109,3
DA:110,3
DA:111,3
DA:112,3
DA:113,3
DA:114,3
DA:115,3
DA:116,3
DA:124,61
DA:126,61
DA:128,61
DA:129,61
DA:187,3
DA:188,3
DA:189,3
DA:190,3
DA:191,3
DA:192,3
DA:193,3
DA:194,3
LF:22
LH:22
BRDA:107,0,0,3
BRDA:107,0,1,3
BRDA:187,1,0,3
BRDA:187,1,1,3
BRF:4
BRH:4
end_of_record
TN:
SF:src/identity/user.ts
FN:34,(anonymous_0)
FN:43,(anonymous_1)
FN:64,(anonymous_2)
FN:122,(anonymous_3)
FN:152,(anonymous_4)
FN:184,(anonymous_5)
FN:225,(anonymous_6)
FN:242,(anonymous_7)
FN:255,(anonymous_8)
FN:274,(anonymous_9)
FN:279,(anonymous_10)
FN:291,(anonymous_11)
FNF:12
FNH:11
FNDA:50,(anonymous_0)
FNDA:50,(anonymous_1)
FNDA:47,(anonymous_2)
FNDA:98,(anonymous_3)
FNDA:2,(anonymous_4)
FNDA:4,(anonymous_5)
FNDA:2,(anonymous_6)
FNDA:46,(anonymous_7)
FNDA:46,(anonymous_8)
FNDA:92,(anonymous_9)
FNDA:0,(anonymous_10)
FNDA:142,(anonymous_11)
DA:32,50
DA:35,50
DA:36,50
DA:37,50
DA:44,50
DA:45,0
DA:48,50
DA:50,50
DA:51,50
DA:53,0
DA:65,47
DA:66,35
DA:69,47
DA:71,47
DA:72,47
DA:73,1
DA:80,46
DA:83,46
DA:93,46
DA:94,0
DA:101,46
DA:106,46
DA:108,1
DA:109,1
DA:111,0
DA:123,98
DA:124,98
DA:127,92
DA:129,92
DA:130,0
DA:136,92
DA:138,6
DA:139,0
DA:141,6
DA:153,2
DA:154,2
DA:155,2
DA:156,0
DA:157,0
DA:160,0
DA:161,0
DA:162,0
DA:165,2
DA:170,2
DA:171,2
DA:173,0
DA:185,4
DA:186,4
DA:189,4
DA:196,4
DA:197,3
DA:204,1
DA:209,1
DA:211,3
DA:212,3
DA:214,0
DA:226,2
DA:227,2
DA:231,1
DA:244,46
DA:249,46
DA:256,46
DA:275,92
DA:279,0
DA:292,142
DA:294,142
DA:295,142
DA:296,141
DA:297,141
DA:298,141
DA:299,141
DA:300,141
DA:303,141
DA:304,1
DA:305,0
DA:310,141
DA:311,141
DA:312,142
DA:313,1
DA:318,140
DA:319,140
DA:320,1
DA:323,139
DA:324,139
DA:325,278
DA:326,278
DA:327,278
DA:328,278
DA:329,278
DA:332,139
DA:334,0
LF:91
LH:75
BRDA:36,0,0,50
BRDA:36,0,1,49
BRDA:37,1,0,50
BRDA:37,1,1,0
BRDA:44,2,0,0
BRDA:65,3,0,35
BRDA:71,4,0,47
BRDA:71,4,1,10
BRDA:72,5,0,1
BRDA:93,6,0,0
BRDA:108,7,0,1
BRDA:129,8,0,0
BRDA:138,9,0,0
BRDA:156,10,0,0
BRDA:161,11,0,0
BRDA:170,12,0,2
BRDA:196,13,0,3
BRDA:211,14,0,3
BRDA:277,15,0,0
BRDA:277,15,1,92
BRDA:278,16,0,0
BRDA:278,16,1,92
BRDA:279,17,0,92
BRDA:279,17,1,0
BRDA:281,18,0,0
BRDA:281,18,1,0
BRDA:282,19,0,0
BRDA:282,19,1,0
BRDA:283,20,0,0
BRDA:283,20,1,0
BRDA:294,21,0,0
BRDA:294,22,0,142
BRDA:294,22,1,142
BRDA:295,23,0,1
BRDA:295,24,0,142
BRDA:295,24,1,141
BRDA:296,25,0,0
BRDA:297,26,0,0
BRDA:297,27,0,141
BRDA:297,27,1,141
BRDA:298,28,0,0
BRDA:298,29,0,141
BRDA:298,29,1,141
BRDA:299,30,0,0
BRDA:299,31,0,141
BRDA:299,31,1,141
BRDA:300,32,0,0
BRDA:303,33,0,1
BRDA:304,34,0,0
BRDA:310,35,0,0
BRDA:312,36,0,1
BRDA:312,37,0,142
BRDA:312,37,1,142
BRDA:319,38,0,1
BRDA:319,39,0,140
BRDA:319,39,1,140
BRDA:323,40,0,0
BRDA:325,41,0,0
BRDA:326,42,0,0
BRDA:327,43,0,0
BRDA:327,44,0,278
BRDA:327,44,1,278
BRDA:328,45,0,0
BRDA:328,46,0,278
BRDA:328,46,1,278
BRDA:329,47,0,0
BRDA:329,48,0,278
BRDA:329,48,1,278
BRF:68
BRH:38
end_of_record
TN:
SF:src/identity/platform/index.ts
FN:10,getMachineIdProvider
FN:44,isMacOS
FN:48,isLinux
FN:52,isWindows
FN:59,getPlatformName
FN:76,getPlatformPaths
FN:113,getPlatformValidationRules
FNF:7
FNH:1
FNDA:3,getMachineIdProvider
FNDA:0,isMacOS
FNDA:0,isLinux
FNDA:0,isWindows
FNDA:0,getPlatformName
FNDA:0,getPlatformPaths
FNDA:0,getPlatformValidationRules
DA:11,3
DA:13,3
DA:15,0
DA:17,3
DA:19,0
DA:21,0
DA:31,3
DA:45,0
DA:49,0
DA:53,0
DA:60,0
DA:61,0
DA:63,0
DA:65,0
DA:67,0
DA:69,0
DA:81,0
DA:83,0
DA:85,0
DA:91,0
DA:97,0
DA:103,0
DA:114,0
DA:116,0
DA:118,0
DA:122,0
DA:126,0
DA:130,0
LF:28
LH:4
BRDA:13,0,0,0
BRDA:13,0,1,3
BRDA:13,0,2,0
BRDA:13,0,3,0
BRDA:61,1,0,0
BRDA:61,1,1,0
BRDA:61,1,2,0
BRDA:61,1,3,0
BRDA:83,2,0,0
BRDA:83,2,1,0
BRDA:83,2,2,0
BRDA:83,2,3,0
BRDA:116,3,0,0
BRDA:116,3,1,0
BRDA:116,3,2,0
BRDA:116,3,3,0
BRF:16
BRH:1
end_of_record
TN:
SF:src/identity/platform/linux.ts
FN:19,(anonymous_0)
FN:28,(anonymous_1)
FN:77,(anonymous_2)
FN:85,(anonymous_3)
FN:106,(anonymous_4)
FN:118,(anonymous_5)
FN:132,(anonymous_6)
FNF:7
FNH:4
FNDA:6,(anonymous_0)
FNDA:48,(anonymous_1)
FNDA:161,(anonymous_2)
FNDA:48,(anonymous_3)
FNDA:0,(anonymous_4)
FNDA:0,(anonymous_5)
FNDA:0,(anonymous_6)
DA:12,6
DA:14,6
DA:20,6
DA:21,6
DA:29,48
DA:31,48
DA:32,48
DA:33,48
DA:37,0
DA:38,0
DA:39,0
DA:40,0
DA:42,0
DA:43,0
DA:47,0
DA:52,0
DA:53,0
DA:54,0
DA:57,0
DA:62,0
DA:63,0
DA:66,0
DA:78,161
DA:79,161
DA:86,48
DA:87,46
DA:90,2
DA:91,2
DA:92,2
DA:93,2
DA:94,2
DA:100,0
DA:107,0
DA:108,0
DA:109,0
DA:119,0
DA:120,0
DA:123,0
DA:133,0
DA:135,0
DA:140,0
DA:141,0
DA:147,0
DA:149,0
DA:156,0
DA:157,0
DA:163,0
DA:168,3
LF:48
LH:18
BRDA:19,0,0,6
BRDA:20,1,0,6
BRDA:20,1,1,6
BRDA:21,2,0,6
BRDA:21,2,1,6
BRDA:32,3,0,48
BRDA:40,4,0,0
BRDA:53,5,0,0
BRDA:62,6,0,0
BRDA:78,7,0,0
BRDA:86,8,0,46
BRDA:92,9,0,2
BRDA:140,10,0,0
BRDA:156,11,0,0
BRF:14
BRH:8
end_of_record
TN:
SF:src/identity/platform/macos.ts
FN:18,(anonymous_0)
FN:27,(anonymous_1)
FN:77,(anonymous_2)
FN:85,(anonymous_3)
FN:106,(anonymous_4)
FN:118,(anonymous_5)
FN:132,(anonymous_6)
FNF:7
FNH:1
FNDA:3,(anonymous_0)
FNDA:0,(anonymous_1)
FNDA:0,(anonymous_2)
FNDA:0,(anonymous_3)
FNDA:0,(anonymous_4)
FNDA:0,(anonymous_5)
FNDA:0,(anonymous_6)
DA:7,3
DA:15,3
DA:19,3
DA:20,3
DA:28,0
DA:30,0
DA:31,0
DA:32,0
DA:36,0
DA:41,0
DA:44,0
DA:45,0
DA:52,0
DA:54,0
DA:56,0
DA:57,0
DA:61,0
DA:62,0
DA:63,0
DA:66,0
DA:78,0
DA:79,0
DA:86,0
DA:87,0
DA:90,0
DA:91,0
DA:92,0
DA:93,0
DA:94,0
DA:100,0
DA:107,0
DA:108,0
DA:109,0
DA:119,0
DA:120,0
DA:123,0
DA:133,0
DA:135,0
DA:138,0
DA:139,0
DA:140,0
DA:146,0
DA:151,3
LF:43
LH:5
BRDA:18,0,0,3
BRDA:19,1,0,3
BRDA:19,1,1,3
BRDA:20,2,0,3
BRDA:20,2,1,3
BRDA:31,3,0,0
BRDA:44,4,0,0
BRDA:56,5,0,0
BRDA:62,6,0,0
BRDA:78,7,0,0
BRDA:86,8,0,0
BRDA:92,9,0,0
BRDA:139,10,0,0
BRF:13
BRH:5
end_of_record
TN:
SF:src/identity/platform/windows.ts
FN:19,(anonymous_0)
FN:28,(anonymous_1)
FN:44,(anonymous_2)
FN:81,(anonymous_3)
FN:89,(anonymous_4)
FN:110,(anonymous_5)
FN:122,(anonymous_6)
FN:136,(anonymous_7)
FN:145,(anonymous_8)
FN:174,(anonymous_9)
FNF:10
FNH:1
FNDA:3,(anonymous_0)
FNDA:0,(anonymous_1)
FNDA:0,(anonymous_2)
FNDA:0,(anonymous_3)
FNDA:0,(anonymous_4)
FNDA:0,(anonymous_5)
FNDA:0,(anonymous_6)
FNDA:0,(anonymous_7)
FNDA:0,(anonymous_8)
FNDA:0,(anonymous_9)
DA:8,3
DA:16,3
DA:20,3
DA:21,3
DA:29,0
DA:31,0
DA:32,0
DA:33,0
DA:37,0
DA:42,0
DA:44,0
DA:48,0
DA:49,0
DA:56,0
DA:58,0
DA:60,0
DA:61,0
DA:65,0
DA:66,0
DA:67,0
DA:70,0
DA:82,0
DA:83,0
DA:90,0
DA:91,0
DA:94,0
DA:95,0
DA:96,0
DA:97,0
DA:98,0
DA:104,0
DA:111,0
DA:112,0
DA:113,0
DA:123,0
DA:124,0
DA:127,0
DA:137,0
DA:139,0
DA:143,0
DA:145,0
DA:149,0
DA:150,0
DA:158,0
DA:159,0
DA:166,0
DA:168,0
DA:172,0
DA:174,0
DA:178,0
DA:179,0
DA:187,0
DA:188,0
DA:195,0
DA:200,3
LF:55
LH:5
BRDA:19,0,0,3
BRDA:20,1,0,3
BRDA:20,1,1,3
BRDA:21,2,0,3
BRDA:21,2,1,3
BRDA:32,3,0,0
BRDA:48,4,0,0
BRDA:60,5,0,0
BRDA:66,6,0,0
BRDA:82,7,0,0
BRDA:90,8,0,0
BRDA:96,9,0,0
BRDA:149,10,0,0
BRDA:149,11,0,0
BRDA:149,11,1,0
BRDA:158,12,0,0
BRDA:178,13,0,0
BRDA:178,14,0,0
BRDA:178,14,1,0
BRDA:187,15,0,0
BRF:20
BRH:5
end_of_record
TN:
SF:src/registration/manager.ts
FN:27,isInitializableStorage
FN:62,(anonymous_1)
FN:100,(anonymous_2)
FN:103,(anonymous_3)
FN:106,(anonymous_4)
FN:109,(anonymous_5)
FN:112,(anonymous_6)
FN:122,(anonymous_7)
FN:134,(anonymous_8)
FN:142,(anonymous_9)
FN:178,(anonymous_10)
FN:202,(anonymous_11)
FN:227,(anonymous_12)
FN:241,(anonymous_13)
FN:248,(anonymous_14)
FN:258,(anonymous_15)
FN:286,(anonymous_16)
FN:338,(anonymous_17)
FNF:18
FNH:14
FNDA:25,isInitializableStorage
FNDA:26,(anonymous_1)
FNDA:18,(anonymous_2)
FNDA:13,(anonymous_3)
FNDA:1,(anonymous_4)
FNDA:0,(anonymous_5)
FNDA:0,(anonymous_6)
FNDA:26,(anonymous_7)
FNDA:0,(anonymous_8)
FNDA:12,(anonymous_9)
FNDA:4,(anonymous_10)
FNDA:2,(anonymous_11)
FNDA:13,(anonymous_12)
FNDA:0,(anonymous_13)
FNDA:17,(anonymous_14)
FNDA:11,(anonymous_15)
FNDA:11,(anonymous_16)
FNDA:1,(anonymous_17)
DA:28,25
DA:63,26
DA:64,26
DA:65,26
DA:69,26
DA:70,26
DA:73,26
DA:74,0
DA:75,0
DA:82,0
DA:91,0
DA:98,26
DA:99,26
DA:101,18
DA:104,13
DA:107,1
DA:110,0
DA:123,26
DA:124,1
DA:128,25
DA:129,0
DA:133,25
DA:134,0
DA:143,12
DA:144,1
DA:150,11
DA:152,11
DA:153,0
DA:157,11
DA:160,11
DA:161,1
DA:162,1
DA:165,10
DA:167,0
DA:179,4
DA:182,4
DA:183,4
DA:184,4
DA:185,4
DA:191,4
DA:194,4
DA:195,0
DA:203,2
DA:206,2
DA:207,2
DA:208,2
DA:209,2
DA:216,2
DA:219,2
DA:220,0
DA:228,13
DA:229,13
DA:230,1
DA:235,12
DA:242,0
DA:249,17
DA:250,17
DA:251,17
DA:259,11
DA:260,11
DA:279,11
DA:280,11
DA:287,11
DA:288,7
DA:291,4
DA:292,4
DA:293,0
DA:297,4
DA:298,1
DA:302,3
DA:303,0
DA:307,3
DA:308,2
DA:314,2
DA:315,1
DA:316,2
DA:317,1
DA:323,1
DA:324,1
DA:325,1
DA:326,1
DA:332,1
DA:339,1
DA:340,1
DA:341,1
DA:343,1
DA:344,1
DA:346,1
DA:347,1
DA:348,1
DA:354,1
DA:357,1
DA:358,0
DA:363,0
LF:94
LH:78
BRDA:28,0,0,25
BRDA:28,0,1,0
BRDA:64,1,0,26
BRDA:64,1,1,5
BRDA:65,2,0,26
BRDA:65,2,1,24
BRDA:69,3,0,26
BRDA:69,3,1,26
BRDA:70,4,0,0
BRDA:70,4,1,26
BRDA:70,5,0,26
BRDA:70,5,1,1
BRDA:73,6,0,0
BRDA:73,6,1,26
BRDA:74,7,0,0
BRDA:74,7,1,0
BRDA:76,8,0,0
BRDA:76,8,1,0
BRDA:84,9,0,0
BRDA:84,9,1,0
BRDA:104,10,0,13
BRDA:104,10,1,1
BRDA:123,11,0,1
BRDA:128,12,0,0
BRDA:143,13,0,1
BRDA:152,14,0,0
BRDA:160,15,0,1
BRDA:194,16,0,0
BRDA:219,17,0,0
BRDA:229,18,0,1
BRDA:249,19,0,17
BRDA:287,20,0,7
BRDA:292,21,0,0
BRDA:297,22,0,1
BRDA:297,23,0,4
BRDA:297,23,1,2
BRDA:302,24,0,0
BRDA:302,25,0,3
BRDA:302,25,1,0
BRDA:307,26,0,2
BRDA:309,27,0,2
BRDA:309,27,1,0
BRDA:310,28,0,2
BRDA:310,28,1,0
BRDA:314,29,0,1
BRDA:316,30,0,1
BRDA:323,31,0,1
BRDA:325,32,0,1
BRDA:344,33,0,1
BRDA:357,34,0,0
BRF:50
BRH:31
end_of_record
TN:
SF:src/registration/storage.ts
FN:33,(anonymous_0)
FN:43,(anonymous_1)
FN:62,(anonymous_2)
FN:74,(anonymous_3)
FN:82,(anonymous_4)
FN:98,(anonymous_5)
FN:119,(anonymous_6)
FN:136,(anonymous_7)
FN:137,(anonymous_8)
FN:155,(anonymous_9)
FN:173,(anonymous_10)
FN:182,(anonymous_11)
FN:186,(anonymous_12)
FN:197,(anonymous_13)
FN:204,(anonymous_14)
FN:236,(anonymous_15)
FN:249,(anonymous_16)
FNF:17
FNH:16
FNDA:13,(anonymous_0)
FNDA:12,(anonymous_1)
FNDA:10,(anonymous_2)
FNDA:2,(anonymous_3)
FNDA:1,(anonymous_4)
FNDA:3,(anonymous_5)
FNDA:27,(anonymous_6)
FNDA:28,(anonymous_7)
FNDA:28,(anonymous_8)
FNDA:4,(anonymous_9)
FNDA:13,(anonymous_10)
FNDA:2,(anonymous_11)
FNDA:1,(anonymous_12)
FNDA:17,(anonymous_13)
FNDA:0,(anonymous_14)
FNDA:29,(anonymous_15)
FNDA:29,(anonymous_16)
DA:34,13
DA:35,13
DA:36,13
DA:37,13
DA:44,12
DA:46,12
DA:49,12
DA:51,0
DA:63,10
DA:64,10
DA:70,10
DA:71,10
DA:72,10
DA:74,1
DA:75,2
DA:79,1
DA:82,1
DA:87,0
DA:99,3
DA:100,3
DA:103,1
DA:105,2
DA:106,2
DA:108,0
DA:120,27
DA:122,27
DA:123,27
DA:124,27
DA:127,13
DA:128,13
DA:130,0
DA:134,14
DA:136,28
DA:137,28
DA:142,14
DA:144,0
DA:156,4
DA:157,4
DA:159,1
DA:160,1
DA:162,0
DA:174,13
DA:176,13
DA:177,13
DA:180,13
DA:183,2
DA:184,2
DA:186,1
DA:190,0
DA:198,17
DA:206,0
DA:207,0
DA:208,0
DA:209,0
DA:210,0
DA:211,0
DA:212,0
DA:213,0
DA:216,0
DA:217,0
DA:218,0
DA:219,0
DA:222,0
DA:223,0
DA:224,0
DA:225,0
DA:228,0
DA:229,0
DA:230,0
DA:233,0
DA:237,29
DA:249,29
LF:72
LH:45
BRDA:36,0,0,13
BRDA:36,0,1,0
BRDA:70,1,0,10
BRDA:72,2,0,1
BRDA:105,3,0,2
BRDA:105,4,0,2
BRDA:105,4,1,2
BRDA:127,5,0,13
BRDA:127,6,0,13
BRDA:127,6,1,13
BRDA:159,7,0,1
BRDA:159,8,0,1
BRDA:159,8,1,1
BRDA:206,9,0,0
BRDA:206,10,0,0
BRDA:206,10,1,0
BRDA:207,11,0,0
BRDA:207,12,0,0
BRDA:207,12,1,0
BRDA:208,13,0,0
BRDA:208,14,0,0
BRDA:208,14,1,0
BRDA:209,15,0,0
BRDA:209,16,0,0
BRDA:209,16,1,0
BRDA:210,17,0,0
BRDA:211,18,0,0
BRDA:212,19,0,0
BRDA:213,20,0,0
BRDA:217,21,0,0
BRDA:217,22,0,0
BRDA:217,22,1,0
BRDA:218,23,0,0
BRDA:218,24,0,0
BRDA:218,24,1,0
BRDA:219,25,0,0
BRDA:223,26,0,0
BRDA:223,27,0,0
BRDA:223,27,1,0
BRDA:224,28,0,0
BRDA:224,29,0,0
BRDA:224,29,1,0
BRDA:225,30,0,0
BRDA:229,31,0,0
BRDA:230,32,0,0
BRDA:230,33,0,0
BRDA:230,33,1,0
BRDA:239,34,0,0
BRDA:239,34,1,29
BRDA:240,35,0,0
BRDA:240,35,1,29
BRDA:243,36,0,0
BRDA:243,36,1,29
BRDA:247,37,0,0
BRDA:247,37,1,29
BRDA:249,38,0,29
BRDA:249,38,1,0
BRDA:251,39,0,0
BRDA:251,39,1,29
BRF:59
BRH:18
end_of_record
TN:
SF:src/registration/types.ts
FN:8,(anonymous_0)
FN:66,(anonymous_1)
FN:80,(anonymous_2)
FN:145,(anonymous_3)
FNF:4
FNH:4
FNDA:2,(anonymous_0)
FNDA:2,(anonymous_1)
FNDA:2,(anonymous_2)
FNDA:2,(anonymous_3)
DA:8,2
DA:9,2
DA:10,2
DA:11,2
DA:12,2
DA:66,2
DA:67,2
DA:68,2
DA:69,2
DA:70,2
DA:71,2
DA:72,2
DA:73,2
DA:81,2
DA:83,2
DA:85,2
DA:86,2
DA:145,2
DA:146,2
DA:147,2
DA:148,2
DA:149,2
DA:150,2
DA:151,2
LF:24
LH:24
BRDA:8,0,0,2
BRDA:8,0,1,2
BRDA:66,1,0,2
BRDA:66,1,1,2
BRDA:145,2,0,2
BRDA:145,2,1,2
BRF:6
BRH:6
end_of_record
TN:
SF:src/security/access.ts
FN:24,(anonymous_0)
FN:33,(anonymous_1)
FN:55,(anonymous_2)
FN:119,(anonymous_3)
FN:141,(anonymous_4)
FN:142,(anonymous_5)
FN:155,(anonymous_6)
FN:163,(anonymous_7)
FN:187,(anonymous_8)
FN:188,(anonymous_9)
FN:200,(anonymous_10)
FN:201,(anonymous_11)
FN:227,(anonymous_12)
FN:241,(anonymous_13)
FN:243,(anonymous_14)
FN:249,(anonymous_15)
FN:257,(anonymous_16)
FN:263,(anonymous_17)
FN:281,(anonymous_18)
FN:319,(anonymous_19)
FN:339,(anonymous_20)
FN:366,(anonymous_21)
FNF:22
FNH:19
FNDA:23,(anonymous_0)
FNDA:23,(anonymous_1)
FNDA:15,(anonymous_2)
FNDA:18,(anonymous_3)
FNDA:0,(anonymous_4)
FNDA:0,(anonymous_5)
FNDA:23,(anonymous_6)
FNDA:21,(anonymous_7)
FNDA:3,(anonymous_8)
FNDA:4,(anonymous_9)
FNDA:6,(anonymous_10)
FNDA:15,(anonymous_11)
FNDA:6,(anonymous_12)
FNDA:12,(anonymous_13)
FNDA:48,(anonymous_14)
FNDA:23,(anonymous_15)
FNDA:0,(anonymous_16)
FNDA:18,(anonymous_17)
FNDA:4,(anonymous_18)
FNDA:16,(anonymous_19)
FNDA:10,(anonymous_20)
FNDA:4,(anonymous_21)
DA:25,23
DA:26,22
DA:27,22
DA:45,23
DA:47,23
DA:50,22
DA:51,7
DA:55,15
DA:57,15
DA:58,0
DA:62,15
DA:64,12
DA:65,3
DA:66,3
DA:69,3
DA:70,3
DA:71,3
DA:72,3
DA:73,3
DA:74,3
DA:76,3
DA:77,1
DA:82,2
DA:83,1
DA:88,10
DA:89,6
DA:90,3
DA:95,7
DA:96,3
DA:97,1
DA:102,9
DA:105,1
DA:106,0
DA:108,1
DA:120,18
DA:122,18
DA:125,14
DA:127,4
DA:128,4
DA:130,0
DA:142,0
DA:143,0
DA:163,23
DA:165,21
DA:166,2
DA:170,18
DA:171,1
DA:173,17
DA:174,1
DA:176,16
DA:177,1
DA:180,15
DA:188,3
DA:190,4
DA:191,4
DA:192,4
DA:193,3
DA:201,6
DA:203,15
DA:204,6
DA:208,9
DA:209,5
DA:216,5
DA:220,4
DA:228,6
DA:229,6
DA:231,6
DA:232,6
DA:233,6
DA:235,6
DA:242,12
DA:243,48
DA:250,23
DA:251,1
DA:257,22
DA:265,18
DA:266,1
DA:273,17
DA:274,3
DA:275,0
DA:281,3
DA:282,4
DA:283,0
DA:292,17
DA:294,11
DA:295,5
DA:297,5
DA:298,1
DA:304,4
DA:305,0
DA:311,4
DA:312,4
DA:313,0
DA:319,4
DA:320,16
DA:321,1
DA:331,9
DA:332,4
DA:333,0
DA:339,4
DA:340,10
DA:341,0
DA:348,10
DA:349,1
DA:358,8
DA:359,2
DA:360,0
DA:366,2
DA:367,4
DA:368,0
LF:110
LH:97
BRDA:50,0,0,7
BRDA:57,1,0,0
BRDA:62,2,0,12
BRDA:64,3,0,3
BRDA:65,4,0,3
BRDA:65,4,1,0
BRDA:69,5,0,3
BRDA:69,6,0,3
BRDA:69,6,1,3
BRDA:73,7,0,3
BRDA:73,7,1,3
BRDA:74,8,0,3
BRDA:74,8,1,3
BRDA:76,9,0,1
BRDA:76,10,0,3
BRDA:76,10,1,3
BRDA:82,11,0,1
BRDA:82,12,0,2
BRDA:82,12,1,2
BRDA:88,13,0,6
BRDA:88,14,0,10
BRDA:88,14,1,6
BRDA:89,15,0,3
BRDA:95,16,0,3
BRDA:95,17,0,7
BRDA:95,17,1,3
BRDA:96,18,0,1
BRDA:105,19,0,0
BRDA:127,20,0,4
BRDA:143,21,0,0
BRDA:143,21,1,0
BRDA:143,21,2,0
BRDA:143,21,3,0
BRDA:143,21,4,0
BRDA:143,21,5,0
BRDA:165,22,0,2
BRDA:165,23,0,21
BRDA:165,23,1,3
BRDA:170,24,0,1
BRDA:170,25,0,18
BRDA:170,25,1,2
BRDA:173,26,0,1
BRDA:173,27,0,17
BRDA:173,27,1,2
BRDA:176,28,0,1
BRDA:176,29,0,16
BRDA:176,29,1,2
BRDA:203,30,0,6
BRDA:208,31,0,5
BRDA:250,32,0,1
BRDA:265,33,0,1
BRDA:273,34,0,3
BRDA:274,35,0,0
BRDA:282,36,0,0
BRDA:292,37,0,11
BRDA:294,38,0,5
BRDA:297,39,0,1
BRDA:297,40,0,5
BRDA:297,40,1,4
BRDA:304,41,0,0
BRDA:304,42,0,4
BRDA:304,42,1,3
BRDA:311,43,0,4
BRDA:312,44,0,0
BRDA:320,45,0,1
BRDA:320,46,0,16
BRDA:320,46,1,16
BRDA:320,46,2,16
BRDA:331,47,0,4
BRDA:332,48,0,0
BRDA:340,49,0,0
BRDA:348,50,0,1
BRDA:348,51,0,10
BRDA:348,51,1,4
BRDA:358,52,0,2
BRDA:359,53,0,0
BRDA:367,54,0,0
BRF:77
BRH:60
end_of_record
TN:
SF:src/security/audit.ts
FN:37,(anonymous_0)
FN:48,(anonymous_1)
FN:77,(anonymous_2)
FN:111,(anonymous_3)
FN:118,(anonymous_4)
FN:119,(anonymous_5)
FN:131,(anonymous_6)
FN:148,(anonymous_7)
FN:156,(anonymous_8)
FN:162,(anonymous_9)
FN:170,(anonymous_10)
FN:182,(anonymous_11)
FN:213,(anonymous_12)
FN:230,(anonymous_13)
FN:237,(anonymous_14)
FNF:15
FNH:13
FNDA:17,(anonymous_0)
FNDA:19,(anonymous_1)
FNDA:11,(anonymous_2)
FNDA:16,(anonymous_3)
FNDA:16,(anonymous_4)
FNDA:16,(anonymous_5)
FNDA:19,(anonymous_6)
FNDA:0,(anonymous_7)
FNDA:16,(anonymous_8)
FNDA:2,(anonymous_9)
FNDA:3,(anonymous_10)
FNDA:19,(anonymous_11)
FNDA:8,(anonymous_12)
FNDA:7,(anonymous_13)
FNDA:0,(anonymous_14)
DA:38,17
DA:39,17
DA:40,17
DA:41,17
DA:42,17
DA:49,19
DA:50,19
DA:51,2
DA:55,17
DA:58,16
DA:61,16
DA:64,16
DA:66,1
DA:78,11
DA:79,11
DA:80,1
DA:84,10
DA:90,10
DA:93,10
DA:94,8
DA:95,8
DA:96,1
DA:100,0
DA:112,16
DA:113,15
DA:114,15
DA:117,16
DA:118,16
DA:119,16
DA:120,16
DA:121,16
DA:124,16
DA:133,19
DA:134,3
DA:138,19
DA:139,19
DA:142,19
DA:148,19
DA:149,0
DA:157,16
DA:158,0
DA:161,16
DA:162,2
DA:171,3
DA:172,3
DA:173,3
DA:175,0
DA:183,19
DA:184,19
DA:187,19
DA:188,19
DA:191,19
DA:192,5
DA:193,0
DA:196,5
DA:197,5
DA:198,5
DA:201,5
DA:202,0
DA:206,0
DA:214,8
DA:215,0
DA:218,8
DA:219,8
DA:220,8
DA:222,0
DA:223,0
DA:231,7
DA:238,0
LF:69
LH:58
BRDA:42,0,0,17
BRDA:42,0,1,5
BRDA:50,1,0,2
BRDA:79,2,0,1
BRDA:79,3,0,11
BRDA:79,3,1,10
BRDA:93,4,0,8
BRDA:95,5,0,1
BRDA:95,6,0,8
BRDA:95,6,1,8
BRDA:112,7,0,15
BRDA:117,8,0,16
BRDA:120,9,0,0
BRDA:120,9,1,16
BRDA:133,10,0,3
BRDA:157,11,0,0
BRDA:192,12,0,0
BRDA:192,13,0,5
BRDA:192,13,1,5
BRDA:201,14,0,0
BRDA:214,15,0,0
BRF:21
BRH:16
end_of_record
TN:
SF:src/security/encryption.ts
FN:32,(anonymous_0)
FN:41,(anonymous_1)
FN:60,(anonymous_2)
FN:133,(anonymous_3)
FN:192,(anonymous_4)
FN:238,(anonymous_5)
FN:248,(anonymous_6)
FNF:7
FNH:7
FNDA:22,(anonymous_0)
FNDA:18,(anonymous_1)
FNDA:9,(anonymous_2)
FNDA:8,(anonymous_3)
FNDA:33,(anonymous_4)
FNDA:36,(anonymous_5)
FNDA:22,(anonymous_6)
DA:12,1
DA:13,1
DA:33,22
DA:34,19
DA:35,19
DA:42,18
DA:44,18
DA:49,0
DA:61,9
DA:62,9
DA:63,1
DA:70,8
DA:71,8
DA:74,8
DA:79,8
DA:81,0
DA:85,8
DA:89,8
DA:95,8
DA:100,8
DA:113,8
DA:114,7
DA:117,8
DA:119,1
DA:120,1
DA:122,0
DA:134,8
DA:135,8
DA:136,0
DA:143,8
DA:144,1
DA:151,7
DA:152,7
DA:153,7
DA:154,7
DA:159,7
DA:163,7
DA:166,7
DA:167,6
DA:171,6
DA:176,5
DA:178,3
DA:179,1
DA:181,2
DA:193,33
DA:194,33
DA:196,30
DA:205,3
DA:212,0
DA:218,0
DA:224,0
DA:225,0
DA:227,0
DA:239,36
DA:249,22
DA:250,0
DA:256,22
DA:257,1
DA:263,21
DA:264,0
DA:270,21
DA:271,0
DA:277,21
DA:278,0
DA:284,21
DA:285,20
DA:286,0
DA:293,21
DA:294,21
DA:296,19
DA:297,1
DA:302,18
DA:305,1
DA:306,0
DA:311,1
DA:312,0
DA:317,1
DA:318,0
DA:323,1
DA:326,1
LF:80
LH:63
BRDA:46,0,0,18
BRDA:46,0,1,0
BRDA:62,1,0,1
BRDA:71,2,0,8
BRDA:71,2,1,0
BRDA:79,3,0,0
BRDA:79,3,1,8
BRDA:82,4,0,0
BRDA:82,4,1,0
BRDA:95,5,0,7
BRDA:95,5,1,1
BRDA:113,6,0,7
BRDA:119,7,0,1
BRDA:135,8,0,0
BRDA:143,9,0,1
BRDA:154,10,0,6
BRDA:154,10,1,1
BRDA:166,11,0,6
BRDA:166,12,0,7
BRDA:166,12,1,6
BRDA:178,13,0,1
BRDA:194,14,0,30
BRDA:194,14,1,3
BRDA:194,14,2,0
BRDA:194,14,3,0
BRDA:199,15,0,30
BRDA:199,15,1,0
BRDA:224,16,0,0
BRDA:249,17,0,0
BRDA:256,18,0,1
BRDA:263,19,0,0
BRDA:270,20,0,0
BRDA:270,21,0,21
BRDA:270,21,1,21
BRDA:277,22,0,0
BRDA:277,23,0,21
BRDA:277,23,1,21
BRDA:284,24,0,20
BRDA:285,25,0,0
BRDA:285,26,0,20
BRDA:285,26,1,20
BRDA:285,26,2,20
BRDA:294,27,0,19
BRDA:294,27,1,1
BRDA:294,27,2,1
BRDA:296,28,0,1
BRDA:296,29,0,19
BRDA:296,29,1,19
BRDA:305,30,0,0
BRDA:305,31,0,1
BRDA:305,31,1,1
BRDA:311,32,0,0
BRDA:311,33,0,1
BRDA:311,33,1,1
BRDA:317,34,0,0
BRDA:317,35,0,1
BRDA:317,35,1,1
BRF:57
BRH:39
end_of_record
TN:
SF:src/security/ratelimit.ts
FN:36,(anonymous_0)
FN:40,(anonymous_1)
FN:44,(anonymous_2)
FN:48,(anonymous_3)
FN:52,(anonymous_4)
FN:72,(anonymous_5)
FN:81,(anonymous_6)
FN:88,(anonymous_7)
FN:96,(anonymous_8)
FN:120,(anonymous_9)
FN:137,(anonymous_10)
FN:139,(anonymous_11)
FN:162,(anonymous_12)
FN:183,(anonymous_13)
FN:197,(anonymous_14)
FN:207,(anonymous_15)
FN:227,(anonymous_16)
FN:235,(anonymous_17)
FN:259,(anonymous_18)
FN:305,(anonymous_19)
FN:339,(anonymous_20)
FN:358,(anonymous_21)
FNF:22
FNH:17
FNDA:21,(anonymous_0)
FNDA:4,(anonymous_1)
FNDA:2,(anonymous_2)
FNDA:0,(anonymous_3)
FNDA:0,(anonymous_4)
FNDA:22,(anonymous_5)
FNDA:21,(anonymous_6)
FNDA:0,(anonymous_7)
FNDA:15,(anonymous_8)
FNDA:0,(anonymous_9)
FNDA:2,(anonymous_10)
FNDA:0,(anonymous_11)
FNDA:18,(anonymous_12)
FNDA:2,(anonymous_13)
FNDA:12,(anonymous_14)
FNDA:22,(anonymous_15)
FNDA:23,(anonymous_16)
FNDA:31,(anonymous_17)
FNDA:2,(anonymous_18)
FNDA:2,(anonymous_19)
FNDA:4,(anonymous_20)
FNDA:31,(anonymous_21)
DA:37,21
DA:41,4
DA:45,2
DA:49,0
DA:53,0
DA:54,0
DA:55,0
DA:56,0
DA:73,22
DA:74,22
DA:75,22
DA:82,21
DA:83,2
DA:87,19
DA:88,0
DA:108,15
DA:110,15
DA:111,15
DA:112,5
DA:113,5
DA:120,0
DA:121,0
DA:128,10
DA:129,8
DA:136,2
DA:137,2
DA:139,2
DA:140,0
DA:141,0
DA:142,0
DA:145,2
DA:151,0
DA:170,18
DA:171,18
DA:172,10
DA:176,8
DA:177,8
DA:178,6
DA:182,2
DA:183,2
DA:186,0
DA:198,12
DA:199,11
DA:200,11
DA:208,22
DA:210,21
DA:212,0
DA:217,1
DA:235,23
DA:237,31
DA:238,27
DA:242,4
DA:243,0
DA:245,4
DA:246,0
DA:248,4
DA:249,0
DA:252,4
DA:272,2
DA:273,2
DA:276,2
DA:277,1
DA:285,1
DA:286,0
DA:287,0
DA:295,1
DA:313,2
DA:314,2
DA:316,2
DA:318,2
DA:329,0
DA:347,4
DA:360,31
DA:361,31
DA:362,31
DA:363,31
LF:76
LH:56
BRDA:41,0,0,4
BRDA:41,0,1,3
BRDA:55,1,0,0
BRDA:82,2,0,2
BRDA:111,3,0,5
BRDA:112,4,0,5
BRDA:124,5,0,0
BRDA:124,5,1,0
BRDA:128,6,0,8
BRDA:140,7,0,0
BRDA:141,8,0,0
BRDA:142,9,0,0
BRDA:142,9,1,0
BRDA:171,10,0,10
BRDA:177,11,0,6
BRDA:198,12,0,11
BRDA:208,13,0,21
BRDA:208,13,1,0
BRDA:208,13,2,1
BRDA:237,14,0,27
BRDA:242,15,0,0
BRDA:242,16,0,4
BRDA:242,16,1,0
BRDA:245,17,0,0
BRDA:245,18,0,4
BRDA:245,18,1,0
BRDA:248,19,0,0
BRDA:248,20,0,4
BRDA:248,20,1,0
BRDA:276,21,0,1
BRDA:285,22,0,0
BRDA:316,23,0,2
BRDA:316,23,1,0
BRDA:316,24,0,2
BRDA:316,24,1,0
BRDA:349,25,0,4
BRDA:349,25,1,4
BRDA:350,26,0,4
BRDA:350,26,1,4
BRDA:351,27,0,4
BRDA:351,27,1,4
BRF:41
BRH:24
end_of_record
TN:
SF:src/security/types.ts
FN:8,(anonymous_0)
FN:17,(anonymous_1)
FN:61,(anonymous_2)
FN:77,(anonymous_3)
FN:90,(anonymous_4)
FN:165,(anonymous_5)
FNF:6
FNH:6
FNDA:4,(anonymous_0)
FNDA:4,(anonymous_1)
FNDA:4,(anonymous_2)
FNDA:15,(anonymous_3)
FNDA:4,(anonymous_4)
FNDA:4,(anonymous_5)
DA:8,4
DA:9,4
DA:10,4
DA:11,4
DA:17,4
DA:18,4
DA:19,4
DA:20,4
DA:61,4
DA:62,4
DA:63,4
DA:64,4
DA:65,4
DA:66,4
DA:67,4
DA:68,4
DA:69,4
DA:70,4
DA:78,15
DA:80,15
DA:82,15
DA:83,15
DA:90,4
DA:91,4
DA:92,4
DA:93,4
DA:94,4
DA:165,4
DA:166,4
DA:167,4
DA:168,4
DA:169,4
DA:170,4
LF:33
LH:33
BRDA:8,0,0,4
BRDA:8,0,1,4
BRDA:17,1,0,4
BRDA:17,1,1,4
BRDA:61,2,0,4
BRDA:61,2,1,4
BRDA:90,3,0,4
BRDA:90,3,1,4
BRDA:165,4,0,4
BRDA:165,4,1,4
BRF:10
BRH:10
end_of_record
TN:
SF:src/storage/clientStorage.ts
FN:17,(anonymous_0)
FN:29,(anonymous_1)
FN:48,(anonymous_2)
FN:57,(anonymous_3)
FN:75,(anonymous_4)
FN:105,(anonymous_5)
FN:137,(anonymous_6)
FN:165,(anonymous_7)
FN:173,(anonymous_8)
FN:208,(anonymous_9)
FNF:10
FNH:1
FNDA:1,(anonymous_0)
FNDA:0,(anonymous_1)
FNDA:0,(anonymous_2)
FNDA:0,(anonymous_3)
FNDA:0,(anonymous_4)
FNDA:0,(anonymous_5)
FNDA:0,(anonymous_6)
FNDA:0,(anonymous_7)
FNDA:0,(anonymous_8)
FNDA:0,(anonymous_9)
DA:17,1
DA:18,1
DA:19,1
DA:20,1
DA:21,1
DA:22,1
DA:30,0
DA:32,0
DA:34,0
DA:35,0
DA:49,0
DA:50,0
DA:51,0
DA:58,0
DA:59,0
DA:60,0
DA:61,0
DA:63,0
DA:64,0
DA:76,0
DA:77,0
DA:79,0
DA:82,0
DA:85,0
DA:91,0
DA:93,0
DA:94,0
DA:106,0
DA:107,0
DA:109,0
DA:112,0
DA:115,0
DA:116,0
DA:117,0
DA:120,0
DA:121,0
DA:122,0
DA:125,0
DA:126,0
DA:138,0
DA:139,0
DA:141,0
DA:144,0
DA:146,0
DA:149,0
DA:150,0
DA:151,0
DA:156,0
DA:157,0
DA:166,0
DA:167,0
DA:170,0
DA:173,0
DA:175,0
DA:178,0
DA:179,0
DA:180,0
DA:181,0
DA:182,0
DA:183,0
DA:187,0
DA:188,0
DA:191,0
DA:192,0
DA:193,0
DA:196,0
DA:197,0
DA:209,0
LF:68
LH:6
BRDA:17,0,0,1
BRDA:17,0,1,1
BRDA:50,1,0,0
BRDA:50,1,1,0
BRDA:120,2,0,0
BRDA:120,3,0,0
BRDA:120,3,1,0
BRDA:120,3,2,0
BRDA:149,4,0,0
BRDA:149,4,1,0
BRDA:149,5,0,0
BRDA:149,5,1,0
BRDA:149,5,2,0
BRDA:156,6,0,0
BRDA:156,7,0,0
BRDA:156,7,1,0
BRDA:156,7,2,0
BRDA:182,8,0,0
BRDA:191,9,0,0
BRDA:191,10,0,0
BRDA:191,10,1,0
BRDA:191,10,2,0
BRF:22
BRH:2
end_of_record
TN:
SF:src/storage/encryption.ts
FN:21,(anonymous_0)
FN:32,(anonymous_1)
FN:54,(anonymous_2)
FN:102,(anonymous_3)
FN:141,(anonymous_4)
FN:176,(anonymous_5)
FN:210,(anonymous_6)
FN:237,(anonymous_7)
FNF:8
FNH:0
FNDA:0,(anonymous_0)
FNDA:0,(anonymous_1)
FNDA:0,(anonymous_2)
FNDA:0,(anonymous_3)
FNDA:0,(anonymous_4)
FNDA:0,(anonymous_5)
FNDA:0,(anonymous_6)
FNDA:0,(anonymous_7)
DA:9,5
DA:25,0
DA:26,0
DA:33,0
DA:35,0
DA:37,0
DA:39,0
DA:41,0
DA:55,0
DA:56,0
DA:62,0
DA:64,0
DA:67,0
DA:76,0
DA:82,0
DA:84,0
DA:90,0
DA:103,0
DA:104,0
DA:110,0
DA:112,0
DA:121,0
DA:124,0
DA:129,0
DA:142,0
DA:144,0
DA:147,0
DA:156,0
DA:162,0
DA:164,0
DA:177,0
DA:179,0
DA:182,0
DA:183,0
DA:186,0
DA:187,0
DA:193,0
DA:195,0
DA:196,0
DA:198,0
DA:211,0
DA:212,0
DA:218,0
DA:220,0
DA:223,0
DA:225,0
DA:238,0
LF:47
LH:1
BRDA:23,0,0,0
BRDA:37,1,0,0
BRDA:37,1,1,0
BRDA:55,2,0,0
BRDA:103,3,0,0
BRDA:186,4,0,0
BRDA:195,5,0,0
BRDA:211,6,0,0
BRF:8
BRH:0
end_of_record
TN:
SF:src/storage/persistentStorage.ts
FN:35,(anonymous_0)
FN:42,(anonymous_1)
FN:49,(anonymous_2)
FN:84,(anonymous_3)
FN:89,(anonymous_4)
FN:149,(anonymous_5)
FN:216,(anonymous_6)
FN:242,(anonymous_7)
FN:274,(anonymous_8)
FN:291,(anonymous_9)
FN:298,(anonymous_10)
FN:316,(anonymous_11)
FN:325,(anonymous_12)
FN:333,(anonymous_13)
FN:352,(anonymous_14)
FN:359,(anonymous_15)
FN:360,(anonymous_16)
FN:366,(anonymous_17)
FNF:18
FNH:11
FNDA:59,(anonymous_0)
FNDA:0,(anonymous_1)
FNDA:49,(anonymous_2)
FNDA:223,(anonymous_3)
FNDA:67,(anonymous_4)
FNDA:89,(anonymous_5)
FNDA:0,(anonymous_6)
FNDA:8,(anonymous_7)
FNDA:89,(anonymous_8)
FNDA:0,(anonymous_9)
FNDA:0,(anonymous_10)
FNDA:228,(anonymous_11)
FNDA:139,(anonymous_12)
FNDA:320,(anonymous_13)
FNDA:0,(anonymous_14)
FNDA:388,(anonymous_15)
FNDA:0,(anonymous_16)
FNDA:0,(anonymous_17)
DA:19,5
DA:33,59
DA:36,59
DA:43,0
DA:50,49
DA:52,49
DA:55,49
DA:56,0
DA:62,0
DA:66,49
DA:72,0
DA:85,223
DA:87,223
DA:89,223
DA:90,223
DA:91,17
DA:93,17
DA:98,17
DA:102,206
DA:105,139
DA:110,139
DA:113,139
DA:114,0
DA:121,139
DA:128,139
DA:130,67
DA:131,67
DA:137,0
DA:150,89
DA:152,89
DA:154,89
DA:155,89
DA:158,89
DA:165,89
DA:172,89
DA:175,89
DA:179,89
DA:181,89
DA:182,89
DA:185,89
DA:188,0
DA:192,89
DA:193,89
DA:197,89
DA:204,0
DA:217,0
DA:219,0
DA:222,0
DA:225,0
DA:227,0
DA:228,0
DA:230,0
DA:243,8
DA:245,8
DA:246,8
DA:249,5
DA:255,3
DA:256,3
DA:262,0
DA:275,89
DA:277,89
DA:278,89
DA:279,89
DA:281,89
DA:283,89
DA:286,89
DA:289,0
DA:290,0
DA:291,0
DA:292,0
DA:294,0
DA:296,0
DA:297,0
DA:298,0
DA:304,89
DA:317,228
DA:326,139
DA:327,139
DA:334,320
DA:335,320
DA:338,320
DA:339,0
DA:346,320
DA:353,0
DA:360,388
DA:367,0
DA:368,0
DA:370,0
LF:88
LH:59
BRDA:35,0,0,0
BRDA:55,1,0,0
BRDA:90,2,0,17
BRDA:90,3,0,223
BRDA:90,3,1,156
BRDA:105,4,0,0
BRDA:105,4,1,139
BRDA:113,5,0,0
BRDA:130,6,0,67
BRDA:175,7,0,0
BRDA:175,7,1,89
BRDA:179,8,0,89
BRDA:179,8,1,0
BRDA:192,9,0,89
BRDA:227,10,0,0
BRDA:255,11,0,3
BRDA:275,12,0,0
BRDA:289,13,0,0
BRDA:292,14,0,0
BRDA:338,15,0,0
BRDA:367,16,0,0
BRF:21
BRH:9
end_of_record
TN:
SF:src/storage/types.ts
FN:114,(anonymous_0)
FN:134,(anonymous_1)
FN:147,(anonymous_2)
FNF:3
FNH:3
FNDA:5,(anonymous_0)
FNDA:5,(anonymous_1)
FNDA:70,(anonymous_2)
DA:114,5
DA:115,5
DA:116,5
DA:117,5
DA:118,5
DA:119,5
DA:120,5
DA:134,5
DA:135,5
DA:136,5
DA:137,5
DA:138,5
DA:139,5
DA:140,5
DA:141,5
DA:142,5
DA:143,5
DA:148,70
DA:150,70
DA:151,70
DA:153,70
DA:154,70
LF:22
LH:22
BRDA:114,0,0,5
BRDA:114,0,1,5
BRDA:134,1,0,5
BRDA:134,1,1,5
BRF:4
BRH:4
end_of_record
TN:
SF:src/utils/logger.ts
FN:4,(anonymous_0)
FN:29,(anonymous_1)
FN:42,(anonymous_2)
FN:49,(anonymous_3)
FN:56,(anonymous_4)
FN:63,(anonymous_5)
FN:74,(anonymous_6)
FN:97,(anonymous_7)
FN:122,(anonymous_8)
FN:142,(anonymous_9)
FN:160,(anonymous_10)
FN:172,(anonymous_11)
FN:179,(anonymous_12)
FN:186,(anonymous_13)
FNF:14
FNH:2
FNDA:1,(anonymous_0)
FNDA:1,(anonymous_1)
FNDA:0,(anonymous_2)
FNDA:0,(anonymous_3)
FNDA:0,(anonymous_4)
FNDA:0,(anonymous_5)
FNDA:0,(anonymous_6)
FNDA:0,(anonymous_7)
FNDA:0,(anonymous_8)
FNDA:0,(anonymous_9)
FNDA:0,(anonymous_10)
FNDA:0,(anonymous_11)
FNDA:0,(anonymous_12)
FNDA:0,(anonymous_13)
DA:4,1
DA:5,1
DA:6,1
DA:7,1
DA:8,1
DA:30,1
DA:43,0
DA:50,0
DA:57,0
DA:64,0
DA:65,0
DA:67,0
DA:76,0
DA:77,0
DA:81,0
DA:84,0
DA:85,0
DA:89,0
DA:98,0
DA:101,0
DA:102,0
DA:106,0
DA:109,0
DA:110,0
DA:114,0
DA:116,0
DA:123,0
DA:125,0
DA:126,0
DA:128,0
DA:129,0
DA:131,0
DA:132,0
DA:134,0
DA:135,0
DA:143,0
DA:145,0
DA:147,0
DA:149,0
DA:151,0
DA:153,0
DA:161,0
DA:173,0
DA:180,0
DA:187,0
DA:192,1
LF:46
LH:7
BRDA:4,0,0,1
BRDA:4,0,1,1
BRDA:29,1,0,1
BRDA:64,2,0,0
BRDA:64,2,1,0
BRDA:76,3,0,0
BRDA:84,4,0,0
BRDA:89,5,0,0
BRDA:101,6,0,0
BRDA:109,7,0,0
BRDA:123,8,0,0
BRDA:123,8,1,0
BRDA:123,8,2,0
BRDA:123,8,3,0
BRDA:143,9,0,0
BRDA:143,9,1,0
BRDA:143,9,2,0
BRDA:143,9,3,0
BRDA:143,9,4,0
BRDA:163,10,0,0
BRDA:163,10,1,0
BRF:21
BRH:3
end_of_record
